[0.034s] Invoking command in '/home/gun/FUN4/build/fun4_interfaces': CMAKE_PREFIX_PATH=${CMAKE_PREFIX_PATH}:/home/gun/ros2_ws/install/turtlesim_catch_them_all:/home/gun/ros2_ws/install/my_py_pkg:/home/gun/ros2_ws/install/actions_py:/opt/ros/humble /usr/bin/cmake --build /home/gun/FUN4/build/fun4_interfaces -- -j8 -l8
[0.127s] [  3%] Built target fun4_interfaces__cpp
[0.134s] [ 12%] Built target fun4_interfaces__rosidl_generator_c
[0.152s] [ 12%] Built target ament_cmake_python_copy_fun4_interfaces
[0.179s] [ 22%] Built target fun4_interfaces__rosidl_typesupport_fastrtps_cpp
[0.187s] [ 32%] Built target fun4_interfaces__rosidl_typesupport_introspection_cpp
[0.197s] [ 41%] Built target fun4_interfaces__rosidl_typesupport_cpp
[0.199s] [ 51%] Built target fun4_interfaces__rosidl_typesupport_c
[0.203s] [ 61%] Built target fun4_interfaces__rosidl_typesupport_fastrtps_c
[0.206s] [ 70%] Built target fun4_interfaces__rosidl_typesupport_introspection_c
[0.249s] [ 70%] Built target fun4_interfaces
[0.292s] [ 74%] Built target fun4_interfaces__py
[0.341s] [ 80%] Built target fun4_interfaces__rosidl_generator_py
[0.395s] [ 87%] Built target fun4_interfaces__rosidl_typesupport_c__pyext
[0.399s] [ 93%] Built target fun4_interfaces__rosidl_typesupport_fastrtps_c__pyext
[0.407s] [100%] Built target fun4_interfaces__rosidl_typesupport_introspection_c__pyext
[0.657s] running egg_info
[0.692s] writing fun4_interfaces.egg-info/PKG-INFO
[0.693s] writing dependency_links to fun4_interfaces.egg-info/dependency_links.txt
[0.693s] writing top-level names to fun4_interfaces.egg-info/top_level.txt
[0.798s] reading manifest file 'fun4_interfaces.egg-info/SOURCES.txt'
[0.799s] writing manifest file 'fun4_interfaces.egg-info/SOURCES.txt'
[0.870s] [100%] Built target ament_cmake_python_build_fun4_interfaces_egg
[0.893s] Invoked command in '/home/gun/FUN4/build/fun4_interfaces' returned '0': CMAKE_PREFIX_PATH=${CMAKE_PREFIX_PATH}:/home/gun/ros2_ws/install/turtlesim_catch_them_all:/home/gun/ros2_ws/install/my_py_pkg:/home/gun/ros2_ws/install/actions_py:/opt/ros/humble /usr/bin/cmake --build /home/gun/FUN4/build/fun4_interfaces -- -j8 -l8
[1.023s] Invoking command in '/home/gun/FUN4/build/fun4_interfaces': CMAKE_PREFIX_PATH=${CMAKE_PREFIX_PATH}:/home/gun/ros2_ws/install/turtlesim_catch_them_all:/home/gun/ros2_ws/install/my_py_pkg:/home/gun/ros2_ws/install/actions_py:/opt/ros/humble /usr/bin/cmake --install /home/gun/FUN4/build/fun4_interfaces
[1.040s] -- Install configuration: ""
[1.041s] -- Up-to-date: /home/gun/FUN4/install/fun4_interfaces/share/ament_index/resource_index/rosidl_interfaces/fun4_interfaces
[1.041s] -- Up-to-date: /home/gun/FUN4/install/fun4_interfaces/include/fun4_interfaces/fun4_interfaces
[1.041s] -- Up-to-date: /home/gun/FUN4/install/fun4_interfaces/include/fun4_interfaces/fun4_interfaces/srv
[1.041s] -- Up-to-date: /home/gun/FUN4/install/fun4_interfaces/include/fun4_interfaces/fun4_interfaces/srv/detail
[1.042s] -- Up-to-date: /home/gun/FUN4/install/fun4_interfaces/include/fun4_interfaces/fun4_interfaces/srv/detail/change_mode__struct.h
[1.042s] -- Up-to-date: /home/gun/FUN4/install/fun4_interfaces/include/fun4_interfaces/fun4_interfaces/srv/detail/change_mode__functions.h
[1.042s] -- Up-to-date: /home/gun/FUN4/install/fun4_interfaces/include/fun4_interfaces/fun4_interfaces/srv/detail/change_mode__type_support.h
[1.042s] -- Up-to-date: /home/gun/FUN4/install/fun4_interfaces/include/fun4_interfaces/fun4_interfaces/srv/detail/change_mode__functions.c
[1.042s] -- Up-to-date: /home/gun/FUN4/install/fun4_interfaces/include/fun4_interfaces/fun4_interfaces/srv/change_mode.h
[1.043s] -- Up-to-date: /home/gun/FUN4/install/fun4_interfaces/include/fun4_interfaces/fun4_interfaces/msg
[1.043s] -- Up-to-date: /home/gun/FUN4/install/fun4_interfaces/include/fun4_interfaces/fun4_interfaces/msg/rosidl_generator_c__visibility_control.h
[1.043s] -- Up-to-date: /home/gun/FUN4/install/fun4_interfaces/share/fun4_interfaces/environment/library_path.sh
[1.043s] -- Up-to-date: /home/gun/FUN4/install/fun4_interfaces/share/fun4_interfaces/environment/library_path.dsv
[1.043s] -- Up-to-date: /home/gun/FUN4/install/fun4_interfaces/lib/libfun4_interfaces__rosidl_generator_c.so
[1.045s] -- Up-to-date: /home/gun/FUN4/install/fun4_interfaces/include/fun4_interfaces/fun4_interfaces
[1.046s] -- Up-to-date: /home/gun/FUN4/install/fun4_interfaces/include/fun4_interfaces/fun4_interfaces/srv
[1.046s] -- Up-to-date: /home/gun/FUN4/install/fun4_interfaces/include/fun4_interfaces/fun4_interfaces/srv/detail
[1.046s] -- Up-to-date: /home/gun/FUN4/install/fun4_interfaces/include/fun4_interfaces/fun4_interfaces/srv/detail/change_mode__rosidl_typesupport_fastrtps_c.h
[1.046s] -- Up-to-date: /home/gun/FUN4/install/fun4_interfaces/include/fun4_interfaces/fun4_interfaces/msg
[1.046s] -- Up-to-date: /home/gun/FUN4/install/fun4_interfaces/include/fun4_interfaces/fun4_interfaces/msg/rosidl_typesupport_fastrtps_c__visibility_control.h
[1.046s] -- Up-to-date: /home/gun/FUN4/install/fun4_interfaces/lib/libfun4_interfaces__rosidl_typesupport_fastrtps_c.so
[1.046s] -- Up-to-date: /home/gun/FUN4/install/fun4_interfaces/include/fun4_interfaces/fun4_interfaces
[1.047s] -- Up-to-date: /home/gun/FUN4/install/fun4_interfaces/include/fun4_interfaces/fun4_interfaces/srv
[1.047s] -- Up-to-date: /home/gun/FUN4/install/fun4_interfaces/include/fun4_interfaces/fun4_interfaces/srv/detail
[1.047s] -- Up-to-date: /home/gun/FUN4/install/fun4_interfaces/include/fun4_interfaces/fun4_interfaces/srv/detail/change_mode__traits.hpp
[1.047s] -- Up-to-date: /home/gun/FUN4/install/fun4_interfaces/include/fun4_interfaces/fun4_interfaces/srv/detail/change_mode__struct.hpp
[1.047s] -- Up-to-date: /home/gun/FUN4/install/fun4_interfaces/include/fun4_interfaces/fun4_interfaces/srv/detail/change_mode__builder.hpp
[1.048s] -- Up-to-date: /home/gun/FUN4/install/fun4_interfaces/include/fun4_interfaces/fun4_interfaces/srv/change_mode.hpp
[1.048s] -- Up-to-date: /home/gun/FUN4/install/fun4_interfaces/include/fun4_interfaces/fun4_interfaces
[1.049s] -- Up-to-date: /home/gun/FUN4/install/fun4_interfaces/include/fun4_interfaces/fun4_interfaces/srv
[1.049s] -- Up-to-date: /home/gun/FUN4/install/fun4_interfaces/include/fun4_interfaces/fun4_interfaces/srv/detail
[1.049s] -- Up-to-date: /home/gun/FUN4/install/fun4_interfaces/include/fun4_interfaces/fun4_interfaces/srv/detail/change_mode__rosidl_typesupport_fastrtps_cpp.hpp
[1.049s] -- Up-to-date: /home/gun/FUN4/install/fun4_interfaces/include/fun4_interfaces/fun4_interfaces/srv/detail/dds_fastrtps
[1.049s] -- Up-to-date: /home/gun/FUN4/install/fun4_interfaces/include/fun4_interfaces/fun4_interfaces/msg
[1.049s] -- Up-to-date: /home/gun/FUN4/install/fun4_interfaces/include/fun4_interfaces/fun4_interfaces/msg/rosidl_typesupport_fastrtps_cpp__visibility_control.h
[1.051s] -- Up-to-date: /home/gun/FUN4/install/fun4_interfaces/lib/libfun4_interfaces__rosidl_typesupport_fastrtps_cpp.so
[1.051s] -- Up-to-date: /home/gun/FUN4/install/fun4_interfaces/include/fun4_interfaces/fun4_interfaces
[1.051s] -- Up-to-date: /home/gun/FUN4/install/fun4_interfaces/include/fun4_interfaces/fun4_interfaces/srv
[1.051s] -- Up-to-date: /home/gun/FUN4/install/fun4_interfaces/include/fun4_interfaces/fun4_interfaces/srv/detail
[1.052s] -- Up-to-date: /home/gun/FUN4/install/fun4_interfaces/include/fun4_interfaces/fun4_interfaces/srv/detail/change_mode__type_support.c
[1.052s] -- Up-to-date: /home/gun/FUN4/install/fun4_interfaces/include/fun4_interfaces/fun4_interfaces/srv/detail/change_mode__rosidl_typesupport_introspection_c.h
[1.052s] -- Up-to-date: /home/gun/FUN4/install/fun4_interfaces/include/fun4_interfaces/fun4_interfaces/msg
[1.055s] -- Up-to-date: /home/gun/FUN4/install/fun4_interfaces/include/fun4_interfaces/fun4_interfaces/msg/rosidl_typesupport_introspection_c__visibility_control.h
[1.055s] -- Up-to-date: /home/gun/FUN4/install/fun4_interfaces/lib/libfun4_interfaces__rosidl_typesupport_introspection_c.so
[1.055s] -- Up-to-date: /home/gun/FUN4/install/fun4_interfaces/lib/libfun4_interfaces__rosidl_typesupport_c.so
[1.055s] -- Up-to-date: /home/gun/FUN4/install/fun4_interfaces/include/fun4_interfaces/fun4_interfaces
[1.055s] -- Up-to-date: /home/gun/FUN4/install/fun4_interfaces/include/fun4_interfaces/fun4_interfaces/srv
[1.056s] -- Up-to-date: /home/gun/FUN4/install/fun4_interfaces/include/fun4_interfaces/fun4_interfaces/srv/detail
[1.056s] -- Up-to-date: /home/gun/FUN4/install/fun4_interfaces/include/fun4_interfaces/fun4_interfaces/srv/detail/change_mode__rosidl_typesupport_introspection_cpp.hpp
[1.056s] -- Up-to-date: /home/gun/FUN4/install/fun4_interfaces/include/fun4_interfaces/fun4_interfaces/srv/detail/change_mode__type_support.cpp
[1.056s] -- Up-to-date: /home/gun/FUN4/install/fun4_interfaces/lib/libfun4_interfaces__rosidl_typesupport_introspection_cpp.so
[1.056s] -- Up-to-date: /home/gun/FUN4/install/fun4_interfaces/lib/libfun4_interfaces__rosidl_typesupport_cpp.so
[1.056s] -- Up-to-date: /home/gun/FUN4/install/fun4_interfaces/share/fun4_interfaces/environment/pythonpath.sh
[1.056s] -- Up-to-date: /home/gun/FUN4/install/fun4_interfaces/share/fun4_interfaces/environment/pythonpath.dsv
[1.057s] -- Up-to-date: /home/gun/FUN4/install/fun4_interfaces/local/lib/python3.10/dist-packages/fun4_interfaces-0.0.0-py3.10.egg-info
[1.057s] -- Installing: /home/gun/FUN4/install/fun4_interfaces/local/lib/python3.10/dist-packages/fun4_interfaces-0.0.0-py3.10.egg-info/top_level.txt
[1.058s] -- Installing: /home/gun/FUN4/install/fun4_interfaces/local/lib/python3.10/dist-packages/fun4_interfaces-0.0.0-py3.10.egg-info/PKG-INFO
[1.059s] -- Installing: /home/gun/FUN4/install/fun4_interfaces/local/lib/python3.10/dist-packages/fun4_interfaces-0.0.0-py3.10.egg-info/SOURCES.txt
[1.059s] -- Installing: /home/gun/FUN4/install/fun4_interfaces/local/lib/python3.10/dist-packages/fun4_interfaces-0.0.0-py3.10.egg-info/dependency_links.txt
[1.060s] -- Up-to-date: /home/gun/FUN4/install/fun4_interfaces/local/lib/python3.10/dist-packages/fun4_interfaces
[1.060s] -- Up-to-date: /home/gun/FUN4/install/fun4_interfaces/local/lib/python3.10/dist-packages/fun4_interfaces/_fun4_interfaces_s.ep.rosidl_typesupport_introspection_c.c
[1.060s] -- Up-to-date: /home/gun/FUN4/install/fun4_interfaces/local/lib/python3.10/dist-packages/fun4_interfaces/libfun4_interfaces__rosidl_generator_py.so
[1.060s] -- Up-to-date: /home/gun/FUN4/install/fun4_interfaces/local/lib/python3.10/dist-packages/fun4_interfaces/__init__.py
[1.060s] -- Up-to-date: /home/gun/FUN4/install/fun4_interfaces/local/lib/python3.10/dist-packages/fun4_interfaces/fun4_interfaces_s__rosidl_typesupport_fastrtps_c.cpython-310-x86_64-linux-gnu.so
[1.060s] -- Up-to-date: /home/gun/FUN4/install/fun4_interfaces/local/lib/python3.10/dist-packages/fun4_interfaces/srv
[1.060s] -- Up-to-date: /home/gun/FUN4/install/fun4_interfaces/local/lib/python3.10/dist-packages/fun4_interfaces/srv/__init__.py
[1.060s] -- Up-to-date: /home/gun/FUN4/install/fun4_interfaces/local/lib/python3.10/dist-packages/fun4_interfaces/srv/_change_mode.py
[1.060s] -- Up-to-date: /home/gun/FUN4/install/fun4_interfaces/local/lib/python3.10/dist-packages/fun4_interfaces/srv/_change_mode_s.c
[1.060s] -- Up-to-date: /home/gun/FUN4/install/fun4_interfaces/local/lib/python3.10/dist-packages/fun4_interfaces/fun4_interfaces_s__rosidl_typesupport_c.cpython-310-x86_64-linux-gnu.so
[1.061s] -- Up-to-date: /home/gun/FUN4/install/fun4_interfaces/local/lib/python3.10/dist-packages/fun4_interfaces/_fun4_interfaces_s.ep.rosidl_typesupport_c.c
[1.061s] -- Up-to-date: /home/gun/FUN4/install/fun4_interfaces/local/lib/python3.10/dist-packages/fun4_interfaces/_fun4_interfaces_s.ep.rosidl_typesupport_fastrtps_c.c
[1.061s] -- Up-to-date: /home/gun/FUN4/install/fun4_interfaces/local/lib/python3.10/dist-packages/fun4_interfaces/fun4_interfaces_s__rosidl_typesupport_introspection_c.cpython-310-x86_64-linux-gnu.so
[1.109s] Listing '/home/gun/FUN4/install/fun4_interfaces/local/lib/python3.10/dist-packages/fun4_interfaces'...
[1.109s] Listing '/home/gun/FUN4/install/fun4_interfaces/local/lib/python3.10/dist-packages/fun4_interfaces/srv'...
[1.123s] -- Up-to-date: /home/gun/FUN4/install/fun4_interfaces/local/lib/python3.10/dist-packages/fun4_interfaces/fun4_interfaces_s__rosidl_typesupport_fastrtps_c.cpython-310-x86_64-linux-gnu.so
[1.123s] -- Up-to-date: /home/gun/FUN4/install/fun4_interfaces/local/lib/python3.10/dist-packages/fun4_interfaces/fun4_interfaces_s__rosidl_typesupport_introspection_c.cpython-310-x86_64-linux-gnu.so
[1.123s] -- Up-to-date: /home/gun/FUN4/install/fun4_interfaces/local/lib/python3.10/dist-packages/fun4_interfaces/fun4_interfaces_s__rosidl_typesupport_c.cpython-310-x86_64-linux-gnu.so
[1.123s] -- Up-to-date: /home/gun/FUN4/install/fun4_interfaces/lib/libfun4_interfaces__rosidl_generator_py.so
[1.123s] -- Up-to-date: /home/gun/FUN4/install/fun4_interfaces/share/fun4_interfaces/srv/ChangeMode.idl
[1.123s] -- Up-to-date: /home/gun/FUN4/install/fun4_interfaces/share/fun4_interfaces/srv/ChangeMode.srv
[1.124s] -- Up-to-date: /home/gun/FUN4/install/fun4_interfaces/share/fun4_interfaces/srv/ChangeMode_Request.msg
[1.124s] -- Up-to-date: /home/gun/FUN4/install/fun4_interfaces/share/fun4_interfaces/srv/ChangeMode_Response.msg
[1.125s] -- Up-to-date: /home/gun/FUN4/install/fun4_interfaces/share/ament_index/resource_index/package_run_dependencies/fun4_interfaces
[1.125s] -- Up-to-date: /home/gun/FUN4/install/fun4_interfaces/share/ament_index/resource_index/parent_prefix_path/fun4_interfaces
[1.125s] -- Up-to-date: /home/gun/FUN4/install/fun4_interfaces/share/fun4_interfaces/environment/ament_prefix_path.sh
[1.126s] -- Up-to-date: /home/gun/FUN4/install/fun4_interfaces/share/fun4_interfaces/environment/ament_prefix_path.dsv
[1.127s] -- Up-to-date: /home/gun/FUN4/install/fun4_interfaces/share/fun4_interfaces/environment/path.sh
[1.127s] -- Up-to-date: /home/gun/FUN4/install/fun4_interfaces/share/fun4_interfaces/environment/path.dsv
[1.127s] -- Up-to-date: /home/gun/FUN4/install/fun4_interfaces/share/fun4_interfaces/local_setup.bash
[1.127s] -- Up-to-date: /home/gun/FUN4/install/fun4_interfaces/share/fun4_interfaces/local_setup.sh
[1.128s] -- Up-to-date: /home/gun/FUN4/install/fun4_interfaces/share/fun4_interfaces/local_setup.zsh
[1.128s] -- Up-to-date: /home/gun/FUN4/install/fun4_interfaces/share/fun4_interfaces/local_setup.dsv
[1.128s] -- Installing: /home/gun/FUN4/install/fun4_interfaces/share/fun4_interfaces/package.dsv
[1.129s] -- Up-to-date: /home/gun/FUN4/install/fun4_interfaces/share/ament_index/resource_index/packages/fun4_interfaces
[1.129s] -- Up-to-date: /home/gun/FUN4/install/fun4_interfaces/share/fun4_interfaces/cmake/export_fun4_interfaces__rosidl_generator_cExport.cmake
[1.129s] -- Up-to-date: /home/gun/FUN4/install/fun4_interfaces/share/fun4_interfaces/cmake/export_fun4_interfaces__rosidl_generator_cExport-noconfig.cmake
[1.129s] -- Up-to-date: /home/gun/FUN4/install/fun4_interfaces/share/fun4_interfaces/cmake/export_fun4_interfaces__rosidl_typesupport_fastrtps_cExport.cmake
[1.129s] -- Up-to-date: /home/gun/FUN4/install/fun4_interfaces/share/fun4_interfaces/cmake/export_fun4_interfaces__rosidl_typesupport_fastrtps_cExport-noconfig.cmake
[1.129s] -- Up-to-date: /home/gun/FUN4/install/fun4_interfaces/share/fun4_interfaces/cmake/export_fun4_interfaces__rosidl_generator_cppExport.cmake
[1.129s] -- Up-to-date: /home/gun/FUN4/install/fun4_interfaces/share/fun4_interfaces/cmake/export_fun4_interfaces__rosidl_typesupport_fastrtps_cppExport.cmake
[1.130s] -- Up-to-date: /home/gun/FUN4/install/fun4_interfaces/share/fun4_interfaces/cmake/export_fun4_interfaces__rosidl_typesupport_fastrtps_cppExport-noconfig.cmake
[1.130s] -- Up-to-date: /home/gun/FUN4/install/fun4_interfaces/share/fun4_interfaces/cmake/fun4_interfaces__rosidl_typesupport_introspection_cExport.cmake
[1.130s] -- Up-to-date: /home/gun/FUN4/install/fun4_interfaces/share/fun4_interfaces/cmake/fun4_interfaces__rosidl_typesupport_introspection_cExport-noconfig.cmake
[1.130s] -- Up-to-date: /home/gun/FUN4/install/fun4_interfaces/share/fun4_interfaces/cmake/fun4_interfaces__rosidl_typesupport_cExport.cmake
[1.131s] -- Up-to-date: /home/gun/FUN4/install/fun4_interfaces/share/fun4_interfaces/cmake/fun4_interfaces__rosidl_typesupport_cExport-noconfig.cmake
[1.131s] -- Up-to-date: /home/gun/FUN4/install/fun4_interfaces/share/fun4_interfaces/cmake/fun4_interfaces__rosidl_typesupport_introspection_cppExport.cmake
[1.131s] -- Up-to-date: /home/gun/FUN4/install/fun4_interfaces/share/fun4_interfaces/cmake/fun4_interfaces__rosidl_typesupport_introspection_cppExport-noconfig.cmake
[1.131s] -- Up-to-date: /home/gun/FUN4/install/fun4_interfaces/share/fun4_interfaces/cmake/fun4_interfaces__rosidl_typesupport_cppExport.cmake
[1.131s] -- Up-to-date: /home/gun/FUN4/install/fun4_interfaces/share/fun4_interfaces/cmake/fun4_interfaces__rosidl_typesupport_cppExport-noconfig.cmake
[1.131s] -- Up-to-date: /home/gun/FUN4/install/fun4_interfaces/share/fun4_interfaces/cmake/export_fun4_interfaces__rosidl_generator_pyExport.cmake
[1.131s] -- Up-to-date: /home/gun/FUN4/install/fun4_interfaces/share/fun4_interfaces/cmake/export_fun4_interfaces__rosidl_generator_pyExport-noconfig.cmake
[1.131s] -- Up-to-date: /home/gun/FUN4/install/fun4_interfaces/share/fun4_interfaces/cmake/rosidl_cmake-extras.cmake
[1.131s] -- Up-to-date: /home/gun/FUN4/install/fun4_interfaces/share/fun4_interfaces/cmake/ament_cmake_export_dependencies-extras.cmake
[1.132s] -- Up-to-date: /home/gun/FUN4/install/fun4_interfaces/share/fun4_interfaces/cmake/ament_cmake_export_include_directories-extras.cmake
[1.132s] -- Up-to-date: /home/gun/FUN4/install/fun4_interfaces/share/fun4_interfaces/cmake/ament_cmake_export_libraries-extras.cmake
[1.132s] -- Up-to-date: /home/gun/FUN4/install/fun4_interfaces/share/fun4_interfaces/cmake/ament_cmake_export_targets-extras.cmake
[1.132s] -- Up-to-date: /home/gun/FUN4/install/fun4_interfaces/share/fun4_interfaces/cmake/rosidl_cmake_export_typesupport_targets-extras.cmake
[1.132s] -- Up-to-date: /home/gun/FUN4/install/fun4_interfaces/share/fun4_interfaces/cmake/rosidl_cmake_export_typesupport_libraries-extras.cmake
[1.132s] -- Up-to-date: /home/gun/FUN4/install/fun4_interfaces/share/fun4_interfaces/cmake/fun4_interfacesConfig.cmake
[1.132s] -- Up-to-date: /home/gun/FUN4/install/fun4_interfaces/share/fun4_interfaces/cmake/fun4_interfacesConfig-version.cmake
[1.133s] -- Up-to-date: /home/gun/FUN4/install/fun4_interfaces/share/fun4_interfaces/package.xml
[1.136s] Invoked command in '/home/gun/FUN4/build/fun4_interfaces' returned '0': CMAKE_PREFIX_PATH=${CMAKE_PREFIX_PATH}:/home/gun/ros2_ws/install/turtlesim_catch_them_all:/home/gun/ros2_ws/install/my_py_pkg:/home/gun/ros2_ws/install/actions_py:/opt/ros/humble /usr/bin/cmake --install /home/gun/FUN4/build/fun4_interfaces
