[0.116s] DEBUG:colcon:Command line arguments: ['/usr/bin/colcon', 'build']
[0.116s] DEBUG:colcon:Parsed command line arguments: Namespace(log_base=None, log_level=None, verb_name='build', build_base='build', install_base='install', merge_install=False, symlink_install=False, test_result_base=None, continue_on_error=False, executor='parallel', parallel_workers=8, event_handlers=None, ignore_user_meta=False, metas=['./colcon.meta'], base_paths=['.'], packages_ignore=None, packages_ignore_regex=None, paths=None, packages_up_to=None, packages_up_to_regex=None, packages_above=None, packages_above_and_dependencies=None, packages_above_depth=None, packages_select_by_dep=None, packages_skip_by_dep=None, packages_skip_up_to=None, packages_select_build_failed=False, packages_skip_build_finished=False, packages_select_test_failures=False, packages_skip_test_passed=False, packages_select=None, packages_skip=None, packages_select_regex=None, packages_skip_regex=None, packages_start=None, packages_end=None, allow_overriding=[], cmake_args=None, cmake_target=None, cmake_target_skip_unavailable=False, cmake_clean_cache=False, cmake_clean_first=False, cmake_force_configure=False, ament_cmake_args=None, catkin_cmake_args=None, catkin_skip_building_tests=False, mixin_files=None, mixin=None, verb_parser=<colcon_mixin.mixin.mixin_argument.MixinArgumentDecorator object at 0x706cf84d9e40>, verb_extension=<colcon_core.verb.build.BuildVerb object at 0x706cf84d91e0>, main=<bound method BuildVerb.main of <colcon_core.verb.build.BuildVerb object at 0x706cf84d91e0>>, mixin_verb=('build',))
[0.157s] Level 1:colcon.colcon_core.package_discovery:discover_packages(colcon_meta) check parameters
[0.157s] Level 1:colcon.colcon_core.package_discovery:discover_packages(recursive) check parameters
[0.157s] Level 1:colcon.colcon_core.package_discovery:discover_packages(ignore) check parameters
[0.157s] Level 1:colcon.colcon_core.package_discovery:discover_packages(path) check parameters
[0.157s] Level 1:colcon.colcon_core.package_discovery:discover_packages(colcon_meta) discover
[0.157s] Level 1:colcon.colcon_core.package_discovery:discover_packages(recursive) discover
[0.157s] INFO:colcon.colcon_core.package_discovery:Crawling recursively for packages in '/home/gun/FUN4'
[0.157s] Level 1:colcon.colcon_core.package_identification:_identify(.) by extensions ['ignore', 'ignore_ament_install']
[0.157s] Level 1:colcon.colcon_core.package_identification:_identify(.) by extension 'ignore'
[0.158s] Level 1:colcon.colcon_core.package_identification:_identify(.) by extension 'ignore_ament_install'
[0.158s] Level 1:colcon.colcon_core.package_identification:_identify(.) by extensions ['colcon_pkg']
[0.158s] Level 1:colcon.colcon_core.package_identification:_identify(.) by extension 'colcon_pkg'
[0.158s] Level 1:colcon.colcon_core.package_identification:_identify(.) by extensions ['colcon_meta']
[0.158s] Level 1:colcon.colcon_core.package_identification:_identify(.) by extension 'colcon_meta'
[0.158s] Level 1:colcon.colcon_core.package_identification:_identify(.) by extensions ['ros']
[0.158s] Level 1:colcon.colcon_core.package_identification:_identify(.) by extension 'ros'
[0.172s] Level 1:colcon.colcon_core.package_identification:_identify(.) by extensions ['cmake', 'python']
[0.172s] Level 1:colcon.colcon_core.package_identification:_identify(.) by extension 'cmake'
[0.172s] Level 1:colcon.colcon_core.package_identification:_identify(.) by extension 'python'
[0.173s] Level 1:colcon.colcon_core.package_identification:_identify(.) by extensions ['python_setup_py']
[0.173s] Level 1:colcon.colcon_core.package_identification:_identify(.) by extension 'python_setup_py'
[0.173s] Level 1:colcon.colcon_core.package_identification:_identify(build) by extensions ['ignore', 'ignore_ament_install']
[0.173s] Level 1:colcon.colcon_core.package_identification:_identify(build) by extension 'ignore'
[0.173s] Level 1:colcon.colcon_core.package_identification:_identify(build) ignored
[0.173s] Level 1:colcon.colcon_core.package_identification:_identify(install) by extensions ['ignore', 'ignore_ament_install']
[0.173s] Level 1:colcon.colcon_core.package_identification:_identify(install) by extension 'ignore'
[0.173s] Level 1:colcon.colcon_core.package_identification:_identify(install) ignored
[0.173s] Level 1:colcon.colcon_core.package_identification:_identify(log) by extensions ['ignore', 'ignore_ament_install']
[0.173s] Level 1:colcon.colcon_core.package_identification:_identify(log) by extension 'ignore'
[0.173s] Level 1:colcon.colcon_core.package_identification:_identify(log) ignored
[0.173s] Level 1:colcon.colcon_core.package_identification:_identify(src) by extensions ['ignore', 'ignore_ament_install']
[0.173s] Level 1:colcon.colcon_core.package_identification:_identify(src) by extension 'ignore'
[0.173s] Level 1:colcon.colcon_core.package_identification:_identify(src) by extension 'ignore_ament_install'
[0.174s] Level 1:colcon.colcon_core.package_identification:_identify(src) by extensions ['colcon_pkg']
[0.174s] Level 1:colcon.colcon_core.package_identification:_identify(src) by extension 'colcon_pkg'
[0.174s] Level 1:colcon.colcon_core.package_identification:_identify(src) by extensions ['colcon_meta']
[0.174s] Level 1:colcon.colcon_core.package_identification:_identify(src) by extension 'colcon_meta'
[0.174s] Level 1:colcon.colcon_core.package_identification:_identify(src) by extensions ['ros']
[0.174s] Level 1:colcon.colcon_core.package_identification:_identify(src) by extension 'ros'
[0.174s] Level 1:colcon.colcon_core.package_identification:_identify(src) by extensions ['cmake', 'python']
[0.174s] Level 1:colcon.colcon_core.package_identification:_identify(src) by extension 'cmake'
[0.174s] Level 1:colcon.colcon_core.package_identification:_identify(src) by extension 'python'
[0.174s] Level 1:colcon.colcon_core.package_identification:_identify(src) by extensions ['python_setup_py']
[0.174s] Level 1:colcon.colcon_core.package_identification:_identify(src) by extension 'python_setup_py'
[0.174s] Level 1:colcon.colcon_core.package_identification:_identify(src/fun4_description) by extensions ['ignore', 'ignore_ament_install']
[0.174s] Level 1:colcon.colcon_core.package_identification:_identify(src/fun4_description) by extension 'ignore'
[0.174s] Level 1:colcon.colcon_core.package_identification:_identify(src/fun4_description) by extension 'ignore_ament_install'
[0.174s] Level 1:colcon.colcon_core.package_identification:_identify(src/fun4_description) by extensions ['colcon_pkg']
[0.174s] Level 1:colcon.colcon_core.package_identification:_identify(src/fun4_description) by extension 'colcon_pkg'
[0.174s] Level 1:colcon.colcon_core.package_identification:_identify(src/fun4_description) by extensions ['colcon_meta']
[0.174s] Level 1:colcon.colcon_core.package_identification:_identify(src/fun4_description) by extension 'colcon_meta'
[0.174s] Level 1:colcon.colcon_core.package_identification:_identify(src/fun4_description) by extensions ['ros']
[0.174s] Level 1:colcon.colcon_core.package_identification:_identify(src/fun4_description) by extension 'ros'
[0.177s] DEBUG:colcon.colcon_core.package_identification:Package 'src/fun4_description' with type 'ros.ament_cmake' and name 'fun4_description'
[0.177s] Level 1:colcon.colcon_core.package_identification:_identify(src/fun4_interfaces) by extensions ['ignore', 'ignore_ament_install']
[0.177s] Level 1:colcon.colcon_core.package_identification:_identify(src/fun4_interfaces) by extension 'ignore'
[0.177s] Level 1:colcon.colcon_core.package_identification:_identify(src/fun4_interfaces) by extension 'ignore_ament_install'
[0.177s] Level 1:colcon.colcon_core.package_identification:_identify(src/fun4_interfaces) by extensions ['colcon_pkg']
[0.177s] Level 1:colcon.colcon_core.package_identification:_identify(src/fun4_interfaces) by extension 'colcon_pkg'
[0.177s] Level 1:colcon.colcon_core.package_identification:_identify(src/fun4_interfaces) by extensions ['colcon_meta']
[0.177s] Level 1:colcon.colcon_core.package_identification:_identify(src/fun4_interfaces) by extension 'colcon_meta'
[0.177s] Level 1:colcon.colcon_core.package_identification:_identify(src/fun4_interfaces) by extensions ['ros']
[0.177s] Level 1:colcon.colcon_core.package_identification:_identify(src/fun4_interfaces) by extension 'ros'
[0.178s] DEBUG:colcon.colcon_core.package_identification:Package 'src/fun4_interfaces' with type 'ros.ament_cmake' and name 'fun4_interfaces'
[0.178s] Level 1:colcon.colcon_core.package_discovery:discover_packages(recursive) using defaults
[0.178s] Level 1:colcon.colcon_core.package_discovery:discover_packages(ignore) discover
[0.178s] Level 1:colcon.colcon_core.package_discovery:discover_packages(ignore) using defaults
[0.178s] Level 1:colcon.colcon_core.package_discovery:discover_packages(path) discover
[0.178s] Level 1:colcon.colcon_core.package_discovery:discover_packages(path) using defaults
[0.199s] Level 1:colcon.colcon_core.package_discovery:discover_packages(prefix_path) check parameters
[0.199s] Level 1:colcon.colcon_core.package_discovery:discover_packages(prefix_path) discover
[0.201s] DEBUG:colcon.colcon_installed_package_information.package_discovery:Found 15 installed packages in /home/gun/ros2_ws/install
[0.202s] DEBUG:colcon.colcon_installed_package_information.package_discovery:Found 1 installed packages in /home/gun/MyRos2_ws/install
[0.202s] DEBUG:colcon.colcon_installed_package_information.package_discovery:Found 3 installed packages in /home/gun/turtlebot3_ws/install
[0.202s] DEBUG:colcon.colcon_installed_package_information.package_discovery:Found 2 installed packages in /home/gun/RoboticsDev2024/install
[0.203s] DEBUG:colcon.colcon_installed_package_information.package_discovery:Found 4 installed packages in /home/gun/exam1/install
[0.203s] DEBUG:colcon.colcon_installed_package_information.package_discovery:Found 2 installed packages in /home/gun/FUN4/install
[0.205s] DEBUG:colcon.colcon_installed_package_information.package_discovery:Found 411 installed packages in /opt/ros/humble
[0.207s] Level 1:colcon.colcon_core.package_discovery:discover_packages(prefix_path) using defaults
[0.254s] Level 5:colcon.colcon_core.verb:set package 'fun4_description' build argument 'cmake_args' from command line to 'None'
[0.255s] Level 5:colcon.colcon_core.verb:set package 'fun4_description' build argument 'cmake_target' from command line to 'None'
[0.255s] Level 5:colcon.colcon_core.verb:set package 'fun4_description' build argument 'cmake_target_skip_unavailable' from command line to 'False'
[0.255s] Level 5:colcon.colcon_core.verb:set package 'fun4_description' build argument 'cmake_clean_cache' from command line to 'False'
[0.255s] Level 5:colcon.colcon_core.verb:set package 'fun4_description' build argument 'cmake_clean_first' from command line to 'False'
[0.255s] Level 5:colcon.colcon_core.verb:set package 'fun4_description' build argument 'cmake_force_configure' from command line to 'False'
[0.255s] Level 5:colcon.colcon_core.verb:set package 'fun4_description' build argument 'ament_cmake_args' from command line to 'None'
[0.255s] Level 5:colcon.colcon_core.verb:set package 'fun4_description' build argument 'catkin_cmake_args' from command line to 'None'
[0.255s] Level 5:colcon.colcon_core.verb:set package 'fun4_description' build argument 'catkin_skip_building_tests' from command line to 'False'
[0.255s] DEBUG:colcon.colcon_core.verb:Building package 'fun4_description' with the following arguments: {'ament_cmake_args': None, 'build_base': '/home/gun/FUN4/build/fun4_description', 'catkin_cmake_args': None, 'catkin_skip_building_tests': False, 'cmake_args': None, 'cmake_clean_cache': False, 'cmake_clean_first': False, 'cmake_force_configure': False, 'cmake_target': None, 'cmake_target_skip_unavailable': False, 'install_base': '/home/gun/FUN4/install/fun4_description', 'merge_install': False, 'path': '/home/gun/FUN4/src/fun4_description', 'symlink_install': False, 'test_result_base': None}
[0.255s] Level 5:colcon.colcon_core.verb:set package 'fun4_interfaces' build argument 'cmake_args' from command line to 'None'
[0.255s] Level 5:colcon.colcon_core.verb:set package 'fun4_interfaces' build argument 'cmake_target' from command line to 'None'
[0.255s] Level 5:colcon.colcon_core.verb:set package 'fun4_interfaces' build argument 'cmake_target_skip_unavailable' from command line to 'False'
[0.255s] Level 5:colcon.colcon_core.verb:set package 'fun4_interfaces' build argument 'cmake_clean_cache' from command line to 'False'
[0.255s] Level 5:colcon.colcon_core.verb:set package 'fun4_interfaces' build argument 'cmake_clean_first' from command line to 'False'
[0.255s] Level 5:colcon.colcon_core.verb:set package 'fun4_interfaces' build argument 'cmake_force_configure' from command line to 'False'
[0.255s] Level 5:colcon.colcon_core.verb:set package 'fun4_interfaces' build argument 'ament_cmake_args' from command line to 'None'
[0.255s] Level 5:colcon.colcon_core.verb:set package 'fun4_interfaces' build argument 'catkin_cmake_args' from command line to 'None'
[0.255s] Level 5:colcon.colcon_core.verb:set package 'fun4_interfaces' build argument 'catkin_skip_building_tests' from command line to 'False'
[0.255s] DEBUG:colcon.colcon_core.verb:Building package 'fun4_interfaces' with the following arguments: {'ament_cmake_args': None, 'build_base': '/home/gun/FUN4/build/fun4_interfaces', 'catkin_cmake_args': None, 'catkin_skip_building_tests': False, 'cmake_args': None, 'cmake_clean_cache': False, 'cmake_clean_first': False, 'cmake_force_configure': False, 'cmake_target': None, 'cmake_target_skip_unavailable': False, 'install_base': '/home/gun/FUN4/install/fun4_interfaces', 'merge_install': False, 'path': '/home/gun/FUN4/src/fun4_interfaces', 'symlink_install': False, 'test_result_base': None}
[0.255s] INFO:colcon.colcon_core.executor:Executing jobs using 'parallel' executor
[0.256s] DEBUG:colcon.colcon_parallel_executor.executor.parallel:run_until_complete
[0.257s] INFO:colcon.colcon_ros.task.ament_cmake.build:Building ROS package in '/home/gun/FUN4/src/fun4_description' with build type 'ament_cmake'
[0.257s] INFO:colcon.colcon_cmake.task.cmake.build:Building CMake package in '/home/gun/FUN4/src/fun4_description'
[0.259s] INFO:colcon.colcon_core.plugin_system:Skipping extension 'colcon_core.shell.bat': Not used on non-Windows systems
[0.259s] INFO:colcon.colcon_core.shell:Skip shell extension 'powershell' for command environment: Not usable outside of PowerShell
[0.259s] DEBUG:colcon.colcon_core.shell:Skip shell extension 'dsv' for command environment
[0.264s] INFO:colcon.colcon_ros.task.ament_cmake.build:Building ROS package in '/home/gun/FUN4/src/fun4_interfaces' with build type 'ament_cmake'
[0.264s] INFO:colcon.colcon_cmake.task.cmake.build:Building CMake package in '/home/gun/FUN4/src/fun4_interfaces'
[0.265s] INFO:colcon.colcon_core.shell:Skip shell extension 'powershell' for command environment: Not usable outside of PowerShell
[0.265s] DEBUG:colcon.colcon_core.shell:Skip shell extension 'dsv' for command environment
[0.275s] DEBUG:colcon.colcon_core.event_handler.log_command:Invoking command in '/home/gun/FUN4/build/fun4_description': CMAKE_PREFIX_PATH=${CMAKE_PREFIX_PATH}:/home/gun/ros2_ws/install/turtlesim_catch_them_all:/home/gun/ros2_ws/install/my_py_pkg:/home/gun/ros2_ws/install/actions_py:/opt/ros/humble /usr/bin/cmake --build /home/gun/FUN4/build/fun4_description -- -j8 -l8
[0.280s] DEBUG:colcon.colcon_core.event_handler.log_command:Invoking command in '/home/gun/FUN4/build/fun4_interfaces': CMAKE_PREFIX_PATH=${CMAKE_PREFIX_PATH}:/home/gun/ros2_ws/install/turtlesim_catch_them_all:/home/gun/ros2_ws/install/my_py_pkg:/home/gun/ros2_ws/install/actions_py:/opt/ros/humble /usr/bin/cmake --build /home/gun/FUN4/build/fun4_interfaces -- -j8 -l8
[0.727s] DEBUG:colcon.colcon_core.event_handler.log_command:Invoked command in '/home/gun/FUN4/build/fun4_description' returned '0': CMAKE_PREFIX_PATH=${CMAKE_PREFIX_PATH}:/home/gun/ros2_ws/install/turtlesim_catch_them_all:/home/gun/ros2_ws/install/my_py_pkg:/home/gun/ros2_ws/install/actions_py:/opt/ros/humble /usr/bin/cmake --build /home/gun/FUN4/build/fun4_description -- -j8 -l8
[0.741s] DEBUG:colcon.colcon_core.event_handler.log_command:Invoked command in '/home/gun/FUN4/build/fun4_interfaces' returned '0': CMAKE_PREFIX_PATH=${CMAKE_PREFIX_PATH}:/home/gun/ros2_ws/install/turtlesim_catch_them_all:/home/gun/ros2_ws/install/my_py_pkg:/home/gun/ros2_ws/install/actions_py:/opt/ros/humble /usr/bin/cmake --build /home/gun/FUN4/build/fun4_interfaces -- -j8 -l8
[0.760s] DEBUG:colcon.colcon_core.event_handler.log_command:Invoking command in '/home/gun/FUN4/build/fun4_description': CMAKE_PREFIX_PATH=${CMAKE_PREFIX_PATH}:/home/gun/ros2_ws/install/turtlesim_catch_them_all:/home/gun/ros2_ws/install/my_py_pkg:/home/gun/ros2_ws/install/actions_py:/opt/ros/humble /usr/bin/cmake --install /home/gun/FUN4/build/fun4_description
[0.799s] DEBUG:colcon.colcon_core.event_handler.log_command:Invoking command in '/home/gun/FUN4/build/fun4_interfaces': CMAKE_PREFIX_PATH=${CMAKE_PREFIX_PATH}:/home/gun/ros2_ws/install/turtlesim_catch_them_all:/home/gun/ros2_ws/install/my_py_pkg:/home/gun/ros2_ws/install/actions_py:/opt/ros/humble /usr/bin/cmake --install /home/gun/FUN4/build/fun4_interfaces
[0.818s] Level 1:colcon.colcon_core.environment:create_environment_scripts_only(fun4_description)
[0.818s] DEBUG:colcon.colcon_core.event_handler.log_command:Invoked command in '/home/gun/FUN4/build/fun4_description' returned '0': CMAKE_PREFIX_PATH=${CMAKE_PREFIX_PATH}:/home/gun/ros2_ws/install/turtlesim_catch_them_all:/home/gun/ros2_ws/install/my_py_pkg:/home/gun/ros2_ws/install/actions_py:/opt/ros/humble /usr/bin/cmake --install /home/gun/FUN4/build/fun4_description
[0.821s] Level 1:colcon.colcon_core.environment:checking '/home/gun/FUN4/install/fun4_description' for CMake module files
[0.821s] Level 1:colcon.colcon_core.environment:checking '/home/gun/FUN4/install/fun4_description' for CMake config files
[0.821s] Level 1:colcon.colcon_core.shell:create_environment_hook('fun4_description', 'cmake_prefix_path')
[0.822s] INFO:colcon.colcon_core.shell:Creating environment hook '/home/gun/FUN4/install/fun4_description/share/fun4_description/hook/cmake_prefix_path.ps1'
[0.822s] INFO:colcon.colcon_core.shell:Creating environment descriptor '/home/gun/FUN4/install/fun4_description/share/fun4_description/hook/cmake_prefix_path.dsv'
[0.822s] INFO:colcon.colcon_core.shell:Creating environment hook '/home/gun/FUN4/install/fun4_description/share/fun4_description/hook/cmake_prefix_path.sh'
[0.823s] Level 1:colcon.colcon_core.environment:checking '/home/gun/FUN4/install/fun4_description/lib'
[0.823s] Level 1:colcon.colcon_core.environment:checking '/home/gun/FUN4/install/fun4_description/bin'
[0.824s] Level 1:colcon.colcon_core.environment:checking '/home/gun/FUN4/install/fun4_description/lib/pkgconfig/fun4_description.pc'
[0.824s] Level 1:colcon.colcon_core.environment:checking '/home/gun/FUN4/install/fun4_description/lib/python3.10/site-packages'
[0.824s] Level 1:colcon.colcon_core.environment:checking '/home/gun/FUN4/install/fun4_description/bin'
[0.824s] INFO:colcon.colcon_core.shell:Creating package script '/home/gun/FUN4/install/fun4_description/share/fun4_description/package.ps1'
[0.825s] INFO:colcon.colcon_core.shell:Creating package descriptor '/home/gun/FUN4/install/fun4_description/share/fun4_description/package.dsv'
[0.825s] INFO:colcon.colcon_core.shell:Creating package script '/home/gun/FUN4/install/fun4_description/share/fun4_description/package.sh'
[0.826s] INFO:colcon.colcon_core.shell:Creating package script '/home/gun/FUN4/install/fun4_description/share/fun4_description/package.bash'
[0.827s] INFO:colcon.colcon_core.shell:Creating package script '/home/gun/FUN4/install/fun4_description/share/fun4_description/package.zsh'
[0.828s] Level 1:colcon.colcon_core.environment:create_file_with_runtime_dependencies(/home/gun/FUN4/install/fun4_description/share/colcon-core/packages/fun4_description)
[0.853s] Level 1:colcon.colcon_core.environment:create_environment_scripts_only(fun4_description)
[0.854s] Level 1:colcon.colcon_core.environment:checking '/home/gun/FUN4/install/fun4_description' for CMake module files
[0.854s] Level 1:colcon.colcon_core.environment:checking '/home/gun/FUN4/install/fun4_description' for CMake config files
[0.854s] Level 1:colcon.colcon_core.shell:create_environment_hook('fun4_description', 'cmake_prefix_path')
[0.855s] INFO:colcon.colcon_core.shell:Creating environment hook '/home/gun/FUN4/install/fun4_description/share/fun4_description/hook/cmake_prefix_path.ps1'
[0.855s] INFO:colcon.colcon_core.shell:Creating environment descriptor '/home/gun/FUN4/install/fun4_description/share/fun4_description/hook/cmake_prefix_path.dsv'
[0.856s] INFO:colcon.colcon_core.shell:Creating environment hook '/home/gun/FUN4/install/fun4_description/share/fun4_description/hook/cmake_prefix_path.sh'
[0.858s] Level 1:colcon.colcon_core.environment:checking '/home/gun/FUN4/install/fun4_description/lib'
[0.859s] Level 1:colcon.colcon_core.environment:checking '/home/gun/FUN4/install/fun4_description/bin'
[0.859s] Level 1:colcon.colcon_core.environment:checking '/home/gun/FUN4/install/fun4_description/lib/pkgconfig/fun4_description.pc'
[0.859s] Level 1:colcon.colcon_core.environment:checking '/home/gun/FUN4/install/fun4_description/lib/python3.10/site-packages'
[0.860s] Level 1:colcon.colcon_core.environment:checking '/home/gun/FUN4/install/fun4_description/bin'
[0.861s] INFO:colcon.colcon_core.shell:Creating package script '/home/gun/FUN4/install/fun4_description/share/fun4_description/package.ps1'
[0.861s] INFO:colcon.colcon_core.shell:Creating package descriptor '/home/gun/FUN4/install/fun4_description/share/fun4_description/package.dsv'
[0.862s] INFO:colcon.colcon_core.shell:Creating package script '/home/gun/FUN4/install/fun4_description/share/fun4_description/package.sh'
[0.862s] INFO:colcon.colcon_core.shell:Creating package script '/home/gun/FUN4/install/fun4_description/share/fun4_description/package.bash'
[0.862s] INFO:colcon.colcon_core.shell:Creating package script '/home/gun/FUN4/install/fun4_description/share/fun4_description/package.zsh'
[0.863s] Level 1:colcon.colcon_core.environment:create_file_with_runtime_dependencies(/home/gun/FUN4/install/fun4_description/share/colcon-core/packages/fun4_description)
[0.864s] Level 1:colcon.colcon_core.environment:create_environment_scripts_only(fun4_interfaces)
[0.864s] Level 1:colcon.colcon_core.environment:checking '/home/gun/FUN4/install/fun4_interfaces' for CMake module files
[0.864s] DEBUG:colcon.colcon_core.event_handler.log_command:Invoked command in '/home/gun/FUN4/build/fun4_interfaces' returned '0': CMAKE_PREFIX_PATH=${CMAKE_PREFIX_PATH}:/home/gun/ros2_ws/install/turtlesim_catch_them_all:/home/gun/ros2_ws/install/my_py_pkg:/home/gun/ros2_ws/install/actions_py:/opt/ros/humble /usr/bin/cmake --install /home/gun/FUN4/build/fun4_interfaces
[0.865s] Level 1:colcon.colcon_core.environment:checking '/home/gun/FUN4/install/fun4_interfaces' for CMake config files
[0.865s] Level 1:colcon.colcon_core.shell:create_environment_hook('fun4_interfaces', 'cmake_prefix_path')
[0.865s] INFO:colcon.colcon_core.shell:Creating environment hook '/home/gun/FUN4/install/fun4_interfaces/share/fun4_interfaces/hook/cmake_prefix_path.ps1'
[0.866s] INFO:colcon.colcon_core.shell:Creating environment descriptor '/home/gun/FUN4/install/fun4_interfaces/share/fun4_interfaces/hook/cmake_prefix_path.dsv'
[0.866s] INFO:colcon.colcon_core.shell:Creating environment hook '/home/gun/FUN4/install/fun4_interfaces/share/fun4_interfaces/hook/cmake_prefix_path.sh'
[0.866s] Level 1:colcon.colcon_core.environment:checking '/home/gun/FUN4/install/fun4_interfaces/lib'
[0.866s] Level 1:colcon.colcon_core.shell:create_environment_hook('fun4_interfaces', 'ld_library_path_lib')
[0.867s] INFO:colcon.colcon_core.shell:Creating environment hook '/home/gun/FUN4/install/fun4_interfaces/share/fun4_interfaces/hook/ld_library_path_lib.ps1'
[0.867s] INFO:colcon.colcon_core.shell:Creating environment descriptor '/home/gun/FUN4/install/fun4_interfaces/share/fun4_interfaces/hook/ld_library_path_lib.dsv'
[0.867s] INFO:colcon.colcon_core.shell:Creating environment hook '/home/gun/FUN4/install/fun4_interfaces/share/fun4_interfaces/hook/ld_library_path_lib.sh'
[0.868s] Level 1:colcon.colcon_core.environment:checking '/home/gun/FUN4/install/fun4_interfaces/bin'
[0.868s] Level 1:colcon.colcon_core.environment:checking '/home/gun/FUN4/install/fun4_interfaces/lib/pkgconfig/fun4_interfaces.pc'
[0.868s] Level 1:colcon.colcon_core.environment:checking '/home/gun/FUN4/install/fun4_interfaces/lib/python3.10/site-packages'
[0.868s] Level 1:colcon.colcon_core.environment:checking '/home/gun/FUN4/install/fun4_interfaces/bin'
[0.868s] INFO:colcon.colcon_core.shell:Creating package script '/home/gun/FUN4/install/fun4_interfaces/share/fun4_interfaces/package.ps1'
[0.869s] INFO:colcon.colcon_core.shell:Creating package descriptor '/home/gun/FUN4/install/fun4_interfaces/share/fun4_interfaces/package.dsv'
[0.869s] INFO:colcon.colcon_core.shell:Creating package script '/home/gun/FUN4/install/fun4_interfaces/share/fun4_interfaces/package.sh'
[0.870s] INFO:colcon.colcon_core.shell:Creating package script '/home/gun/FUN4/install/fun4_interfaces/share/fun4_interfaces/package.bash'
[0.870s] INFO:colcon.colcon_core.shell:Creating package script '/home/gun/FUN4/install/fun4_interfaces/share/fun4_interfaces/package.zsh'
[0.870s] Level 1:colcon.colcon_core.environment:create_file_with_runtime_dependencies(/home/gun/FUN4/install/fun4_interfaces/share/colcon-core/packages/fun4_interfaces)
[0.925s] Level 1:colcon.colcon_core.environment:create_environment_scripts_only(fun4_interfaces)
[0.925s] Level 1:colcon.colcon_core.environment:checking '/home/gun/FUN4/install/fun4_interfaces' for CMake module files
[0.926s] Level 1:colcon.colcon_core.environment:checking '/home/gun/FUN4/install/fun4_interfaces' for CMake config files
[0.926s] Level 1:colcon.colcon_core.shell:create_environment_hook('fun4_interfaces', 'cmake_prefix_path')
[0.926s] INFO:colcon.colcon_core.shell:Creating environment hook '/home/gun/FUN4/install/fun4_interfaces/share/fun4_interfaces/hook/cmake_prefix_path.ps1'
[0.927s] INFO:colcon.colcon_core.shell:Creating environment descriptor '/home/gun/FUN4/install/fun4_interfaces/share/fun4_interfaces/hook/cmake_prefix_path.dsv'
[0.927s] INFO:colcon.colcon_core.shell:Creating environment hook '/home/gun/FUN4/install/fun4_interfaces/share/fun4_interfaces/hook/cmake_prefix_path.sh'
[0.927s] Level 1:colcon.colcon_core.environment:checking '/home/gun/FUN4/install/fun4_interfaces/lib'
[0.927s] Level 1:colcon.colcon_core.shell:create_environment_hook('fun4_interfaces', 'ld_library_path_lib')
[0.928s] INFO:colcon.colcon_core.shell:Creating environment hook '/home/gun/FUN4/install/fun4_interfaces/share/fun4_interfaces/hook/ld_library_path_lib.ps1'
[0.928s] INFO:colcon.colcon_core.shell:Creating environment descriptor '/home/gun/FUN4/install/fun4_interfaces/share/fun4_interfaces/hook/ld_library_path_lib.dsv'
[0.928s] INFO:colcon.colcon_core.shell:Creating environment hook '/home/gun/FUN4/install/fun4_interfaces/share/fun4_interfaces/hook/ld_library_path_lib.sh'
[0.929s] Level 1:colcon.colcon_core.environment:checking '/home/gun/FUN4/install/fun4_interfaces/bin'
[0.929s] Level 1:colcon.colcon_core.environment:checking '/home/gun/FUN4/install/fun4_interfaces/lib/pkgconfig/fun4_interfaces.pc'
[0.929s] Level 1:colcon.colcon_core.environment:checking '/home/gun/FUN4/install/fun4_interfaces/lib/python3.10/site-packages'
[0.929s] Level 1:colcon.colcon_core.environment:checking '/home/gun/FUN4/install/fun4_interfaces/bin'
[0.929s] INFO:colcon.colcon_core.shell:Creating package script '/home/gun/FUN4/install/fun4_interfaces/share/fun4_interfaces/package.ps1'
[0.930s] INFO:colcon.colcon_core.shell:Creating package descriptor '/home/gun/FUN4/install/fun4_interfaces/share/fun4_interfaces/package.dsv'
[0.930s] INFO:colcon.colcon_core.shell:Creating package script '/home/gun/FUN4/install/fun4_interfaces/share/fun4_interfaces/package.sh'
[0.931s] INFO:colcon.colcon_core.shell:Creating package script '/home/gun/FUN4/install/fun4_interfaces/share/fun4_interfaces/package.bash'
[0.931s] INFO:colcon.colcon_core.shell:Creating package script '/home/gun/FUN4/install/fun4_interfaces/share/fun4_interfaces/package.zsh'
[0.931s] Level 1:colcon.colcon_core.environment:create_file_with_runtime_dependencies(/home/gun/FUN4/install/fun4_interfaces/share/colcon-core/packages/fun4_interfaces)
[0.931s] DEBUG:colcon.colcon_parallel_executor.executor.parallel:closing loop
[0.932s] DEBUG:colcon.colcon_parallel_executor.executor.parallel:loop closed
[0.932s] DEBUG:colcon.colcon_parallel_executor.executor.parallel:run_until_complete finished with '0'
[0.932s] DEBUG:colcon.colcon_core.event_reactor:joining thread
[0.948s] INFO:colcon.colcon_core.plugin_system:Skipping extension 'colcon_notification.desktop_notification.terminal_notifier': Not used on non-Darwin systems
[0.948s] INFO:colcon.colcon_core.plugin_system:Skipping extension 'colcon_notification.desktop_notification.win32': Not used on non-Windows systems
[0.948s] INFO:colcon.colcon_notification.desktop_notification:Sending desktop notification using 'notify2'
[0.959s] DEBUG:colcon.colcon_core.event_reactor:joined thread
[0.960s] INFO:colcon.colcon_core.shell:Creating prefix script '/home/gun/FUN4/install/local_setup.ps1'
[0.961s] INFO:colcon.colcon_core.shell:Creating prefix util module '/home/gun/FUN4/install/_local_setup_util_ps1.py'
[0.962s] INFO:colcon.colcon_core.shell:Creating prefix chain script '/home/gun/FUN4/install/setup.ps1'
[0.964s] INFO:colcon.colcon_core.shell:Creating prefix script '/home/gun/FUN4/install/local_setup.sh'
[0.964s] INFO:colcon.colcon_core.shell:Creating prefix util module '/home/gun/FUN4/install/_local_setup_util_sh.py'
[0.965s] INFO:colcon.colcon_core.shell:Creating prefix chain script '/home/gun/FUN4/install/setup.sh'
[0.967s] INFO:colcon.colcon_core.shell:Creating prefix script '/home/gun/FUN4/install/local_setup.bash'
[0.967s] INFO:colcon.colcon_core.shell:Creating prefix chain script '/home/gun/FUN4/install/setup.bash'
[0.969s] INFO:colcon.colcon_core.shell:Creating prefix script '/home/gun/FUN4/install/local_setup.zsh'
[0.970s] INFO:colcon.colcon_core.shell:Creating prefix chain script '/home/gun/FUN4/install/setup.zsh'
