[0.015s] Invoking command in '/home/gun/FUN4/build/fun4_interfaces': CMAKE_PREFIX_PATH=${CMAKE_PREFIX_PATH}:/home/gun/ros2_ws/install/turtlesim_catch_them_all:/home/gun/ros2_ws/install/my_py_pkg:/home/gun/ros2_ws/install/actions_py:/opt/ros/humble /usr/bin/cmake --build /home/gun/FUN4/build/fun4_interfaces -- -j8 -l8
[0.039s] -- Found ament_cmake: 1.3.10 (/opt/ros/humble/share/ament_cmake/cmake)
[0.179s] -- Found geometry_msgs: 4.2.4 (/opt/ros/humble/share/geometry_msgs/cmake)
[0.204s] -- Found rosidl_generator_c: 3.1.5 (/opt/ros/humble/share/rosidl_generator_c/cmake)
[0.207s] -- Found rosidl_adapter: 3.1.5 (/opt/ros/humble/share/rosidl_adapter/cmake)
[0.212s] -- Found rosidl_generator_cpp: 3.1.5 (/opt/ros/humble/share/rosidl_generator_cpp/cmake)
[0.223s] -- Using all available rosidl_typesupport_c: rosidl_typesupport_fastrtps_c;rosidl_typesupport_introspection_c
[0.235s] -- Using all available rosidl_typesupport_cpp: rosidl_typesupport_fastrtps_cpp;rosidl_typesupport_introspection_cpp
[0.271s] -- Found rosidl_default_generators: 1.2.0 (/opt/ros/humble/share/rosidl_default_generators/cmake)
[0.487s] [31mCMake Error at /opt/ros/humble/share/rosidl_adapter/cmake/rosidl_adapt_interfaces.cmake:59 (message):
[0.488s]   execute_process(/usr/bin/python3 -m rosidl_adapter --package-name
[0.488s]   fun4_interfaces --arguments-file
[0.488s]   /home/gun/FUN4/build/fun4_interfaces/rosidl_adapter__arguments__fun4_interfaces.json
[0.488s]   --output-dir
[0.488s]   /home/gun/FUN4/build/fun4_interfaces/rosidl_adapter/fun4_interfaces
[0.488s]   --output-file
[0.488s]   /home/gun/FUN4/build/fun4_interfaces/rosidl_adapter/fun4_interfaces.idls)
[0.488s]   returned error code 1:
[0.488s] 
[0.488s]   Traceback (most recent call last):
[0.488s] 
[0.488s]     File "/usr/lib/python3.10/runpy.py", line 196, in _run_module_as_main
[0.488s]       return _run_code(code, main_globals, None,
[0.488s]     File "/usr/lib/python3.10/runpy.py", line 86, in _run_code
[0.488s]       exec(code, run_globals)
[0.488s]     File "/opt/ros/humble/local/lib/python3.10/dist-packages/rosidl_adapter/__main__.py", line 19, in <module>
[0.488s]       sys.exit(main())
[0.489s]     File "/opt/ros/humble/local/lib/python3.10/dist-packages/rosidl_adapter/main.py", line 53, in main
[0.489s]       abs_idl_file = convert_to_idl(
[0.489s]     File "/opt/ros/humble/local/lib/python3.10/dist-packages/rosidl_adapter/__init__.py", line 19, in convert_to_idl
[0.489s]       return convert_msg_to_idl(
[0.489s]     File "/opt/ros/humble/local/lib/python3.10/dist-packages/rosidl_adapter/msg/__init__.py", line 28, in convert_msg_to_idl
[0.489s]       msg = parse_message_string(package_name, input_file.stem, content)
[0.489s]     File "/opt/ros/humble/local/lib/python3.10/dist-packages/rosidl_adapter/parser.py", line 544, in parse_message_string
[0.489s]       msg = MessageSpecification(pkg_name, msg_name, fields, constants)
[0.489s]     File "/opt/ros/humble/local/lib/python3.10/dist-packages/rosidl_adapter/parser.py", line 388, in __init__
[0.489s]       self.base_type = BaseType(
[0.489s]     File "/opt/ros/humble/local/lib/python3.10/dist-packages/rosidl_adapter/parser.py", line 205, in __init__
[0.489s]       raise InvalidResourceName(
[0.489s] 
[0.489s]   rosidl_adapter.parser.InvalidResourceName: 'Joint_sol' is an invalid
[0.489s]   message name.  It should have the pattern '^[A-Z][A-Za-z0-9]*$'
[0.489s] 
[0.490s] Call Stack (most recent call first):
[0.490s]   /opt/ros/humble/share/rosidl_cmake/cmake/rosidl_generate_interfaces.cmake:130 (rosidl_adapt_interfaces)
[0.490s]   CMakeLists.txt:16 (rosidl_generate_interfaces)
[0.490s] 
[0.490s] [0m
[0.490s] -- Configuring incomplete, errors occurred!
[0.490s] See also "/home/gun/FUN4/build/fun4_interfaces/CMakeFiles/CMakeOutput.log".
[0.495s] gmake: *** [Makefile:1179: cmake_check_build_system] Error 1
[0.497s] Invoked command in '/home/gun/FUN4/build/fun4_interfaces' returned '2': CMAKE_PREFIX_PATH=${CMAKE_PREFIX_PATH}:/home/gun/ros2_ws/install/turtlesim_catch_them_all:/home/gun/ros2_ws/install/my_py_pkg:/home/gun/ros2_ws/install/actions_py:/opt/ros/humble /usr/bin/cmake --build /home/gun/FUN4/build/fun4_interfaces -- -j8 -l8
