[0.145s] DEBUG:colcon:Command line arguments: ['/usr/bin/colcon', 'build']
[0.145s] DEBUG:colcon:Parsed command line arguments: Namespace(log_base=None, log_level=None, verb_name='build', build_base='build', install_base='install', merge_install=False, symlink_install=False, test_result_base=None, continue_on_error=False, executor='parallel', parallel_workers=8, event_handlers=None, ignore_user_meta=False, metas=['./colcon.meta'], base_paths=['.'], packages_ignore=None, packages_ignore_regex=None, paths=None, packages_up_to=None, packages_up_to_regex=None, packages_above=None, packages_above_and_dependencies=None, packages_above_depth=None, packages_select_by_dep=None, packages_skip_by_dep=None, packages_skip_up_to=None, packages_select_build_failed=False, packages_skip_build_finished=False, packages_select_test_failures=False, packages_skip_test_passed=False, packages_select=None, packages_skip=None, packages_select_regex=None, packages_skip_regex=None, packages_start=None, packages_end=None, allow_overriding=[], cmake_args=None, cmake_target=None, cmake_target_skip_unavailable=False, cmake_clean_cache=False, cmake_clean_first=False, cmake_force_configure=False, ament_cmake_args=None, catkin_cmake_args=None, catkin_skip_building_tests=False, mixin_files=None, mixin=None, verb_parser=<colcon_mixin.mixin.mixin_argument.MixinArgumentDecorator object at 0x73661d24de40>, verb_extension=<colcon_core.verb.build.BuildVerb object at 0x73661d24d1e0>, main=<bound method BuildVerb.main of <colcon_core.verb.build.BuildVerb object at 0x73661d24d1e0>>, mixin_verb=('build',))
[0.189s] Level 1:colcon.colcon_core.package_discovery:discover_packages(colcon_meta) check parameters
[0.189s] Level 1:colcon.colcon_core.package_discovery:discover_packages(recursive) check parameters
[0.189s] Level 1:colcon.colcon_core.package_discovery:discover_packages(ignore) check parameters
[0.189s] Level 1:colcon.colcon_core.package_discovery:discover_packages(path) check parameters
[0.189s] Level 1:colcon.colcon_core.package_discovery:discover_packages(colcon_meta) discover
[0.189s] Level 1:colcon.colcon_core.package_discovery:discover_packages(recursive) discover
[0.189s] INFO:colcon.colcon_core.package_discovery:Crawling recursively for packages in '/home/gun/FUN4'
[0.189s] Level 1:colcon.colcon_core.package_identification:_identify(.) by extensions ['ignore', 'ignore_ament_install']
[0.189s] Level 1:colcon.colcon_core.package_identification:_identify(.) by extension 'ignore'
[0.189s] Level 1:colcon.colcon_core.package_identification:_identify(.) by extension 'ignore_ament_install'
[0.189s] Level 1:colcon.colcon_core.package_identification:_identify(.) by extensions ['colcon_pkg']
[0.189s] Level 1:colcon.colcon_core.package_identification:_identify(.) by extension 'colcon_pkg'
[0.189s] Level 1:colcon.colcon_core.package_identification:_identify(.) by extensions ['colcon_meta']
[0.189s] Level 1:colcon.colcon_core.package_identification:_identify(.) by extension 'colcon_meta'
[0.189s] Level 1:colcon.colcon_core.package_identification:_identify(.) by extensions ['ros']
[0.189s] Level 1:colcon.colcon_core.package_identification:_identify(.) by extension 'ros'
[0.204s] Level 1:colcon.colcon_core.package_identification:_identify(.) by extensions ['cmake', 'python']
[0.204s] Level 1:colcon.colcon_core.package_identification:_identify(.) by extension 'cmake'
[0.204s] Level 1:colcon.colcon_core.package_identification:_identify(.) by extension 'python'
[0.204s] Level 1:colcon.colcon_core.package_identification:_identify(.) by extensions ['python_setup_py']
[0.204s] Level 1:colcon.colcon_core.package_identification:_identify(.) by extension 'python_setup_py'
[0.205s] Level 1:colcon.colcon_core.package_identification:_identify(build) by extensions ['ignore', 'ignore_ament_install']
[0.205s] Level 1:colcon.colcon_core.package_identification:_identify(build) by extension 'ignore'
[0.205s] Level 1:colcon.colcon_core.package_identification:_identify(build) ignored
[0.205s] Level 1:colcon.colcon_core.package_identification:_identify(install) by extensions ['ignore', 'ignore_ament_install']
[0.205s] Level 1:colcon.colcon_core.package_identification:_identify(install) by extension 'ignore'
[0.205s] Level 1:colcon.colcon_core.package_identification:_identify(install) ignored
[0.206s] Level 1:colcon.colcon_core.package_identification:_identify(log) by extensions ['ignore', 'ignore_ament_install']
[0.206s] Level 1:colcon.colcon_core.package_identification:_identify(log) by extension 'ignore'
[0.206s] Level 1:colcon.colcon_core.package_identification:_identify(log) ignored
[0.206s] Level 1:colcon.colcon_core.package_identification:_identify(src) by extensions ['ignore', 'ignore_ament_install']
[0.206s] Level 1:colcon.colcon_core.package_identification:_identify(src) by extension 'ignore'
[0.206s] Level 1:colcon.colcon_core.package_identification:_identify(src) by extension 'ignore_ament_install'
[0.206s] Level 1:colcon.colcon_core.package_identification:_identify(src) by extensions ['colcon_pkg']
[0.206s] Level 1:colcon.colcon_core.package_identification:_identify(src) by extension 'colcon_pkg'
[0.206s] Level 1:colcon.colcon_core.package_identification:_identify(src) by extensions ['colcon_meta']
[0.206s] Level 1:colcon.colcon_core.package_identification:_identify(src) by extension 'colcon_meta'
[0.206s] Level 1:colcon.colcon_core.package_identification:_identify(src) by extensions ['ros']
[0.206s] Level 1:colcon.colcon_core.package_identification:_identify(src) by extension 'ros'
[0.206s] Level 1:colcon.colcon_core.package_identification:_identify(src) by extensions ['cmake', 'python']
[0.206s] Level 1:colcon.colcon_core.package_identification:_identify(src) by extension 'cmake'
[0.206s] Level 1:colcon.colcon_core.package_identification:_identify(src) by extension 'python'
[0.206s] Level 1:colcon.colcon_core.package_identification:_identify(src) by extensions ['python_setup_py']
[0.206s] Level 1:colcon.colcon_core.package_identification:_identify(src) by extension 'python_setup_py'
[0.206s] Level 1:colcon.colcon_core.package_identification:_identify(src/fun4_description) by extensions ['ignore', 'ignore_ament_install']
[0.207s] Level 1:colcon.colcon_core.package_identification:_identify(src/fun4_description) by extension 'ignore'
[0.207s] Level 1:colcon.colcon_core.package_identification:_identify(src/fun4_description) by extension 'ignore_ament_install'
[0.207s] Level 1:colcon.colcon_core.package_identification:_identify(src/fun4_description) by extensions ['colcon_pkg']
[0.207s] Level 1:colcon.colcon_core.package_identification:_identify(src/fun4_description) by extension 'colcon_pkg'
[0.207s] Level 1:colcon.colcon_core.package_identification:_identify(src/fun4_description) by extensions ['colcon_meta']
[0.207s] Level 1:colcon.colcon_core.package_identification:_identify(src/fun4_description) by extension 'colcon_meta'
[0.207s] Level 1:colcon.colcon_core.package_identification:_identify(src/fun4_description) by extensions ['ros']
[0.207s] Level 1:colcon.colcon_core.package_identification:_identify(src/fun4_description) by extension 'ros'
[0.209s] DEBUG:colcon.colcon_core.package_identification:Package 'src/fun4_description' with type 'ros.ament_cmake' and name 'fun4_description'
[0.210s] Level 1:colcon.colcon_core.package_identification:_identify(src/fun4_interfaces) by extensions ['ignore', 'ignore_ament_install']
[0.210s] Level 1:colcon.colcon_core.package_identification:_identify(src/fun4_interfaces) by extension 'ignore'
[0.210s] Level 1:colcon.colcon_core.package_identification:_identify(src/fun4_interfaces) by extension 'ignore_ament_install'
[0.210s] Level 1:colcon.colcon_core.package_identification:_identify(src/fun4_interfaces) by extensions ['colcon_pkg']
[0.210s] Level 1:colcon.colcon_core.package_identification:_identify(src/fun4_interfaces) by extension 'colcon_pkg'
[0.210s] Level 1:colcon.colcon_core.package_identification:_identify(src/fun4_interfaces) by extensions ['colcon_meta']
[0.210s] Level 1:colcon.colcon_core.package_identification:_identify(src/fun4_interfaces) by extension 'colcon_meta'
[0.210s] Level 1:colcon.colcon_core.package_identification:_identify(src/fun4_interfaces) by extensions ['ros']
[0.210s] Level 1:colcon.colcon_core.package_identification:_identify(src/fun4_interfaces) by extension 'ros'
[0.211s] DEBUG:colcon.colcon_core.package_identification:Package 'src/fun4_interfaces' with type 'ros.ament_cmake' and name 'fun4_interfaces'
[0.211s] Level 1:colcon.colcon_core.package_discovery:discover_packages(recursive) using defaults
[0.211s] Level 1:colcon.colcon_core.package_discovery:discover_packages(ignore) discover
[0.211s] Level 1:colcon.colcon_core.package_discovery:discover_packages(ignore) using defaults
[0.211s] Level 1:colcon.colcon_core.package_discovery:discover_packages(path) discover
[0.211s] Level 1:colcon.colcon_core.package_discovery:discover_packages(path) using defaults
[0.233s] Level 1:colcon.colcon_core.package_discovery:discover_packages(prefix_path) check parameters
[0.233s] Level 1:colcon.colcon_core.package_discovery:discover_packages(prefix_path) discover
[0.239s] DEBUG:colcon.colcon_installed_package_information.package_discovery:Found 15 installed packages in /home/gun/ros2_ws/install
[0.240s] DEBUG:colcon.colcon_installed_package_information.package_discovery:Found 1 installed packages in /home/gun/MyRos2_ws/install
[0.240s] DEBUG:colcon.colcon_installed_package_information.package_discovery:Found 3 installed packages in /home/gun/turtlebot3_ws/install
[0.241s] DEBUG:colcon.colcon_installed_package_information.package_discovery:Found 2 installed packages in /home/gun/RoboticsDev2024/install
[0.241s] DEBUG:colcon.colcon_installed_package_information.package_discovery:Found 4 installed packages in /home/gun/exam1/install
[0.242s] DEBUG:colcon.colcon_installed_package_information.package_discovery:Found 2 installed packages in /home/gun/FUN4/install
[0.243s] DEBUG:colcon.colcon_installed_package_information.package_discovery:Found 411 installed packages in /opt/ros/humble
[0.245s] Level 1:colcon.colcon_core.package_discovery:discover_packages(prefix_path) using defaults
[0.313s] Level 5:colcon.colcon_core.verb:set package 'fun4_description' build argument 'cmake_args' from command line to 'None'
[0.313s] Level 5:colcon.colcon_core.verb:set package 'fun4_description' build argument 'cmake_target' from command line to 'None'
[0.313s] Level 5:colcon.colcon_core.verb:set package 'fun4_description' build argument 'cmake_target_skip_unavailable' from command line to 'False'
[0.313s] Level 5:colcon.colcon_core.verb:set package 'fun4_description' build argument 'cmake_clean_cache' from command line to 'False'
[0.313s] Level 5:colcon.colcon_core.verb:set package 'fun4_description' build argument 'cmake_clean_first' from command line to 'False'
[0.313s] Level 5:colcon.colcon_core.verb:set package 'fun4_description' build argument 'cmake_force_configure' from command line to 'False'
[0.313s] Level 5:colcon.colcon_core.verb:set package 'fun4_description' build argument 'ament_cmake_args' from command line to 'None'
[0.313s] Level 5:colcon.colcon_core.verb:set package 'fun4_description' build argument 'catkin_cmake_args' from command line to 'None'
[0.313s] Level 5:colcon.colcon_core.verb:set package 'fun4_description' build argument 'catkin_skip_building_tests' from command line to 'False'
[0.313s] DEBUG:colcon.colcon_core.verb:Building package 'fun4_description' with the following arguments: {'ament_cmake_args': None, 'build_base': '/home/gun/FUN4/build/fun4_description', 'catkin_cmake_args': None, 'catkin_skip_building_tests': False, 'cmake_args': None, 'cmake_clean_cache': False, 'cmake_clean_first': False, 'cmake_force_configure': False, 'cmake_target': None, 'cmake_target_skip_unavailable': False, 'install_base': '/home/gun/FUN4/install/fun4_description', 'merge_install': False, 'path': '/home/gun/FUN4/src/fun4_description', 'symlink_install': False, 'test_result_base': None}
[0.313s] Level 5:colcon.colcon_core.verb:set package 'fun4_interfaces' build argument 'cmake_args' from command line to 'None'
[0.313s] Level 5:colcon.colcon_core.verb:set package 'fun4_interfaces' build argument 'cmake_target' from command line to 'None'
[0.313s] Level 5:colcon.colcon_core.verb:set package 'fun4_interfaces' build argument 'cmake_target_skip_unavailable' from command line to 'False'
[0.313s] Level 5:colcon.colcon_core.verb:set package 'fun4_interfaces' build argument 'cmake_clean_cache' from command line to 'False'
[0.313s] Level 5:colcon.colcon_core.verb:set package 'fun4_interfaces' build argument 'cmake_clean_first' from command line to 'False'
[0.313s] Level 5:colcon.colcon_core.verb:set package 'fun4_interfaces' build argument 'cmake_force_configure' from command line to 'False'
[0.313s] Level 5:colcon.colcon_core.verb:set package 'fun4_interfaces' build argument 'ament_cmake_args' from command line to 'None'
[0.313s] Level 5:colcon.colcon_core.verb:set package 'fun4_interfaces' build argument 'catkin_cmake_args' from command line to 'None'
[0.313s] Level 5:colcon.colcon_core.verb:set package 'fun4_interfaces' build argument 'catkin_skip_building_tests' from command line to 'False'
[0.313s] DEBUG:colcon.colcon_core.verb:Building package 'fun4_interfaces' with the following arguments: {'ament_cmake_args': None, 'build_base': '/home/gun/FUN4/build/fun4_interfaces', 'catkin_cmake_args': None, 'catkin_skip_building_tests': False, 'cmake_args': None, 'cmake_clean_cache': False, 'cmake_clean_first': False, 'cmake_force_configure': False, 'cmake_target': None, 'cmake_target_skip_unavailable': False, 'install_base': '/home/gun/FUN4/install/fun4_interfaces', 'merge_install': False, 'path': '/home/gun/FUN4/src/fun4_interfaces', 'symlink_install': False, 'test_result_base': None}
[0.314s] INFO:colcon.colcon_core.executor:Executing jobs using 'parallel' executor
[0.315s] DEBUG:colcon.colcon_parallel_executor.executor.parallel:run_until_complete
[0.315s] INFO:colcon.colcon_ros.task.ament_cmake.build:Building ROS package in '/home/gun/FUN4/src/fun4_description' with build type 'ament_cmake'
[0.315s] INFO:colcon.colcon_cmake.task.cmake.build:Building CMake package in '/home/gun/FUN4/src/fun4_description'
[0.320s] INFO:colcon.colcon_core.plugin_system:Skipping extension 'colcon_core.shell.bat': Not used on non-Windows systems
[0.320s] INFO:colcon.colcon_core.shell:Skip shell extension 'powershell' for command environment: Not usable outside of PowerShell
[0.320s] DEBUG:colcon.colcon_core.shell:Skip shell extension 'dsv' for command environment
[0.327s] INFO:colcon.colcon_ros.task.ament_cmake.build:Building ROS package in '/home/gun/FUN4/src/fun4_interfaces' with build type 'ament_cmake'
[0.327s] INFO:colcon.colcon_cmake.task.cmake.build:Building CMake package in '/home/gun/FUN4/src/fun4_interfaces'
[0.327s] INFO:colcon.colcon_core.shell:Skip shell extension 'powershell' for command environment: Not usable outside of PowerShell
[0.327s] DEBUG:colcon.colcon_core.shell:Skip shell extension 'dsv' for command environment
[0.338s] DEBUG:colcon.colcon_core.event_handler.log_command:Invoking command in '/home/gun/FUN4/build/fun4_description': CMAKE_PREFIX_PATH=${CMAKE_PREFIX_PATH}:/home/gun/ros2_ws/install/turtlesim_catch_them_all:/home/gun/ros2_ws/install/my_py_pkg:/home/gun/ros2_ws/install/actions_py:/opt/ros/humble /usr/bin/cmake --build /home/gun/FUN4/build/fun4_description -- -j8 -l8
[0.344s] DEBUG:colcon.colcon_core.event_handler.log_command:Invoking command in '/home/gun/FUN4/build/fun4_interfaces': CMAKE_PREFIX_PATH=${CMAKE_PREFIX_PATH}:/home/gun/ros2_ws/install/turtlesim_catch_them_all:/home/gun/ros2_ws/install/my_py_pkg:/home/gun/ros2_ws/install/actions_py:/opt/ros/humble /usr/bin/cmake --build /home/gun/FUN4/build/fun4_interfaces -- -j8 -l8
[0.822s] DEBUG:colcon.colcon_core.event_handler.log_command:Invoked command in '/home/gun/FUN4/build/fun4_description' returned '0': CMAKE_PREFIX_PATH=${CMAKE_PREFIX_PATH}:/home/gun/ros2_ws/install/turtlesim_catch_them_all:/home/gun/ros2_ws/install/my_py_pkg:/home/gun/ros2_ws/install/actions_py:/opt/ros/humble /usr/bin/cmake --build /home/gun/FUN4/build/fun4_description -- -j8 -l8
[0.823s] DEBUG:colcon.colcon_core.event_handler.log_command:Invoked command in '/home/gun/FUN4/build/fun4_interfaces' returned '0': CMAKE_PREFIX_PATH=${CMAKE_PREFIX_PATH}:/home/gun/ros2_ws/install/turtlesim_catch_them_all:/home/gun/ros2_ws/install/my_py_pkg:/home/gun/ros2_ws/install/actions_py:/opt/ros/humble /usr/bin/cmake --build /home/gun/FUN4/build/fun4_interfaces -- -j8 -l8
[0.854s] DEBUG:colcon.colcon_core.event_handler.log_command:Invoking command in '/home/gun/FUN4/build/fun4_description': CMAKE_PREFIX_PATH=${CMAKE_PREFIX_PATH}:/home/gun/ros2_ws/install/turtlesim_catch_them_all:/home/gun/ros2_ws/install/my_py_pkg:/home/gun/ros2_ws/install/actions_py:/opt/ros/humble /usr/bin/cmake --install /home/gun/FUN4/build/fun4_description
[0.899s] DEBUG:colcon.colcon_core.event_handler.log_command:Invoking command in '/home/gun/FUN4/build/fun4_interfaces': CMAKE_PREFIX_PATH=${CMAKE_PREFIX_PATH}:/home/gun/ros2_ws/install/turtlesim_catch_them_all:/home/gun/ros2_ws/install/my_py_pkg:/home/gun/ros2_ws/install/actions_py:/opt/ros/humble /usr/bin/cmake --install /home/gun/FUN4/build/fun4_interfaces
[0.918s] Level 1:colcon.colcon_core.environment:create_environment_scripts_only(fun4_description)
[0.919s] DEBUG:colcon.colcon_core.event_handler.log_command:Invoked command in '/home/gun/FUN4/build/fun4_description' returned '0': CMAKE_PREFIX_PATH=${CMAKE_PREFIX_PATH}:/home/gun/ros2_ws/install/turtlesim_catch_them_all:/home/gun/ros2_ws/install/my_py_pkg:/home/gun/ros2_ws/install/actions_py:/opt/ros/humble /usr/bin/cmake --install /home/gun/FUN4/build/fun4_description
[0.923s] Level 1:colcon.colcon_core.environment:checking '/home/gun/FUN4/install/fun4_description' for CMake module files
[0.924s] Level 1:colcon.colcon_core.environment:checking '/home/gun/FUN4/install/fun4_description' for CMake config files
[0.924s] Level 1:colcon.colcon_core.shell:create_environment_hook('fun4_description', 'cmake_prefix_path')
[0.924s] INFO:colcon.colcon_core.shell:Creating environment hook '/home/gun/FUN4/install/fun4_description/share/fun4_description/hook/cmake_prefix_path.ps1'
[0.925s] INFO:colcon.colcon_core.shell:Creating environment descriptor '/home/gun/FUN4/install/fun4_description/share/fun4_description/hook/cmake_prefix_path.dsv'
[0.926s] INFO:colcon.colcon_core.shell:Creating environment hook '/home/gun/FUN4/install/fun4_description/share/fun4_description/hook/cmake_prefix_path.sh'
[0.927s] Level 1:colcon.colcon_core.environment:checking '/home/gun/FUN4/install/fun4_description/lib'
[0.927s] Level 1:colcon.colcon_core.environment:checking '/home/gun/FUN4/install/fun4_description/bin'
[0.927s] Level 1:colcon.colcon_core.environment:checking '/home/gun/FUN4/install/fun4_description/lib/pkgconfig/fun4_description.pc'
[0.928s] Level 1:colcon.colcon_core.environment:checking '/home/gun/FUN4/install/fun4_description/lib/python3.10/site-packages'
[0.928s] Level 1:colcon.colcon_core.environment:checking '/home/gun/FUN4/install/fun4_description/bin'
[0.928s] INFO:colcon.colcon_core.shell:Creating package script '/home/gun/FUN4/install/fun4_description/share/fun4_description/package.ps1'
[0.929s] INFO:colcon.colcon_core.shell:Creating package descriptor '/home/gun/FUN4/install/fun4_description/share/fun4_description/package.dsv'
[0.930s] INFO:colcon.colcon_core.shell:Creating package script '/home/gun/FUN4/install/fun4_description/share/fun4_description/package.sh'
[0.931s] INFO:colcon.colcon_core.shell:Creating package script '/home/gun/FUN4/install/fun4_description/share/fun4_description/package.bash'
[0.943s] INFO:colcon.colcon_core.shell:Creating package script '/home/gun/FUN4/install/fun4_description/share/fun4_description/package.zsh'
[0.944s] Level 1:colcon.colcon_core.environment:create_file_with_runtime_dependencies(/home/gun/FUN4/install/fun4_description/share/colcon-core/packages/fun4_description)
[0.971s] Level 1:colcon.colcon_core.environment:create_environment_scripts_only(fun4_description)
[0.971s] Level 1:colcon.colcon_core.environment:checking '/home/gun/FUN4/install/fun4_description' for CMake module files
[0.971s] Level 1:colcon.colcon_core.environment:checking '/home/gun/FUN4/install/fun4_description' for CMake config files
[0.972s] Level 1:colcon.colcon_core.shell:create_environment_hook('fun4_description', 'cmake_prefix_path')
[0.972s] INFO:colcon.colcon_core.shell:Creating environment hook '/home/gun/FUN4/install/fun4_description/share/fun4_description/hook/cmake_prefix_path.ps1'
[0.972s] INFO:colcon.colcon_core.shell:Creating environment descriptor '/home/gun/FUN4/install/fun4_description/share/fun4_description/hook/cmake_prefix_path.dsv'
[0.973s] INFO:colcon.colcon_core.shell:Creating environment hook '/home/gun/FUN4/install/fun4_description/share/fun4_description/hook/cmake_prefix_path.sh'
[0.973s] Level 1:colcon.colcon_core.environment:checking '/home/gun/FUN4/install/fun4_description/lib'
[0.973s] Level 1:colcon.colcon_core.environment:checking '/home/gun/FUN4/install/fun4_description/bin'
[0.973s] Level 1:colcon.colcon_core.environment:checking '/home/gun/FUN4/install/fun4_description/lib/pkgconfig/fun4_description.pc'
[0.974s] Level 1:colcon.colcon_core.environment:checking '/home/gun/FUN4/install/fun4_description/lib/python3.10/site-packages'
[0.974s] Level 1:colcon.colcon_core.environment:checking '/home/gun/FUN4/install/fun4_description/bin'
[0.974s] INFO:colcon.colcon_core.shell:Creating package script '/home/gun/FUN4/install/fun4_description/share/fun4_description/package.ps1'
[0.974s] INFO:colcon.colcon_core.shell:Creating package descriptor '/home/gun/FUN4/install/fun4_description/share/fun4_description/package.dsv'
[0.975s] INFO:colcon.colcon_core.shell:Creating package script '/home/gun/FUN4/install/fun4_description/share/fun4_description/package.sh'
[0.975s] INFO:colcon.colcon_core.shell:Creating package script '/home/gun/FUN4/install/fun4_description/share/fun4_description/package.bash'
[0.976s] INFO:colcon.colcon_core.shell:Creating package script '/home/gun/FUN4/install/fun4_description/share/fun4_description/package.zsh'
[0.976s] Level 1:colcon.colcon_core.environment:create_file_with_runtime_dependencies(/home/gun/FUN4/install/fun4_description/share/colcon-core/packages/fun4_description)
[0.977s] Level 1:colcon.colcon_core.environment:create_environment_scripts_only(fun4_interfaces)
[0.977s] Level 1:colcon.colcon_core.environment:checking '/home/gun/FUN4/install/fun4_interfaces' for CMake module files
[0.978s] DEBUG:colcon.colcon_core.event_handler.log_command:Invoked command in '/home/gun/FUN4/build/fun4_interfaces' returned '0': CMAKE_PREFIX_PATH=${CMAKE_PREFIX_PATH}:/home/gun/ros2_ws/install/turtlesim_catch_them_all:/home/gun/ros2_ws/install/my_py_pkg:/home/gun/ros2_ws/install/actions_py:/opt/ros/humble /usr/bin/cmake --install /home/gun/FUN4/build/fun4_interfaces
[0.978s] Level 1:colcon.colcon_core.environment:checking '/home/gun/FUN4/install/fun4_interfaces' for CMake config files
[0.979s] Level 1:colcon.colcon_core.shell:create_environment_hook('fun4_interfaces', 'cmake_prefix_path')
[0.979s] INFO:colcon.colcon_core.shell:Creating environment hook '/home/gun/FUN4/install/fun4_interfaces/share/fun4_interfaces/hook/cmake_prefix_path.ps1'
[0.979s] INFO:colcon.colcon_core.shell:Creating environment descriptor '/home/gun/FUN4/install/fun4_interfaces/share/fun4_interfaces/hook/cmake_prefix_path.dsv'
[0.980s] INFO:colcon.colcon_core.shell:Creating environment hook '/home/gun/FUN4/install/fun4_interfaces/share/fun4_interfaces/hook/cmake_prefix_path.sh'
[0.980s] Level 1:colcon.colcon_core.environment:checking '/home/gun/FUN4/install/fun4_interfaces/lib'
[0.980s] Level 1:colcon.colcon_core.shell:create_environment_hook('fun4_interfaces', 'ld_library_path_lib')
[0.980s] INFO:colcon.colcon_core.shell:Creating environment hook '/home/gun/FUN4/install/fun4_interfaces/share/fun4_interfaces/hook/ld_library_path_lib.ps1'
[0.981s] INFO:colcon.colcon_core.shell:Creating environment descriptor '/home/gun/FUN4/install/fun4_interfaces/share/fun4_interfaces/hook/ld_library_path_lib.dsv'
[0.981s] INFO:colcon.colcon_core.shell:Creating environment hook '/home/gun/FUN4/install/fun4_interfaces/share/fun4_interfaces/hook/ld_library_path_lib.sh'
[0.981s] Level 1:colcon.colcon_core.environment:checking '/home/gun/FUN4/install/fun4_interfaces/bin'
[0.981s] Level 1:colcon.colcon_core.environment:checking '/home/gun/FUN4/install/fun4_interfaces/lib/pkgconfig/fun4_interfaces.pc'
[0.982s] Level 1:colcon.colcon_core.environment:checking '/home/gun/FUN4/install/fun4_interfaces/lib/python3.10/site-packages'
[0.982s] Level 1:colcon.colcon_core.environment:checking '/home/gun/FUN4/install/fun4_interfaces/bin'
[0.982s] INFO:colcon.colcon_core.shell:Creating package script '/home/gun/FUN4/install/fun4_interfaces/share/fun4_interfaces/package.ps1'
[0.983s] INFO:colcon.colcon_core.shell:Creating package descriptor '/home/gun/FUN4/install/fun4_interfaces/share/fun4_interfaces/package.dsv'
[0.983s] INFO:colcon.colcon_core.shell:Creating package script '/home/gun/FUN4/install/fun4_interfaces/share/fun4_interfaces/package.sh'
[0.983s] INFO:colcon.colcon_core.shell:Creating package script '/home/gun/FUN4/install/fun4_interfaces/share/fun4_interfaces/package.bash'
[0.984s] INFO:colcon.colcon_core.shell:Creating package script '/home/gun/FUN4/install/fun4_interfaces/share/fun4_interfaces/package.zsh'
[0.984s] Level 1:colcon.colcon_core.environment:create_file_with_runtime_dependencies(/home/gun/FUN4/install/fun4_interfaces/share/colcon-core/packages/fun4_interfaces)
[1.058s] Level 1:colcon.colcon_core.environment:create_environment_scripts_only(fun4_interfaces)
[1.058s] Level 1:colcon.colcon_core.environment:checking '/home/gun/FUN4/install/fun4_interfaces' for CMake module files
[1.059s] Level 1:colcon.colcon_core.environment:checking '/home/gun/FUN4/install/fun4_interfaces' for CMake config files
[1.059s] Level 1:colcon.colcon_core.shell:create_environment_hook('fun4_interfaces', 'cmake_prefix_path')
[1.059s] INFO:colcon.colcon_core.shell:Creating environment hook '/home/gun/FUN4/install/fun4_interfaces/share/fun4_interfaces/hook/cmake_prefix_path.ps1'
[1.060s] INFO:colcon.colcon_core.shell:Creating environment descriptor '/home/gun/FUN4/install/fun4_interfaces/share/fun4_interfaces/hook/cmake_prefix_path.dsv'
[1.060s] INFO:colcon.colcon_core.shell:Creating environment hook '/home/gun/FUN4/install/fun4_interfaces/share/fun4_interfaces/hook/cmake_prefix_path.sh'
[1.060s] Level 1:colcon.colcon_core.environment:checking '/home/gun/FUN4/install/fun4_interfaces/lib'
[1.061s] Level 1:colcon.colcon_core.shell:create_environment_hook('fun4_interfaces', 'ld_library_path_lib')
[1.061s] INFO:colcon.colcon_core.shell:Creating environment hook '/home/gun/FUN4/install/fun4_interfaces/share/fun4_interfaces/hook/ld_library_path_lib.ps1'
[1.061s] INFO:colcon.colcon_core.shell:Creating environment descriptor '/home/gun/FUN4/install/fun4_interfaces/share/fun4_interfaces/hook/ld_library_path_lib.dsv'
[1.061s] INFO:colcon.colcon_core.shell:Creating environment hook '/home/gun/FUN4/install/fun4_interfaces/share/fun4_interfaces/hook/ld_library_path_lib.sh'
[1.062s] Level 1:colcon.colcon_core.environment:checking '/home/gun/FUN4/install/fun4_interfaces/bin'
[1.062s] Level 1:colcon.colcon_core.environment:checking '/home/gun/FUN4/install/fun4_interfaces/lib/pkgconfig/fun4_interfaces.pc'
[1.062s] Level 1:colcon.colcon_core.environment:checking '/home/gun/FUN4/install/fun4_interfaces/lib/python3.10/site-packages'
[1.062s] Level 1:colcon.colcon_core.environment:checking '/home/gun/FUN4/install/fun4_interfaces/bin'
[1.062s] INFO:colcon.colcon_core.shell:Creating package script '/home/gun/FUN4/install/fun4_interfaces/share/fun4_interfaces/package.ps1'
[1.063s] INFO:colcon.colcon_core.shell:Creating package descriptor '/home/gun/FUN4/install/fun4_interfaces/share/fun4_interfaces/package.dsv'
[1.063s] INFO:colcon.colcon_core.shell:Creating package script '/home/gun/FUN4/install/fun4_interfaces/share/fun4_interfaces/package.sh'
[1.064s] INFO:colcon.colcon_core.shell:Creating package script '/home/gun/FUN4/install/fun4_interfaces/share/fun4_interfaces/package.bash'
[1.064s] INFO:colcon.colcon_core.shell:Creating package script '/home/gun/FUN4/install/fun4_interfaces/share/fun4_interfaces/package.zsh'
[1.064s] Level 1:colcon.colcon_core.environment:create_file_with_runtime_dependencies(/home/gun/FUN4/install/fun4_interfaces/share/colcon-core/packages/fun4_interfaces)
[1.065s] DEBUG:colcon.colcon_parallel_executor.executor.parallel:closing loop
[1.065s] DEBUG:colcon.colcon_parallel_executor.executor.parallel:loop closed
[1.065s] DEBUG:colcon.colcon_parallel_executor.executor.parallel:run_until_complete finished with '0'
[1.065s] DEBUG:colcon.colcon_core.event_reactor:joining thread
[1.071s] INFO:colcon.colcon_core.plugin_system:Skipping extension 'colcon_notification.desktop_notification.terminal_notifier': Not used on non-Darwin systems
[1.071s] INFO:colcon.colcon_core.plugin_system:Skipping extension 'colcon_notification.desktop_notification.win32': Not used on non-Windows systems
[1.071s] INFO:colcon.colcon_notification.desktop_notification:Sending desktop notification using 'notify2'
[1.084s] DEBUG:colcon.colcon_core.event_reactor:joined thread
[1.084s] INFO:colcon.colcon_core.shell:Creating prefix script '/home/gun/FUN4/install/local_setup.ps1'
[1.085s] INFO:colcon.colcon_core.shell:Creating prefix util module '/home/gun/FUN4/install/_local_setup_util_ps1.py'
[1.087s] INFO:colcon.colcon_core.shell:Creating prefix chain script '/home/gun/FUN4/install/setup.ps1'
[1.090s] INFO:colcon.colcon_core.shell:Creating prefix script '/home/gun/FUN4/install/local_setup.sh'
[1.091s] INFO:colcon.colcon_core.shell:Creating prefix util module '/home/gun/FUN4/install/_local_setup_util_sh.py'
[1.091s] INFO:colcon.colcon_core.shell:Creating prefix chain script '/home/gun/FUN4/install/setup.sh'
[1.093s] INFO:colcon.colcon_core.shell:Creating prefix script '/home/gun/FUN4/install/local_setup.bash'
[1.094s] INFO:colcon.colcon_core.shell:Creating prefix chain script '/home/gun/FUN4/install/setup.bash'
[1.096s] INFO:colcon.colcon_core.shell:Creating prefix script '/home/gun/FUN4/install/local_setup.zsh'
[1.097s] INFO:colcon.colcon_core.shell:Creating prefix chain script '/home/gun/FUN4/install/setup.zsh'
