[0.018s] Invoking command in '/home/gun/FUN4/build/fun4_description': CMAKE_PREFIX_PATH=${CMAKE_PREFIX_PATH}:/home/gun/ros2_ws/install/turtlesim_catch_them_all:/home/gun/ros2_ws/install/my_py_pkg:/home/gun/ros2_ws/install/actions_py:/opt/ros/humble /usr/bin/cmake --build /home/gun/FUN4/build/fun4_description -- -j8 -l8
[0.044s] -- Found ament_cmake: 1.3.10 (/opt/ros/humble/share/ament_cmake/cmake)
[0.215s] -- Found rclcpp: 16.0.10 (/opt/ros/humble/share/rclcpp/cmake)
[0.245s] -- Found rosidl_generator_c: 3.1.5 (/opt/ros/humble/share/rosidl_generator_c/cmake)
[0.248s] -- Found rosidl_adapter: 3.1.5 (/opt/ros/humble/share/rosidl_adapter/cmake)
[0.254s] -- Found rosidl_generator_cpp: 3.1.5 (/opt/ros/humble/share/rosidl_generator_cpp/cmake)
[0.265s] -- Using all available rosidl_typesupport_c: rosidl_typesupport_fastrtps_c;rosidl_typesupport_introspection_c
[0.279s] -- Using all available rosidl_typesupport_cpp: rosidl_typesupport_fastrtps_cpp;rosidl_typesupport_introspection_cpp
[0.318s] -- Found rmw_implementation_cmake: 6.1.2 (/opt/ros/humble/share/rmw_implementation_cmake/cmake)
[0.320s] -- Found rmw_cyclonedds_cpp: 1.3.4 (/opt/ros/humble/share/rmw_cyclonedds_cpp/cmake)
[0.340s] -- Using RMW implementation 'rmw_cyclonedds_cpp' as default
[0.390s] -- Found rclpy: 3.3.14 (/opt/ros/humble/share/rclpy/cmake)
[0.543s] -- Configuring done
[0.558s] -- Generating done
[0.560s] -- Build files have been written to: /home/gun/FUN4/build/fun4_description
[0.585s] [35m[1mConsolidate compiler generated dependencies of target cpp_node_test[0m
[0.597s] [100%] Built target cpp_node_test
[0.602s] [100%] Built target ament_cmake_python_copy_fun4_description
[0.876s] running egg_info
[0.897s] writing fun4_description.egg-info/PKG-INFO
[0.897s] writing dependency_links to fun4_description.egg-info/dependency_links.txt
[0.897s] writing top-level names to fun4_description.egg-info/top_level.txt
[0.955s] reading manifest file 'fun4_description.egg-info/SOURCES.txt'
[0.956s] writing manifest file 'fun4_description.egg-info/SOURCES.txt'
[0.985s] [100%] Built target ament_cmake_python_build_fun4_description_egg
[0.995s] Invoked command in '/home/gun/FUN4/build/fun4_description' returned '0': CMAKE_PREFIX_PATH=${CMAKE_PREFIX_PATH}:/home/gun/ros2_ws/install/turtlesim_catch_them_all:/home/gun/ros2_ws/install/my_py_pkg:/home/gun/ros2_ws/install/actions_py:/opt/ros/humble /usr/bin/cmake --build /home/gun/FUN4/build/fun4_description -- -j8 -l8
[1.023s] Invoking command in '/home/gun/FUN4/build/fun4_description': CMAKE_PREFIX_PATH=${CMAKE_PREFIX_PATH}:/home/gun/ros2_ws/install/turtlesim_catch_them_all:/home/gun/ros2_ws/install/my_py_pkg:/home/gun/ros2_ws/install/actions_py:/opt/ros/humble /usr/bin/cmake --install /home/gun/FUN4/build/fun4_description
[1.030s] -- Install configuration: ""
[1.030s] -- Up-to-date: /home/gun/FUN4/install/fun4_description/share/fun4_description/environment/pythonpath.sh
[1.030s] -- Installing: /home/gun/FUN4/install/fun4_description/share/fun4_description/environment/pythonpath.dsv
[1.030s] -- Up-to-date: /home/gun/FUN4/install/fun4_description/local/lib/python3.10/dist-packages/fun4_description-0.0.0-py3.10.egg-info
[1.030s] -- Installing: /home/gun/FUN4/install/fun4_description/local/lib/python3.10/dist-packages/fun4_description-0.0.0-py3.10.egg-info/top_level.txt
[1.030s] -- Installing: /home/gun/FUN4/install/fun4_description/local/lib/python3.10/dist-packages/fun4_description-0.0.0-py3.10.egg-info/PKG-INFO
[1.030s] -- Installing: /home/gun/FUN4/install/fun4_description/local/lib/python3.10/dist-packages/fun4_description-0.0.0-py3.10.egg-info/SOURCES.txt
[1.031s] -- Installing: /home/gun/FUN4/install/fun4_description/local/lib/python3.10/dist-packages/fun4_description-0.0.0-py3.10.egg-info/dependency_links.txt
[1.031s] -- Up-to-date: /home/gun/FUN4/install/fun4_description/local/lib/python3.10/dist-packages/fun4_description
[1.031s] -- Up-to-date: /home/gun/FUN4/install/fun4_description/local/lib/python3.10/dist-packages/fun4_description/__init__.py
[1.031s] -- Up-to-date: /home/gun/FUN4/install/fun4_description/local/lib/python3.10/dist-packages/fun4_description/dummy_module.py
[1.078s] Listing '/home/gun/FUN4/install/fun4_description/local/lib/python3.10/dist-packages/fun4_description'...
[1.082s] -- Up-to-date: /home/gun/FUN4/install/fun4_description/lib/fun4_description/dummy_script.py
[1.082s] -- Up-to-date: /home/gun/FUN4/install/fun4_description/lib/fun4_description/joint_state_publisher.py
[1.082s] -- Up-to-date: /home/gun/FUN4/install/fun4_description/lib/fun4_description/random_target.py
[1.082s] -- Up-to-date: /home/gun/FUN4/install/fun4_description/lib/fun4_description/end_effector_pose.py
[1.082s] -- Up-to-date: /home/gun/FUN4/install/fun4_description/lib/fun4_description/inverse_pose_kinematics.py
[1.082s] -- Up-to-date: /home/gun/FUN4/install/fun4_description/lib/fun4_description/teleoperation.py
[1.083s] -- Installing: /home/gun/FUN4/install/fun4_description/lib/fun4_description/auto.py
[1.083s] -- Up-to-date: /home/gun/FUN4/install/fun4_description/lib/fun4_description/cpp_node_test
[1.083s] -- Up-to-date: /home/gun/FUN4/install/fun4_description/share/fun4_description/config
[1.083s] -- Up-to-date: /home/gun/FUN4/install/fun4_description/share/fun4_description/config/display.rviz
[1.083s] -- Up-to-date: /home/gun/FUN4/install/fun4_description/share/fun4_description/launch
[1.083s] -- Installing: /home/gun/FUN4/install/fun4_description/share/fun4_description/launch/fun.launch.py
[1.083s] -- Up-to-date: /home/gun/FUN4/install/fun4_description/share/fun4_description/launch/simple_display.launch.py
[1.083s] -- Up-to-date: /home/gun/FUN4/install/fun4_description/share/fun4_description/meshes
[1.083s] -- Up-to-date: /home/gun/FUN4/install/fun4_description/share/fun4_description/meshes/link_1.stl
[1.083s] -- Up-to-date: /home/gun/FUN4/install/fun4_description/share/fun4_description/meshes/link_3.stl
[1.083s] -- Up-to-date: /home/gun/FUN4/install/fun4_description/share/fun4_description/meshes/link_0.stl
[1.083s] -- Up-to-date: /home/gun/FUN4/install/fun4_description/share/fun4_description/meshes/end_effector.stl
[1.083s] -- Up-to-date: /home/gun/FUN4/install/fun4_description/share/fun4_description/meshes/link_2.stl
[1.083s] -- Up-to-date: /home/gun/FUN4/install/fun4_description/share/fun4_description/robot
[1.083s] -- Up-to-date: /home/gun/FUN4/install/fun4_description/share/fun4_description/robot/visual
[1.084s] -- Up-to-date: /home/gun/FUN4/install/fun4_description/share/fun4_description/robot/visual/my-robot.xacro
[1.084s] -- Up-to-date: /home/gun/FUN4/install/fun4_description/share/fun4_description/robot/visual/01-myfirst.urdf
[1.084s] -- Up-to-date: /home/gun/FUN4/install/fun4_description/share/ament_index/resource_index/package_run_dependencies/fun4_description
[1.084s] -- Up-to-date: /home/gun/FUN4/install/fun4_description/share/ament_index/resource_index/parent_prefix_path/fun4_description
[1.084s] -- Up-to-date: /home/gun/FUN4/install/fun4_description/share/fun4_description/environment/ament_prefix_path.sh
[1.084s] -- Installing: /home/gun/FUN4/install/fun4_description/share/fun4_description/environment/ament_prefix_path.dsv
[1.084s] -- Up-to-date: /home/gun/FUN4/install/fun4_description/share/fun4_description/environment/path.sh
[1.084s] -- Installing: /home/gun/FUN4/install/fun4_description/share/fun4_description/environment/path.dsv
[1.084s] -- Up-to-date: /home/gun/FUN4/install/fun4_description/share/fun4_description/local_setup.bash
[1.084s] -- Up-to-date: /home/gun/FUN4/install/fun4_description/share/fun4_description/local_setup.sh
[1.084s] -- Up-to-date: /home/gun/FUN4/install/fun4_description/share/fun4_description/local_setup.zsh
[1.084s] -- Installing: /home/gun/FUN4/install/fun4_description/share/fun4_description/local_setup.dsv
[1.084s] -- Installing: /home/gun/FUN4/install/fun4_description/share/fun4_description/package.dsv
[1.084s] -- Up-to-date: /home/gun/FUN4/install/fun4_description/share/ament_index/resource_index/packages/fun4_description
[1.084s] -- Up-to-date: /home/gun/FUN4/install/fun4_description/share/fun4_description/cmake/fun4_descriptionConfig.cmake
[1.085s] -- Up-to-date: /home/gun/FUN4/install/fun4_description/share/fun4_description/cmake/fun4_descriptionConfig-version.cmake
[1.085s] -- Up-to-date: /home/gun/FUN4/install/fun4_description/share/fun4_description/package.xml
[1.086s] Invoked command in '/home/gun/FUN4/build/fun4_description' returned '0': CMAKE_PREFIX_PATH=${CMAKE_PREFIX_PATH}:/home/gun/ros2_ws/install/turtlesim_catch_them_all:/home/gun/ros2_ws/install/my_py_pkg:/home/gun/ros2_ws/install/actions_py:/opt/ros/humble /usr/bin/cmake --install /home/gun/FUN4/build/fun4_description
