[0.012s] Invoking command in '/home/gun/FUN4/build/fun4_description': CMAKE_PREFIX_PATH=${CMAKE_PREFIX_PATH}:/home/gun/ros2_ws/install/turtlesim_catch_them_all:/home/gun/ros2_ws/install/my_py_pkg:/home/gun/ros2_ws/install/actions_py:/opt/ros/humble /usr/bin/cmake /home/gun/FUN4/src/fun4_description -DCMAKE_INSTALL_PREFIX=/home/gun/FUN4/install/fun4_description
[0.144s] -- The C compiler identification is GNU 11.4.0
[0.210s] -- The CXX compiler identification is GNU 11.4.0
[0.222s] -- Detecting C compiler ABI info
[0.286s] -- Detecting C compiler ABI info - done
[0.293s] -- Check for working C compiler: /usr/bin/cc - skipped
[0.294s] -- Detecting C compile features
[0.295s] -- Detecting C compile features - done
[0.299s] -- Detecting CXX compiler ABI info
[0.371s] -- Detecting CXX compiler ABI info - done
[0.379s] -- Check for working CXX compiler: /usr/bin/c++ - skipped
[0.380s] -- Detecting CXX compile features
[0.380s] -- Detecting CXX compile features - done
[0.392s] -- Found ament_cmake: 1.3.10 (/opt/ros/humble/share/ament_cmake/cmake)
[0.786s] -- Found Python3: /usr/bin/python3 (found version "3.10.12") found components: Interpreter 
[0.955s] -- Found rclcpp: 16.0.10 (/opt/ros/humble/share/rclcpp/cmake)
[1.029s] -- Found rosidl_generator_c: 3.1.5 (/opt/ros/humble/share/rosidl_generator_c/cmake)
[1.039s] -- Found rosidl_adapter: 3.1.5 (/opt/ros/humble/share/rosidl_adapter/cmake)
[1.054s] -- Found rosidl_generator_cpp: 3.1.5 (/opt/ros/humble/share/rosidl_generator_cpp/cmake)
[1.076s] -- Using all available rosidl_typesupport_c: rosidl_typesupport_fastrtps_c;rosidl_typesupport_introspection_c
[1.101s] -- Using all available rosidl_typesupport_cpp: rosidl_typesupport_fastrtps_cpp;rosidl_typesupport_introspection_cpp
[1.173s] -- Found rmw_implementation_cmake: 6.1.2 (/opt/ros/humble/share/rmw_implementation_cmake/cmake)
[1.179s] -- Found rmw_cyclonedds_cpp: 1.3.4 (/opt/ros/humble/share/rmw_cyclonedds_cpp/cmake)
[1.218s] -- Using RMW implementation 'rmw_cyclonedds_cpp' as default
[1.235s] -- Looking for pthread.h
[1.309s] -- Looking for pthread.h - found
[1.310s] -- Performing Test CMAKE_HAVE_LIBC_PTHREAD
[1.376s] -- Performing Test CMAKE_HAVE_LIBC_PTHREAD - Success
[1.377s] -- Found Threads: TRUE  
[1.450s] -- Found rclpy: 3.3.14 (/opt/ros/humble/share/rclpy/cmake)
[1.611s] -- Configuring done
[1.619s] -- Generating done
[1.620s] -- Build files have been written to: /home/gun/FUN4/build/fun4_description
[1.627s] Invoked command in '/home/gun/FUN4/build/fun4_description' returned '0': CMAKE_PREFIX_PATH=${CMAKE_PREFIX_PATH}:/home/gun/ros2_ws/install/turtlesim_catch_them_all:/home/gun/ros2_ws/install/my_py_pkg:/home/gun/ros2_ws/install/actions_py:/opt/ros/humble /usr/bin/cmake /home/gun/FUN4/src/fun4_description -DCMAKE_INSTALL_PREFIX=/home/gun/FUN4/install/fun4_description
[1.629s] Invoking command in '/home/gun/FUN4/build/fun4_description': CMAKE_PREFIX_PATH=${CMAKE_PREFIX_PATH}:/home/gun/ros2_ws/install/turtlesim_catch_them_all:/home/gun/ros2_ws/install/my_py_pkg:/home/gun/ros2_ws/install/actions_py:/opt/ros/humble /usr/bin/cmake --build /home/gun/FUN4/build/fun4_description -- -j8 -l8
[1.677s] [ 50%] [32mBuilding CXX object CMakeFiles/cpp_node_test.dir/src/cpp_node.cpp.o[0m
[1.686s] [ 50%] Built target ament_cmake_python_copy_fun4_description
[1.918s] running egg_info
[1.919s] creating fun4_description.egg-info
[1.935s] writing fun4_description.egg-info/PKG-INFO
[1.936s] writing dependency_links to fun4_description.egg-info/dependency_links.txt
[1.936s] writing top-level names to fun4_description.egg-info/top_level.txt
[1.936s] writing manifest file 'fun4_description.egg-info/SOURCES.txt'
[1.967s] [100%] [32m[1mLinking CXX executable cpp_node_test[0m
[1.991s] reading manifest file 'fun4_description.egg-info/SOURCES.txt'
[1.992s] writing manifest file 'fun4_description.egg-info/SOURCES.txt'
[2.021s] [100%] Built target ament_cmake_python_build_fun4_description_egg
[2.100s] [100%] Built target cpp_node_test
[2.110s] Invoked command in '/home/gun/FUN4/build/fun4_description' returned '0': CMAKE_PREFIX_PATH=${CMAKE_PREFIX_PATH}:/home/gun/ros2_ws/install/turtlesim_catch_them_all:/home/gun/ros2_ws/install/my_py_pkg:/home/gun/ros2_ws/install/actions_py:/opt/ros/humble /usr/bin/cmake --build /home/gun/FUN4/build/fun4_description -- -j8 -l8
[2.145s] Invoking command in '/home/gun/FUN4/build/fun4_description': CMAKE_PREFIX_PATH=${CMAKE_PREFIX_PATH}:/home/gun/ros2_ws/install/turtlesim_catch_them_all:/home/gun/ros2_ws/install/my_py_pkg:/home/gun/ros2_ws/install/actions_py:/opt/ros/humble /usr/bin/cmake --install /home/gun/FUN4/build/fun4_description
[2.152s] -- Install configuration: ""
[2.152s] -- Installing: /home/gun/FUN4/install/fun4_description/share/fun4_description/environment/pythonpath.sh
[2.152s] -- Installing: /home/gun/FUN4/install/fun4_description/share/fun4_description/environment/pythonpath.dsv
[2.153s] -- Installing: /home/gun/FUN4/install/fun4_description/local/lib/python3.10/dist-packages/fun4_description-0.0.0-py3.10.egg-info
[2.153s] -- Installing: /home/gun/FUN4/install/fun4_description/local/lib/python3.10/dist-packages/fun4_description-0.0.0-py3.10.egg-info/top_level.txt
[2.153s] -- Installing: /home/gun/FUN4/install/fun4_description/local/lib/python3.10/dist-packages/fun4_description-0.0.0-py3.10.egg-info/PKG-INFO
[2.153s] -- Installing: /home/gun/FUN4/install/fun4_description/local/lib/python3.10/dist-packages/fun4_description-0.0.0-py3.10.egg-info/SOURCES.txt
[2.153s] -- Installing: /home/gun/FUN4/install/fun4_description/local/lib/python3.10/dist-packages/fun4_description-0.0.0-py3.10.egg-info/dependency_links.txt
[2.153s] -- Installing: /home/gun/FUN4/install/fun4_description/local/lib/python3.10/dist-packages/fun4_description
[2.153s] -- Installing: /home/gun/FUN4/install/fun4_description/local/lib/python3.10/dist-packages/fun4_description/__init__.py
[2.153s] -- Installing: /home/gun/FUN4/install/fun4_description/local/lib/python3.10/dist-packages/fun4_description/dummy_module.py
[2.193s] Listing '/home/gun/FUN4/install/fun4_description/local/lib/python3.10/dist-packages/fun4_description'...
[2.193s] Compiling '/home/gun/FUN4/install/fun4_description/local/lib/python3.10/dist-packages/fun4_description/__init__.py'...
[2.193s] Compiling '/home/gun/FUN4/install/fun4_description/local/lib/python3.10/dist-packages/fun4_description/dummy_module.py'...
[2.197s] -- Installing: /home/gun/FUN4/install/fun4_description/lib/fun4_description/dummy_script.py
[2.197s] -- Installing: /home/gun/FUN4/install/fun4_description/lib/fun4_description/cpp_node_test
[2.197s] -- Set runtime path of "/home/gun/FUN4/install/fun4_description/lib/fun4_description/cpp_node_test" to ""
[2.197s] -- Up-to-date: /home/gun/FUN4/install/fun4_description/share/fun4_description
[2.197s] -- Installing: /home/gun/FUN4/install/fun4_description/share/ament_index/resource_index/package_run_dependencies/fun4_description
[2.197s] -- Installing: /home/gun/FUN4/install/fun4_description/share/ament_index/resource_index/parent_prefix_path/fun4_description
[2.198s] -- Installing: /home/gun/FUN4/install/fun4_description/share/fun4_description/environment/ament_prefix_path.sh
[2.198s] -- Installing: /home/gun/FUN4/install/fun4_description/share/fun4_description/environment/ament_prefix_path.dsv
[2.198s] -- Installing: /home/gun/FUN4/install/fun4_description/share/fun4_description/environment/path.sh
[2.198s] -- Installing: /home/gun/FUN4/install/fun4_description/share/fun4_description/environment/path.dsv
[2.198s] -- Installing: /home/gun/FUN4/install/fun4_description/share/fun4_description/local_setup.bash
[2.198s] -- Installing: /home/gun/FUN4/install/fun4_description/share/fun4_description/local_setup.sh
[2.198s] -- Installing: /home/gun/FUN4/install/fun4_description/share/fun4_description/local_setup.zsh
[2.198s] -- Installing: /home/gun/FUN4/install/fun4_description/share/fun4_description/local_setup.dsv
[2.198s] -- Installing: /home/gun/FUN4/install/fun4_description/share/fun4_description/package.dsv
[2.198s] -- Installing: /home/gun/FUN4/install/fun4_description/share/ament_index/resource_index/packages/fun4_description
[2.198s] -- Installing: /home/gun/FUN4/install/fun4_description/share/fun4_description/cmake/fun4_descriptionConfig.cmake
[2.199s] -- Installing: /home/gun/FUN4/install/fun4_description/share/fun4_description/cmake/fun4_descriptionConfig-version.cmake
[2.199s] -- Installing: /home/gun/FUN4/install/fun4_description/share/fun4_description/package.xml
[2.200s] Invoked command in '/home/gun/FUN4/build/fun4_description' returned '0': CMAKE_PREFIX_PATH=${CMAKE_PREFIX_PATH}:/home/gun/ros2_ws/install/turtlesim_catch_them_all:/home/gun/ros2_ws/install/my_py_pkg:/home/gun/ros2_ws/install/actions_py:/opt/ros/humble /usr/bin/cmake --install /home/gun/FUN4/build/fun4_description
