[0.015s] Invoking command in '/home/gun/FUN4/build/fun4_interfaces': CMAKE_PREFIX_PATH=${CMAKE_PREFIX_PATH}:/home/gun/ros2_ws/install/turtlesim_catch_them_all:/home/gun/ros2_ws/install/my_py_pkg:/home/gun/ros2_ws/install/actions_py:/opt/ros/humble /usr/bin/cmake --build /home/gun/FUN4/build/fun4_interfaces -- -j8 -l8
[0.038s] -- Found ament_cmake: 1.3.10 (/opt/ros/humble/share/ament_cmake/cmake)
[0.178s] -- Found geometry_msgs: 4.2.4 (/opt/ros/humble/share/geometry_msgs/cmake)
[0.203s] -- Found rosidl_generator_c: 3.1.5 (/opt/ros/humble/share/rosidl_generator_c/cmake)
[0.205s] -- Found rosidl_adapter: 3.1.5 (/opt/ros/humble/share/rosidl_adapter/cmake)
[0.210s] -- Found rosidl_generator_cpp: 3.1.5 (/opt/ros/humble/share/rosidl_generator_cpp/cmake)
[0.221s] -- Using all available rosidl_typesupport_c: rosidl_typesupport_fastrtps_c;rosidl_typesupport_introspection_c
[0.233s] -- Using all available rosidl_typesupport_cpp: rosidl_typesupport_fastrtps_cpp;rosidl_typesupport_introspection_cpp
[0.268s] -- Found rosidl_default_generators: 1.2.0 (/opt/ros/humble/share/rosidl_default_generators/cmake)
[0.574s] -- Found ament_cmake_ros: 0.10.0 (/opt/ros/humble/share/ament_cmake_ros/cmake)
[0.954s] -- Using all available rosidl_typesupport_c: rosidl_typesupport_fastrtps_c;rosidl_typesupport_introspection_c
[1.103s] -- Using all available rosidl_typesupport_cpp: rosidl_typesupport_fastrtps_cpp;rosidl_typesupport_introspection_cpp
[1.123s] -- Found python_cmake_module: 0.10.0 (/opt/ros/humble/share/python_cmake_module/cmake)
[1.143s] -- Using PYTHON_EXECUTABLE: /usr/bin/python3
[1.144s] -- Using PYTHON_INCLUDE_DIRS: /usr/include/python3.10
[1.144s] -- Using PYTHON_LIBRARIES: /usr/lib/x86_64-linux-gnu/libpython3.10.so
[1.186s] -- Found ament_lint_auto: 0.12.11 (/opt/ros/humble/share/ament_lint_auto/cmake)
[1.194s] -- Added test 'lint_cmake' to check CMake code style
[1.194s] -- Added test 'xmllint' to check XML markup files
[1.196s] -- Configuring done
[1.223s] -- Generating done
[1.226s] -- Build files have been written to: /home/gun/FUN4/build/fun4_interfaces
[1.251s] [  3%] [34m[1mGenerating C code for ROS interfaces[0m
[1.260s] [  6%] [34m[1mGenerating C++ code for ROS interfaces[0m
[1.269s] [  6%] Built target ament_cmake_python_copy_fun4_interfaces
[1.508s] running egg_info
[1.533s] writing fun4_interfaces.egg-info/PKG-INFO
[1.533s] writing dependency_links to fun4_interfaces.egg-info/dependency_links.txt
[1.534s] writing top-level names to fun4_interfaces.egg-info/top_level.txt
[1.538s] [35m[1mConsolidate compiler generated dependencies of target fun4_interfaces__rosidl_generator_c[0m
[1.545s] [  6%] Built target fun4_interfaces__cpp
[1.550s] [  9%] [32mBuilding C object CMakeFiles/fun4_interfaces__rosidl_generator_c.dir/rosidl_generator_c/fun4_interfaces/srv/detail/change_mode__functions.c.o[0m
[1.555s] [ 12%] [34m[1mGenerating C++ introspection for ROS interfaces[0m
[1.558s] [ 16%] [34m[1mGenerating C++ type support for eProsima Fast-RTPS[0m
[1.559s] [ 19%] [34m[1mGenerating C++ type support dispatch for ROS interfaces[0m
[1.597s] reading manifest file 'fun4_interfaces.egg-info/SOURCES.txt'
[1.598s] writing manifest file 'fun4_interfaces.egg-info/SOURCES.txt'
[1.612s] [ 22%] [32m[1mLinking C shared library libfun4_interfaces__rosidl_generator_c.so[0m
[1.640s] [ 22%] Built target ament_cmake_python_build_fun4_interfaces_egg
[1.652s] [ 22%] Built target fun4_interfaces__rosidl_generator_c
[1.663s] [ 25%] [34m[1mGenerating C type support dispatch for ROS interfaces[0m
[1.666s] [ 29%] [34m[1mGenerating C introspection for ROS interfaces[0m
[1.666s] [ 32%] [34m[1mGenerating C type support for eProsima Fast-RTPS[0m
[1.906s] [35m[1mConsolidate compiler generated dependencies of target fun4_interfaces__rosidl_typesupport_c[0m
[1.918s] [ 35%] [32mBuilding CXX object CMakeFiles/fun4_interfaces__rosidl_typesupport_c.dir/rosidl_typesupport_c/fun4_interfaces/srv/change_mode__type_support.cpp.o[0m
[1.925s] [35m[1mConsolidate compiler generated dependencies of target fun4_interfaces__rosidl_typesupport_cpp[0m
[1.941s] [ 38%] [32mBuilding CXX object CMakeFiles/fun4_interfaces__rosidl_typesupport_cpp.dir/rosidl_typesupport_cpp/fun4_interfaces/srv/change_mode__type_support.cpp.o[0m
[1.946s] [35m[1mConsolidate compiler generated dependencies of target fun4_interfaces__rosidl_typesupport_introspection_c[0m
[1.956s] [ 41%] [32m[1mLinking CXX shared library libfun4_interfaces__rosidl_typesupport_c.so[0m
[1.963s] [ 45%] [32mBuilding C object CMakeFiles/fun4_interfaces__rosidl_typesupport_introspection_c.dir/rosidl_typesupport_introspection_c/fun4_interfaces/srv/detail/change_mode__type_support.c.o[0m
[2.006s] [ 48%] [32m[1mLinking C shared library libfun4_interfaces__rosidl_typesupport_introspection_c.so[0m
[2.012s] [ 48%] Built target fun4_interfaces__rosidl_typesupport_c
[2.028s] [35m[1mConsolidate compiler generated dependencies of target fun4_interfaces__rosidl_typesupport_introspection_cpp[0m
[2.040s] [ 51%] [32mBuilding CXX object CMakeFiles/fun4_interfaces__rosidl_typesupport_introspection_cpp.dir/rosidl_typesupport_introspection_cpp/fun4_interfaces/srv/detail/change_mode__type_support.cpp.o[0m
[2.045s] [35m[1mConsolidate compiler generated dependencies of target fun4_interfaces__rosidl_typesupport_fastrtps_cpp[0m
[2.053s] [ 51%] Built target fun4_interfaces__rosidl_typesupport_introspection_c
[2.062s] [ 54%] [32mBuilding CXX object CMakeFiles/fun4_interfaces__rosidl_typesupport_fastrtps_cpp.dir/rosidl_typesupport_fastrtps_cpp/fun4_interfaces/srv/detail/dds_fastrtps/change_mode__type_support.cpp.o[0m
[2.077s] [35m[1mConsolidate compiler generated dependencies of target fun4_interfaces__rosidl_typesupport_fastrtps_c[0m
[2.090s] [ 58%] [32mBuilding CXX object CMakeFiles/fun4_interfaces__rosidl_typesupport_fastrtps_c.dir/rosidl_typesupport_fastrtps_c/fun4_interfaces/srv/detail/change_mode__type_support_c.cpp.o[0m
[2.237s] [ 61%] [32m[1mLinking CXX shared library libfun4_interfaces__rosidl_typesupport_cpp.so[0m
[2.278s] [ 61%] Built target fun4_interfaces__rosidl_typesupport_cpp
[2.443s] [ 64%] [32m[1mLinking CXX shared library libfun4_interfaces__rosidl_typesupport_fastrtps_c.so[0m
[2.457s] [ 67%] [32m[1mLinking CXX shared library libfun4_interfaces__rosidl_typesupport_introspection_cpp.so[0m
[2.529s] [ 70%] [32m[1mLinking CXX shared library libfun4_interfaces__rosidl_typesupport_fastrtps_cpp.so[0m
[2.534s] [ 70%] Built target fun4_interfaces__rosidl_typesupport_fastrtps_c
[2.547s] [ 70%] Built target fun4_interfaces__rosidl_typesupport_introspection_cpp
[2.604s] [ 70%] Built target fun4_interfaces__rosidl_typesupport_fastrtps_cpp
[2.623s] [ 70%] Built target fun4_interfaces
[2.644s] [ 74%] [34m[1mGenerating Python code for ROS interfaces[0m
[2.991s] [ 74%] Built target fun4_interfaces__py
[3.001s] [35m[1mConsolidate compiler generated dependencies of target fun4_interfaces__rosidl_generator_py[0m
[3.012s] [ 77%] [32mBuilding C object CMakeFiles/fun4_interfaces__rosidl_generator_py.dir/rosidl_generator_py/fun4_interfaces/srv/_change_mode_s.c.o[0m
[3.116s] [ 80%] [32m[1mLinking C shared library rosidl_generator_py/fun4_interfaces/libfun4_interfaces__rosidl_generator_py.so[0m
[3.154s] [ 80%] Built target fun4_interfaces__rosidl_generator_py
[3.165s] [35m[1mConsolidate compiler generated dependencies of target fun4_interfaces__rosidl_typesupport_c__pyext[0m
[3.165s] [35m[1mConsolidate compiler generated dependencies of target fun4_interfaces__rosidl_typesupport_fastrtps_c__pyext[0m
[3.165s] [35m[1mConsolidate compiler generated dependencies of target fun4_interfaces__rosidl_typesupport_introspection_c__pyext[0m
[3.177s] [ 90%] [32mBuilding C object CMakeFiles/fun4_interfaces__rosidl_typesupport_c__pyext.dir/rosidl_generator_py/fun4_interfaces/_fun4_interfaces_s.ep.rosidl_typesupport_c.c.o[0m
[3.177s] [ 90%] [32mBuilding C object CMakeFiles/fun4_interfaces__rosidl_typesupport_fastrtps_c__pyext.dir/rosidl_generator_py/fun4_interfaces/_fun4_interfaces_s.ep.rosidl_typesupport_fastrtps_c.c.o[0m
[3.177s] [ 90%] [32mBuilding C object CMakeFiles/fun4_interfaces__rosidl_typesupport_introspection_c__pyext.dir/rosidl_generator_py/fun4_interfaces/_fun4_interfaces_s.ep.rosidl_typesupport_introspection_c.c.o[0m
[3.269s] [100%] [32m[1mLinking C shared library rosidl_generator_py/fun4_interfaces/fun4_interfaces_s__rosidl_typesupport_introspection_c.cpython-310-x86_64-linux-gnu.so[0m
[3.269s] [100%] [32m[1mLinking C shared library rosidl_generator_py/fun4_interfaces/fun4_interfaces_s__rosidl_typesupport_fastrtps_c.cpython-310-x86_64-linux-gnu.so[0m
[3.269s] [100%] [32m[1mLinking C shared library rosidl_generator_py/fun4_interfaces/fun4_interfaces_s__rosidl_typesupport_c.cpython-310-x86_64-linux-gnu.so[0m
[3.308s] [100%] Built target fun4_interfaces__rosidl_typesupport_c__pyext
[3.309s] [100%] Built target fun4_interfaces__rosidl_typesupport_fastrtps_c__pyext
[3.309s] [100%] Built target fun4_interfaces__rosidl_typesupport_introspection_c__pyext
[3.319s] Invoked command in '/home/gun/FUN4/build/fun4_interfaces' returned '0': CMAKE_PREFIX_PATH=${CMAKE_PREFIX_PATH}:/home/gun/ros2_ws/install/turtlesim_catch_them_all:/home/gun/ros2_ws/install/my_py_pkg:/home/gun/ros2_ws/install/actions_py:/opt/ros/humble /usr/bin/cmake --build /home/gun/FUN4/build/fun4_interfaces -- -j8 -l8
[3.374s] Invoking command in '/home/gun/FUN4/build/fun4_interfaces': CMAKE_PREFIX_PATH=${CMAKE_PREFIX_PATH}:/home/gun/ros2_ws/install/turtlesim_catch_them_all:/home/gun/ros2_ws/install/my_py_pkg:/home/gun/ros2_ws/install/actions_py:/opt/ros/humble /usr/bin/cmake --install /home/gun/FUN4/build/fun4_interfaces
[3.382s] -- Install configuration: ""
[3.382s] -- Up-to-date: /home/gun/FUN4/install/fun4_interfaces/share/ament_index/resource_index/rosidl_interfaces/fun4_interfaces
[3.382s] -- Up-to-date: /home/gun/FUN4/install/fun4_interfaces/include/fun4_interfaces/fun4_interfaces
[3.382s] -- Up-to-date: /home/gun/FUN4/install/fun4_interfaces/include/fun4_interfaces/fun4_interfaces/srv
[3.382s] -- Up-to-date: /home/gun/FUN4/install/fun4_interfaces/include/fun4_interfaces/fun4_interfaces/srv/detail
[3.382s] -- Installing: /home/gun/FUN4/install/fun4_interfaces/include/fun4_interfaces/fun4_interfaces/srv/detail/change_mode__struct.h
[3.383s] -- Installing: /home/gun/FUN4/install/fun4_interfaces/include/fun4_interfaces/fun4_interfaces/srv/detail/change_mode__functions.h
[3.383s] -- Installing: /home/gun/FUN4/install/fun4_interfaces/include/fun4_interfaces/fun4_interfaces/srv/detail/change_mode__type_support.h
[3.383s] -- Installing: /home/gun/FUN4/install/fun4_interfaces/include/fun4_interfaces/fun4_interfaces/srv/detail/change_mode__functions.c
[3.383s] -- Installing: /home/gun/FUN4/install/fun4_interfaces/include/fun4_interfaces/fun4_interfaces/srv/change_mode.h
[3.383s] -- Up-to-date: /home/gun/FUN4/install/fun4_interfaces/include/fun4_interfaces/fun4_interfaces/msg
[3.383s] -- Up-to-date: /home/gun/FUN4/install/fun4_interfaces/include/fun4_interfaces/fun4_interfaces/msg/rosidl_generator_c__visibility_control.h
[3.383s] -- Up-to-date: /home/gun/FUN4/install/fun4_interfaces/share/fun4_interfaces/environment/library_path.sh
[3.383s] -- Installing: /home/gun/FUN4/install/fun4_interfaces/share/fun4_interfaces/environment/library_path.dsv
[3.383s] -- Installing: /home/gun/FUN4/install/fun4_interfaces/lib/libfun4_interfaces__rosidl_generator_c.so
[3.384s] -- Set runtime path of "/home/gun/FUN4/install/fun4_interfaces/lib/libfun4_interfaces__rosidl_generator_c.so" to ""
[3.384s] -- Up-to-date: /home/gun/FUN4/install/fun4_interfaces/include/fun4_interfaces/fun4_interfaces
[3.384s] -- Up-to-date: /home/gun/FUN4/install/fun4_interfaces/include/fun4_interfaces/fun4_interfaces/srv
[3.384s] -- Up-to-date: /home/gun/FUN4/install/fun4_interfaces/include/fun4_interfaces/fun4_interfaces/srv/detail
[3.384s] -- Installing: /home/gun/FUN4/install/fun4_interfaces/include/fun4_interfaces/fun4_interfaces/srv/detail/change_mode__rosidl_typesupport_fastrtps_c.h
[3.384s] -- Up-to-date: /home/gun/FUN4/install/fun4_interfaces/include/fun4_interfaces/fun4_interfaces/msg
[3.384s] -- Up-to-date: /home/gun/FUN4/install/fun4_interfaces/include/fun4_interfaces/fun4_interfaces/msg/rosidl_typesupport_fastrtps_c__visibility_control.h
[3.384s] -- Installing: /home/gun/FUN4/install/fun4_interfaces/lib/libfun4_interfaces__rosidl_typesupport_fastrtps_c.so
[3.384s] -- Set runtime path of "/home/gun/FUN4/install/fun4_interfaces/lib/libfun4_interfaces__rosidl_typesupport_fastrtps_c.so" to ""
[3.384s] -- Up-to-date: /home/gun/FUN4/install/fun4_interfaces/include/fun4_interfaces/fun4_interfaces
[3.385s] -- Up-to-date: /home/gun/FUN4/install/fun4_interfaces/include/fun4_interfaces/fun4_interfaces/srv
[3.385s] -- Up-to-date: /home/gun/FUN4/install/fun4_interfaces/include/fun4_interfaces/fun4_interfaces/srv/detail
[3.385s] -- Installing: /home/gun/FUN4/install/fun4_interfaces/include/fun4_interfaces/fun4_interfaces/srv/detail/change_mode__traits.hpp
[3.385s] -- Installing: /home/gun/FUN4/install/fun4_interfaces/include/fun4_interfaces/fun4_interfaces/srv/detail/change_mode__struct.hpp
[3.385s] -- Installing: /home/gun/FUN4/install/fun4_interfaces/include/fun4_interfaces/fun4_interfaces/srv/detail/change_mode__builder.hpp
[3.385s] -- Installing: /home/gun/FUN4/install/fun4_interfaces/include/fun4_interfaces/fun4_interfaces/srv/change_mode.hpp
[3.385s] -- Up-to-date: /home/gun/FUN4/install/fun4_interfaces/include/fun4_interfaces/fun4_interfaces
[3.385s] -- Up-to-date: /home/gun/FUN4/install/fun4_interfaces/include/fun4_interfaces/fun4_interfaces/srv
[3.386s] -- Up-to-date: /home/gun/FUN4/install/fun4_interfaces/include/fun4_interfaces/fun4_interfaces/srv/detail
[3.386s] -- Installing: /home/gun/FUN4/install/fun4_interfaces/include/fun4_interfaces/fun4_interfaces/srv/detail/change_mode__rosidl_typesupport_fastrtps_cpp.hpp
[3.386s] -- Up-to-date: /home/gun/FUN4/install/fun4_interfaces/include/fun4_interfaces/fun4_interfaces/srv/detail/dds_fastrtps
[3.386s] -- Up-to-date: /home/gun/FUN4/install/fun4_interfaces/include/fun4_interfaces/fun4_interfaces/msg
[3.386s] -- Up-to-date: /home/gun/FUN4/install/fun4_interfaces/include/fun4_interfaces/fun4_interfaces/msg/rosidl_typesupport_fastrtps_cpp__visibility_control.h
[3.386s] -- Installing: /home/gun/FUN4/install/fun4_interfaces/lib/libfun4_interfaces__rosidl_typesupport_fastrtps_cpp.so
[3.386s] -- Set runtime path of "/home/gun/FUN4/install/fun4_interfaces/lib/libfun4_interfaces__rosidl_typesupport_fastrtps_cpp.so" to ""
[3.386s] -- Up-to-date: /home/gun/FUN4/install/fun4_interfaces/include/fun4_interfaces/fun4_interfaces
[3.386s] -- Up-to-date: /home/gun/FUN4/install/fun4_interfaces/include/fun4_interfaces/fun4_interfaces/srv
[3.387s] -- Up-to-date: /home/gun/FUN4/install/fun4_interfaces/include/fun4_interfaces/fun4_interfaces/srv/detail
[3.387s] -- Installing: /home/gun/FUN4/install/fun4_interfaces/include/fun4_interfaces/fun4_interfaces/srv/detail/change_mode__type_support.c
[3.387s] -- Installing: /home/gun/FUN4/install/fun4_interfaces/include/fun4_interfaces/fun4_interfaces/srv/detail/change_mode__rosidl_typesupport_introspection_c.h
[3.387s] -- Up-to-date: /home/gun/FUN4/install/fun4_interfaces/include/fun4_interfaces/fun4_interfaces/msg
[3.387s] -- Up-to-date: /home/gun/FUN4/install/fun4_interfaces/include/fun4_interfaces/fun4_interfaces/msg/rosidl_typesupport_introspection_c__visibility_control.h
[3.387s] -- Installing: /home/gun/FUN4/install/fun4_interfaces/lib/libfun4_interfaces__rosidl_typesupport_introspection_c.so
[3.387s] -- Set runtime path of "/home/gun/FUN4/install/fun4_interfaces/lib/libfun4_interfaces__rosidl_typesupport_introspection_c.so" to ""
[3.387s] -- Installing: /home/gun/FUN4/install/fun4_interfaces/lib/libfun4_interfaces__rosidl_typesupport_c.so
[3.388s] -- Set runtime path of "/home/gun/FUN4/install/fun4_interfaces/lib/libfun4_interfaces__rosidl_typesupport_c.so" to ""
[3.388s] -- Up-to-date: /home/gun/FUN4/install/fun4_interfaces/include/fun4_interfaces/fun4_interfaces
[3.388s] -- Up-to-date: /home/gun/FUN4/install/fun4_interfaces/include/fun4_interfaces/fun4_interfaces/srv
[3.388s] -- Up-to-date: /home/gun/FUN4/install/fun4_interfaces/include/fun4_interfaces/fun4_interfaces/srv/detail
[3.388s] -- Installing: /home/gun/FUN4/install/fun4_interfaces/include/fun4_interfaces/fun4_interfaces/srv/detail/change_mode__rosidl_typesupport_introspection_cpp.hpp
[3.388s] -- Installing: /home/gun/FUN4/install/fun4_interfaces/include/fun4_interfaces/fun4_interfaces/srv/detail/change_mode__type_support.cpp
[3.388s] -- Installing: /home/gun/FUN4/install/fun4_interfaces/lib/libfun4_interfaces__rosidl_typesupport_introspection_cpp.so
[3.389s] -- Set runtime path of "/home/gun/FUN4/install/fun4_interfaces/lib/libfun4_interfaces__rosidl_typesupport_introspection_cpp.so" to ""
[3.389s] -- Installing: /home/gun/FUN4/install/fun4_interfaces/lib/libfun4_interfaces__rosidl_typesupport_cpp.so
[3.389s] -- Set runtime path of "/home/gun/FUN4/install/fun4_interfaces/lib/libfun4_interfaces__rosidl_typesupport_cpp.so" to ""
[3.389s] -- Up-to-date: /home/gun/FUN4/install/fun4_interfaces/share/fun4_interfaces/environment/pythonpath.sh
[3.390s] -- Installing: /home/gun/FUN4/install/fun4_interfaces/share/fun4_interfaces/environment/pythonpath.dsv
[3.390s] -- Up-to-date: /home/gun/FUN4/install/fun4_interfaces/local/lib/python3.10/dist-packages/fun4_interfaces-0.0.0-py3.10.egg-info
[3.390s] -- Installing: /home/gun/FUN4/install/fun4_interfaces/local/lib/python3.10/dist-packages/fun4_interfaces-0.0.0-py3.10.egg-info/top_level.txt
[3.390s] -- Installing: /home/gun/FUN4/install/fun4_interfaces/local/lib/python3.10/dist-packages/fun4_interfaces-0.0.0-py3.10.egg-info/PKG-INFO
[3.390s] -- Installing: /home/gun/FUN4/install/fun4_interfaces/local/lib/python3.10/dist-packages/fun4_interfaces-0.0.0-py3.10.egg-info/SOURCES.txt
[3.390s] -- Installing: /home/gun/FUN4/install/fun4_interfaces/local/lib/python3.10/dist-packages/fun4_interfaces-0.0.0-py3.10.egg-info/dependency_links.txt
[3.390s] -- Up-to-date: /home/gun/FUN4/install/fun4_interfaces/local/lib/python3.10/dist-packages/fun4_interfaces
[3.390s] -- Installing: /home/gun/FUN4/install/fun4_interfaces/local/lib/python3.10/dist-packages/fun4_interfaces/_fun4_interfaces_s.ep.rosidl_typesupport_introspection_c.c
[3.390s] -- Installing: /home/gun/FUN4/install/fun4_interfaces/local/lib/python3.10/dist-packages/fun4_interfaces/libfun4_interfaces__rosidl_generator_py.so
[3.391s] -- Installing: /home/gun/FUN4/install/fun4_interfaces/local/lib/python3.10/dist-packages/fun4_interfaces/__init__.py
[3.391s] -- Installing: /home/gun/FUN4/install/fun4_interfaces/local/lib/python3.10/dist-packages/fun4_interfaces/fun4_interfaces_s__rosidl_typesupport_fastrtps_c.cpython-310-x86_64-linux-gnu.so
[3.391s] -- Up-to-date: /home/gun/FUN4/install/fun4_interfaces/local/lib/python3.10/dist-packages/fun4_interfaces/srv
[3.391s] -- Installing: /home/gun/FUN4/install/fun4_interfaces/local/lib/python3.10/dist-packages/fun4_interfaces/srv/__init__.py
[3.391s] -- Installing: /home/gun/FUN4/install/fun4_interfaces/local/lib/python3.10/dist-packages/fun4_interfaces/srv/_change_mode.py
[3.391s] -- Installing: /home/gun/FUN4/install/fun4_interfaces/local/lib/python3.10/dist-packages/fun4_interfaces/srv/_change_mode_s.c
[3.391s] -- Installing: /home/gun/FUN4/install/fun4_interfaces/local/lib/python3.10/dist-packages/fun4_interfaces/fun4_interfaces_s__rosidl_typesupport_c.cpython-310-x86_64-linux-gnu.so
[3.392s] -- Installing: /home/gun/FUN4/install/fun4_interfaces/local/lib/python3.10/dist-packages/fun4_interfaces/_fun4_interfaces_s.ep.rosidl_typesupport_c.c
[3.392s] -- Installing: /home/gun/FUN4/install/fun4_interfaces/local/lib/python3.10/dist-packages/fun4_interfaces/_fun4_interfaces_s.ep.rosidl_typesupport_fastrtps_c.c
[3.392s] -- Installing: /home/gun/FUN4/install/fun4_interfaces/local/lib/python3.10/dist-packages/fun4_interfaces/fun4_interfaces_s__rosidl_typesupport_introspection_c.cpython-310-x86_64-linux-gnu.so
[3.431s] Listing '/home/gun/FUN4/install/fun4_interfaces/local/lib/python3.10/dist-packages/fun4_interfaces'...
[3.431s] Compiling '/home/gun/FUN4/install/fun4_interfaces/local/lib/python3.10/dist-packages/fun4_interfaces/__init__.py'...
[3.431s] Listing '/home/gun/FUN4/install/fun4_interfaces/local/lib/python3.10/dist-packages/fun4_interfaces/srv'...
[3.431s] Compiling '/home/gun/FUN4/install/fun4_interfaces/local/lib/python3.10/dist-packages/fun4_interfaces/srv/__init__.py'...
[3.432s] Compiling '/home/gun/FUN4/install/fun4_interfaces/local/lib/python3.10/dist-packages/fun4_interfaces/srv/_change_mode.py'...
[3.436s] -- Installing: /home/gun/FUN4/install/fun4_interfaces/local/lib/python3.10/dist-packages/fun4_interfaces/fun4_interfaces_s__rosidl_typesupport_fastrtps_c.cpython-310-x86_64-linux-gnu.so
[3.436s] -- Set runtime path of "/home/gun/FUN4/install/fun4_interfaces/local/lib/python3.10/dist-packages/fun4_interfaces/fun4_interfaces_s__rosidl_typesupport_fastrtps_c.cpython-310-x86_64-linux-gnu.so" to ""
[3.436s] -- Installing: /home/gun/FUN4/install/fun4_interfaces/local/lib/python3.10/dist-packages/fun4_interfaces/fun4_interfaces_s__rosidl_typesupport_introspection_c.cpython-310-x86_64-linux-gnu.so
[3.437s] -- Set runtime path of "/home/gun/FUN4/install/fun4_interfaces/local/lib/python3.10/dist-packages/fun4_interfaces/fun4_interfaces_s__rosidl_typesupport_introspection_c.cpython-310-x86_64-linux-gnu.so" to ""
[3.437s] -- Installing: /home/gun/FUN4/install/fun4_interfaces/local/lib/python3.10/dist-packages/fun4_interfaces/fun4_interfaces_s__rosidl_typesupport_c.cpython-310-x86_64-linux-gnu.so
[3.437s] -- Set runtime path of "/home/gun/FUN4/install/fun4_interfaces/local/lib/python3.10/dist-packages/fun4_interfaces/fun4_interfaces_s__rosidl_typesupport_c.cpython-310-x86_64-linux-gnu.so" to ""
[3.437s] -- Installing: /home/gun/FUN4/install/fun4_interfaces/lib/libfun4_interfaces__rosidl_generator_py.so
[3.438s] -- Set runtime path of "/home/gun/FUN4/install/fun4_interfaces/lib/libfun4_interfaces__rosidl_generator_py.so" to ""
[3.438s] -- Installing: /home/gun/FUN4/install/fun4_interfaces/share/fun4_interfaces/srv/ChangeMode.idl
[3.438s] -- Installing: /home/gun/FUN4/install/fun4_interfaces/share/fun4_interfaces/srv/ChangeMode.srv
[3.438s] -- Installing: /home/gun/FUN4/install/fun4_interfaces/share/fun4_interfaces/srv/ChangeMode_Request.msg
[3.438s] -- Up-to-date: /home/gun/FUN4/install/fun4_interfaces/share/fun4_interfaces/srv/ChangeMode_Response.msg
[3.438s] -- Up-to-date: /home/gun/FUN4/install/fun4_interfaces/share/ament_index/resource_index/package_run_dependencies/fun4_interfaces
[3.439s] -- Up-to-date: /home/gun/FUN4/install/fun4_interfaces/share/ament_index/resource_index/parent_prefix_path/fun4_interfaces
[3.439s] -- Up-to-date: /home/gun/FUN4/install/fun4_interfaces/share/fun4_interfaces/environment/ament_prefix_path.sh
[3.439s] -- Installing: /home/gun/FUN4/install/fun4_interfaces/share/fun4_interfaces/environment/ament_prefix_path.dsv
[3.439s] -- Up-to-date: /home/gun/FUN4/install/fun4_interfaces/share/fun4_interfaces/environment/path.sh
[3.439s] -- Installing: /home/gun/FUN4/install/fun4_interfaces/share/fun4_interfaces/environment/path.dsv
[3.439s] -- Up-to-date: /home/gun/FUN4/install/fun4_interfaces/share/fun4_interfaces/local_setup.bash
[3.439s] -- Up-to-date: /home/gun/FUN4/install/fun4_interfaces/share/fun4_interfaces/local_setup.sh
[3.439s] -- Up-to-date: /home/gun/FUN4/install/fun4_interfaces/share/fun4_interfaces/local_setup.zsh
[3.439s] -- Installing: /home/gun/FUN4/install/fun4_interfaces/share/fun4_interfaces/local_setup.dsv
[3.440s] -- Installing: /home/gun/FUN4/install/fun4_interfaces/share/fun4_interfaces/package.dsv
[3.440s] -- Up-to-date: /home/gun/FUN4/install/fun4_interfaces/share/ament_index/resource_index/packages/fun4_interfaces
[3.440s] -- Up-to-date: /home/gun/FUN4/install/fun4_interfaces/share/fun4_interfaces/cmake/export_fun4_interfaces__rosidl_generator_cExport.cmake
[3.440s] -- Up-to-date: /home/gun/FUN4/install/fun4_interfaces/share/fun4_interfaces/cmake/export_fun4_interfaces__rosidl_generator_cExport-noconfig.cmake
[3.440s] -- Up-to-date: /home/gun/FUN4/install/fun4_interfaces/share/fun4_interfaces/cmake/export_fun4_interfaces__rosidl_typesupport_fastrtps_cExport.cmake
[3.440s] -- Up-to-date: /home/gun/FUN4/install/fun4_interfaces/share/fun4_interfaces/cmake/export_fun4_interfaces__rosidl_typesupport_fastrtps_cExport-noconfig.cmake
[3.440s] -- Up-to-date: /home/gun/FUN4/install/fun4_interfaces/share/fun4_interfaces/cmake/export_fun4_interfaces__rosidl_generator_cppExport.cmake
[3.440s] -- Up-to-date: /home/gun/FUN4/install/fun4_interfaces/share/fun4_interfaces/cmake/export_fun4_interfaces__rosidl_typesupport_fastrtps_cppExport.cmake
[3.441s] -- Up-to-date: /home/gun/FUN4/install/fun4_interfaces/share/fun4_interfaces/cmake/export_fun4_interfaces__rosidl_typesupport_fastrtps_cppExport-noconfig.cmake
[3.441s] -- Up-to-date: /home/gun/FUN4/install/fun4_interfaces/share/fun4_interfaces/cmake/fun4_interfaces__rosidl_typesupport_introspection_cExport.cmake
[3.441s] -- Up-to-date: /home/gun/FUN4/install/fun4_interfaces/share/fun4_interfaces/cmake/fun4_interfaces__rosidl_typesupport_introspection_cExport-noconfig.cmake
[3.441s] -- Up-to-date: /home/gun/FUN4/install/fun4_interfaces/share/fun4_interfaces/cmake/fun4_interfaces__rosidl_typesupport_cExport.cmake
[3.441s] -- Up-to-date: /home/gun/FUN4/install/fun4_interfaces/share/fun4_interfaces/cmake/fun4_interfaces__rosidl_typesupport_cExport-noconfig.cmake
[3.441s] -- Up-to-date: /home/gun/FUN4/install/fun4_interfaces/share/fun4_interfaces/cmake/fun4_interfaces__rosidl_typesupport_introspection_cppExport.cmake
[3.441s] -- Up-to-date: /home/gun/FUN4/install/fun4_interfaces/share/fun4_interfaces/cmake/fun4_interfaces__rosidl_typesupport_introspection_cppExport-noconfig.cmake
[3.441s] -- Up-to-date: /home/gun/FUN4/install/fun4_interfaces/share/fun4_interfaces/cmake/fun4_interfaces__rosidl_typesupport_cppExport.cmake
[3.442s] -- Up-to-date: /home/gun/FUN4/install/fun4_interfaces/share/fun4_interfaces/cmake/fun4_interfaces__rosidl_typesupport_cppExport-noconfig.cmake
[3.442s] -- Up-to-date: /home/gun/FUN4/install/fun4_interfaces/share/fun4_interfaces/cmake/export_fun4_interfaces__rosidl_generator_pyExport.cmake
[3.442s] -- Up-to-date: /home/gun/FUN4/install/fun4_interfaces/share/fun4_interfaces/cmake/export_fun4_interfaces__rosidl_generator_pyExport-noconfig.cmake
[3.442s] -- Up-to-date: /home/gun/FUN4/install/fun4_interfaces/share/fun4_interfaces/cmake/rosidl_cmake-extras.cmake
[3.442s] -- Up-to-date: /home/gun/FUN4/install/fun4_interfaces/share/fun4_interfaces/cmake/ament_cmake_export_dependencies-extras.cmake
[3.442s] -- Up-to-date: /home/gun/FUN4/install/fun4_interfaces/share/fun4_interfaces/cmake/ament_cmake_export_include_directories-extras.cmake
[3.442s] -- Up-to-date: /home/gun/FUN4/install/fun4_interfaces/share/fun4_interfaces/cmake/ament_cmake_export_libraries-extras.cmake
[3.442s] -- Up-to-date: /home/gun/FUN4/install/fun4_interfaces/share/fun4_interfaces/cmake/ament_cmake_export_targets-extras.cmake
[3.442s] -- Up-to-date: /home/gun/FUN4/install/fun4_interfaces/share/fun4_interfaces/cmake/rosidl_cmake_export_typesupport_targets-extras.cmake
[3.442s] -- Up-to-date: /home/gun/FUN4/install/fun4_interfaces/share/fun4_interfaces/cmake/rosidl_cmake_export_typesupport_libraries-extras.cmake
[3.443s] -- Up-to-date: /home/gun/FUN4/install/fun4_interfaces/share/fun4_interfaces/cmake/fun4_interfacesConfig.cmake
[3.443s] -- Up-to-date: /home/gun/FUN4/install/fun4_interfaces/share/fun4_interfaces/cmake/fun4_interfacesConfig-version.cmake
[3.443s] -- Up-to-date: /home/gun/FUN4/install/fun4_interfaces/share/fun4_interfaces/package.xml
[3.444s] Invoked command in '/home/gun/FUN4/build/fun4_interfaces' returned '0': CMAKE_PREFIX_PATH=${CMAKE_PREFIX_PATH}:/home/gun/ros2_ws/install/turtlesim_catch_them_all:/home/gun/ros2_ws/install/my_py_pkg:/home/gun/ros2_ws/install/actions_py:/opt/ros/humble /usr/bin/cmake --install /home/gun/FUN4/build/fun4_interfaces
