[0.017s] Invoking command in '/home/gun/FUN4/build/fun4_description': CMAKE_PREFIX_PATH=${CMAKE_PREFIX_PATH}:/home/gun/ros2_ws/install/turtlesim_catch_them_all:/home/gun/ros2_ws/install/my_py_pkg:/home/gun/ros2_ws/install/actions_py:/opt/ros/humble /usr/bin/cmake /home/gun/FUN4/src/fun4_description -DCMAKE_INSTALL_PREFIX=/home/gun/FUN4/install/fun4_description
[0.110s] -- The C compiler identification is GNU 11.4.0
[0.169s] -- The CXX compiler identification is GNU 11.4.0
[0.177s] -- Detecting C compiler ABI info
[0.243s] -- Detecting C compiler ABI info - done
[0.251s] -- Check for working C compiler: /usr/bin/cc - skipped
[0.251s] -- Detecting C compile features
[0.252s] -- Detecting C compile features - done
[0.255s] -- Detecting CXX compiler ABI info
[0.332s] -- Detecting CXX compiler ABI info - done
[0.347s] -- Check for working CXX compiler: /usr/bin/c++ - skipped
[0.347s] -- Detecting CXX compile features
[0.348s] -- Detecting CXX compile features - done
[0.356s] -- Found ament_cmake: 1.3.10 (/opt/ros/humble/share/ament_cmake/cmake)
[0.771s] -- Found Python3: /usr/bin/python3 (found version "3.10.12") found components: Interpreter 
[0.916s] -- Found rclcpp: 16.0.10 (/opt/ros/humble/share/rclcpp/cmake)
[0.974s] -- Found rosidl_generator_c: 3.1.5 (/opt/ros/humble/share/rosidl_generator_c/cmake)
[0.981s] -- Found rosidl_adapter: 3.1.5 (/opt/ros/humble/share/rosidl_adapter/cmake)
[0.991s] -- Found rosidl_generator_cpp: 3.1.5 (/opt/ros/humble/share/rosidl_generator_cpp/cmake)
[1.005s] -- Using all available rosidl_typesupport_c: rosidl_typesupport_fastrtps_c;rosidl_typesupport_introspection_c
[1.025s] -- Using all available rosidl_typesupport_cpp: rosidl_typesupport_fastrtps_cpp;rosidl_typesupport_introspection_cpp
[1.091s] -- Found rmw_implementation_cmake: 6.1.2 (/opt/ros/humble/share/rmw_implementation_cmake/cmake)
[1.097s] -- Found rmw_cyclonedds_cpp: 1.3.4 (/opt/ros/humble/share/rmw_cyclonedds_cpp/cmake)
[1.139s] -- Using RMW implementation 'rmw_cyclonedds_cpp' as default
[1.157s] -- Looking for pthread.h
[1.224s] -- Looking for pthread.h - found
[1.224s] -- Performing Test CMAKE_HAVE_LIBC_PTHREAD
[1.297s] -- Performing Test CMAKE_HAVE_LIBC_PTHREAD - Success
[1.298s] -- Found Threads: TRUE  
[1.372s] -- Found rclpy: 3.3.14 (/opt/ros/humble/share/rclpy/cmake)
[1.532s] -- Configuring done
[1.540s] -- Generating done
[1.542s] -- Build files have been written to: /home/gun/FUN4/build/fun4_description
[1.549s] Invoked command in '/home/gun/FUN4/build/fun4_description' returned '0': CMAKE_PREFIX_PATH=${CMAKE_PREFIX_PATH}:/home/gun/ros2_ws/install/turtlesim_catch_them_all:/home/gun/ros2_ws/install/my_py_pkg:/home/gun/ros2_ws/install/actions_py:/opt/ros/humble /usr/bin/cmake /home/gun/FUN4/src/fun4_description -DCMAKE_INSTALL_PREFIX=/home/gun/FUN4/install/fun4_description
[1.552s] Invoking command in '/home/gun/FUN4/build/fun4_description': CMAKE_PREFIX_PATH=${CMAKE_PREFIX_PATH}:/home/gun/ros2_ws/install/turtlesim_catch_them_all:/home/gun/ros2_ws/install/my_py_pkg:/home/gun/ros2_ws/install/actions_py:/opt/ros/humble /usr/bin/cmake --build /home/gun/FUN4/build/fun4_description -- -j8 -l8
[1.598s] [ 50%] [32mBuilding CXX object CMakeFiles/cpp_node_test.dir/src/cpp_node.cpp.o[0m
[1.606s] [ 50%] Built target ament_cmake_python_copy_fun4_description
[1.871s] [100%] [32m[1mLinking CXX executable cpp_node_test[0m
[1.872s] running egg_info
[1.873s] creating fun4_description.egg-info
[1.893s] writing fun4_description.egg-info/PKG-INFO
[1.894s] writing dependency_links to fun4_description.egg-info/dependency_links.txt
[1.894s] writing top-level names to fun4_description.egg-info/top_level.txt
[1.894s] writing manifest file 'fun4_description.egg-info/SOURCES.txt'
[1.955s] reading manifest file 'fun4_description.egg-info/SOURCES.txt'
[1.956s] writing manifest file 'fun4_description.egg-info/SOURCES.txt'
[1.983s] [100%] Built target cpp_node_test
[1.995s] [100%] Built target ament_cmake_python_build_fun4_description_egg
[2.006s] Invoked command in '/home/gun/FUN4/build/fun4_description' returned '0': CMAKE_PREFIX_PATH=${CMAKE_PREFIX_PATH}:/home/gun/ros2_ws/install/turtlesim_catch_them_all:/home/gun/ros2_ws/install/my_py_pkg:/home/gun/ros2_ws/install/actions_py:/opt/ros/humble /usr/bin/cmake --build /home/gun/FUN4/build/fun4_description -- -j8 -l8
[2.042s] Invoking command in '/home/gun/FUN4/build/fun4_description': CMAKE_PREFIX_PATH=${CMAKE_PREFIX_PATH}:/home/gun/ros2_ws/install/turtlesim_catch_them_all:/home/gun/ros2_ws/install/my_py_pkg:/home/gun/ros2_ws/install/actions_py:/opt/ros/humble /usr/bin/cmake --install /home/gun/FUN4/build/fun4_description
[2.049s] -- Install configuration: ""
[2.049s] -- Installing: /home/gun/FUN4/install/fun4_description/share/fun4_description/environment/pythonpath.sh
[2.049s] -- Installing: /home/gun/FUN4/install/fun4_description/share/fun4_description/environment/pythonpath.dsv
[2.049s] -- Installing: /home/gun/FUN4/install/fun4_description/local/lib/python3.10/dist-packages/fun4_description-0.0.0-py3.10.egg-info
[2.049s] -- Installing: /home/gun/FUN4/install/fun4_description/local/lib/python3.10/dist-packages/fun4_description-0.0.0-py3.10.egg-info/top_level.txt
[2.049s] -- Installing: /home/gun/FUN4/install/fun4_description/local/lib/python3.10/dist-packages/fun4_description-0.0.0-py3.10.egg-info/PKG-INFO
[2.050s] -- Installing: /home/gun/FUN4/install/fun4_description/local/lib/python3.10/dist-packages/fun4_description-0.0.0-py3.10.egg-info/SOURCES.txt
[2.050s] -- Installing: /home/gun/FUN4/install/fun4_description/local/lib/python3.10/dist-packages/fun4_description-0.0.0-py3.10.egg-info/dependency_links.txt
[2.050s] -- Installing: /home/gun/FUN4/install/fun4_description/local/lib/python3.10/dist-packages/fun4_description
[2.050s] -- Installing: /home/gun/FUN4/install/fun4_description/local/lib/python3.10/dist-packages/fun4_description/__init__.py
[2.050s] -- Installing: /home/gun/FUN4/install/fun4_description/local/lib/python3.10/dist-packages/fun4_description/dummy_module.py
[2.091s] Listing '/home/gun/FUN4/install/fun4_description/local/lib/python3.10/dist-packages/fun4_description'...
[2.091s] Compiling '/home/gun/FUN4/install/fun4_description/local/lib/python3.10/dist-packages/fun4_description/__init__.py'...
[2.091s] Compiling '/home/gun/FUN4/install/fun4_description/local/lib/python3.10/dist-packages/fun4_description/dummy_module.py'...
[2.096s] -- Installing: /home/gun/FUN4/install/fun4_description/lib/fun4_description/dummy_script.py
[2.096s] -- Installing: /home/gun/FUN4/install/fun4_description/lib/fun4_description/joint_state_publisher.py
[2.096s] -- Installing: /home/gun/FUN4/install/fun4_description/lib/fun4_description/random_target.py
[2.096s] -- Installing: /home/gun/FUN4/install/fun4_description/lib/fun4_description/end_effector_pose.py
[2.096s] -- Installing: /home/gun/FUN4/install/fun4_description/lib/fun4_description/inverse_pose_kinematics.py
[2.096s] -- Installing: /home/gun/FUN4/install/fun4_description/lib/fun4_description/teleoperation.py
[2.096s] -- Installing: /home/gun/FUN4/install/fun4_description/lib/fun4_description/auto.py
[2.097s] -- Installing: /home/gun/FUN4/install/fun4_description/lib/fun4_description/cpp_node_test
[2.097s] -- Set runtime path of "/home/gun/FUN4/install/fun4_description/lib/fun4_description/cpp_node_test" to ""
[2.097s] -- Installing: /home/gun/FUN4/install/fun4_description/share/fun4_description/config
[2.097s] -- Installing: /home/gun/FUN4/install/fun4_description/share/fun4_description/config/display.rviz
[2.097s] -- Installing: /home/gun/FUN4/install/fun4_description/share/fun4_description/launch
[2.097s] -- Installing: /home/gun/FUN4/install/fun4_description/share/fun4_description/launch/fun.launch.py
[2.097s] -- Installing: /home/gun/FUN4/install/fun4_description/share/fun4_description/launch/simple_display.launch.py
[2.097s] -- Installing: /home/gun/FUN4/install/fun4_description/share/fun4_description/meshes
[2.097s] -- Installing: /home/gun/FUN4/install/fun4_description/share/fun4_description/meshes/link_1.stl
[2.098s] -- Installing: /home/gun/FUN4/install/fun4_description/share/fun4_description/meshes/link_3.stl
[2.099s] -- Installing: /home/gun/FUN4/install/fun4_description/share/fun4_description/meshes/link_0.stl
[2.101s] -- Installing: /home/gun/FUN4/install/fun4_description/share/fun4_description/meshes/end_effector.stl
[2.102s] -- Installing: /home/gun/FUN4/install/fun4_description/share/fun4_description/meshes/link_2.stl
[2.102s] -- Installing: /home/gun/FUN4/install/fun4_description/share/fun4_description/robot
[2.103s] -- Installing: /home/gun/FUN4/install/fun4_description/share/fun4_description/robot/visual
[2.103s] -- Installing: /home/gun/FUN4/install/fun4_description/share/fun4_description/robot/visual/my-robot.xacro
[2.103s] -- Installing: /home/gun/FUN4/install/fun4_description/share/fun4_description/robot/visual/01-myfirst.urdf
[2.103s] -- Installing: /home/gun/FUN4/install/fun4_description/share/ament_index/resource_index/package_run_dependencies/fun4_description
[2.103s] -- Installing: /home/gun/FUN4/install/fun4_description/share/ament_index/resource_index/parent_prefix_path/fun4_description
[2.103s] -- Installing: /home/gun/FUN4/install/fun4_description/share/fun4_description/environment/ament_prefix_path.sh
[2.104s] -- Installing: /home/gun/FUN4/install/fun4_description/share/fun4_description/environment/ament_prefix_path.dsv
[2.104s] -- Installing: /home/gun/FUN4/install/fun4_description/share/fun4_description/environment/path.sh
[2.104s] -- Installing: /home/gun/FUN4/install/fun4_description/share/fun4_description/environment/path.dsv
[2.104s] -- Installing: /home/gun/FUN4/install/fun4_description/share/fun4_description/local_setup.bash
[2.104s] -- Installing: /home/gun/FUN4/install/fun4_description/share/fun4_description/local_setup.sh
[2.104s] -- Installing: /home/gun/FUN4/install/fun4_description/share/fun4_description/local_setup.zsh
[2.104s] -- Installing: /home/gun/FUN4/install/fun4_description/share/fun4_description/local_setup.dsv
[2.104s] -- Installing: /home/gun/FUN4/install/fun4_description/share/fun4_description/package.dsv
[2.104s] -- Installing: /home/gun/FUN4/install/fun4_description/share/ament_index/resource_index/packages/fun4_description
[2.104s] -- Installing: /home/gun/FUN4/install/fun4_description/share/fun4_description/cmake/fun4_descriptionConfig.cmake
[2.105s] -- Installing: /home/gun/FUN4/install/fun4_description/share/fun4_description/cmake/fun4_descriptionConfig-version.cmake
[2.105s] -- Installing: /home/gun/FUN4/install/fun4_description/share/fun4_description/package.xml
[2.107s] Invoked command in '/home/gun/FUN4/build/fun4_description' returned '0': CMAKE_PREFIX_PATH=${CMAKE_PREFIX_PATH}:/home/gun/ros2_ws/install/turtlesim_catch_them_all:/home/gun/ros2_ws/install/my_py_pkg:/home/gun/ros2_ws/install/actions_py:/opt/ros/humble /usr/bin/cmake --install /home/gun/FUN4/build/fun4_description
