[0.015s] Invoking command in '/home/gun/FUN4/build/fun4_interfaces': CMAKE_PREFIX_PATH=${CMAKE_PREFIX_PATH}:/home/gun/ros2_ws/install/turtlesim_catch_them_all:/home/gun/ros2_ws/install/my_py_pkg:/home/gun/ros2_ws/install/actions_py:/opt/ros/humble /usr/bin/cmake --build /home/gun/FUN4/build/fun4_interfaces -- -j8 -l8
[0.037s] -- Found ament_cmake: 1.3.10 (/opt/ros/humble/share/ament_cmake/cmake)
[0.177s] -- Found geometry_msgs: 4.2.4 (/opt/ros/humble/share/geometry_msgs/cmake)
[0.202s] -- Found rosidl_generator_c: 3.1.5 (/opt/ros/humble/share/rosidl_generator_c/cmake)
[0.204s] -- Found rosidl_adapter: 3.1.5 (/opt/ros/humble/share/rosidl_adapter/cmake)
[0.210s] -- Found rosidl_generator_cpp: 3.1.5 (/opt/ros/humble/share/rosidl_generator_cpp/cmake)
[0.220s] -- Using all available rosidl_typesupport_c: rosidl_typesupport_fastrtps_c;rosidl_typesupport_introspection_c
[0.233s] -- Using all available rosidl_typesupport_cpp: rosidl_typesupport_fastrtps_cpp;rosidl_typesupport_introspection_cpp
[0.267s] -- Found rosidl_default_generators: 1.2.0 (/opt/ros/humble/share/rosidl_default_generators/cmake)
[0.599s] -- Found ament_cmake_ros: 0.10.0 (/opt/ros/humble/share/ament_cmake_ros/cmake)
[0.991s] -- Using all available rosidl_typesupport_c: rosidl_typesupport_fastrtps_c;rosidl_typesupport_introspection_c
[1.143s] -- Using all available rosidl_typesupport_cpp: rosidl_typesupport_fastrtps_cpp;rosidl_typesupport_introspection_cpp
[1.164s] -- Found python_cmake_module: 0.10.0 (/opt/ros/humble/share/python_cmake_module/cmake)
[1.183s] -- Using PYTHON_EXECUTABLE: /usr/bin/python3
[1.183s] -- Using PYTHON_INCLUDE_DIRS: /usr/include/python3.10
[1.183s] -- Using PYTHON_LIBRARIES: /usr/lib/x86_64-linux-gnu/libpython3.10.so
[1.228s] -- Found ament_lint_auto: 0.12.11 (/opt/ros/humble/share/ament_lint_auto/cmake)
[1.235s] -- Added test 'lint_cmake' to check CMake code style
[1.236s] -- Added test 'xmllint' to check XML markup files
[1.237s] -- Configuring done
[1.267s] -- Generating done
[1.270s] -- Build files have been written to: /home/gun/FUN4/build/fun4_interfaces
[1.294s] [  2%] [34m[1mGenerating C code for ROS interfaces[0m
[1.304s] [  5%] [34m[1mGenerating C++ code for ROS interfaces[0m
[1.313s] [  5%] Built target ament_cmake_python_copy_fun4_interfaces
[1.553s] running egg_info
[1.572s] writing fun4_interfaces.egg-info/PKG-INFO
[1.572s] writing dependency_links to fun4_interfaces.egg-info/dependency_links.txt
[1.573s] writing top-level names to fun4_interfaces.egg-info/top_level.txt
[1.626s] reading manifest file 'fun4_interfaces.egg-info/SOURCES.txt'
[1.627s] writing manifest file 'fun4_interfaces.egg-info/SOURCES.txt'
[1.669s] [  5%] Built target fun4_interfaces__cpp
[1.673s] [  5%] Built target ament_cmake_python_build_fun4_interfaces_egg
[1.678s] [35m[1mConsolidate compiler generated dependencies of target fun4_interfaces__rosidl_generator_c[0m
[1.679s] [ 10%] [34m[1mGenerating C++ type support dispatch for ROS interfaces[0m
[1.680s] [ 10%] [34m[1mGenerating C++ type support for eProsima Fast-RTPS[0m
[1.681s] [ 12%] [34m[1mGenerating C++ introspection for ROS interfaces[0m
[1.690s] [ 15%] [32mBuilding C object CMakeFiles/fun4_interfaces__rosidl_generator_c.dir/rosidl_generator_c/fun4_interfaces/srv/detail/change_mode__functions.c.o[0m
[1.694s] [ 17%] [32mBuilding C object CMakeFiles/fun4_interfaces__rosidl_generator_c.dir/rosidl_generator_c/fun4_interfaces/srv/detail/run_auto__functions.c.o[0m
[1.779s] [ 20%] [32m[1mLinking C shared library libfun4_interfaces__rosidl_generator_c.so[0m
[1.815s] [ 20%] Built target fun4_interfaces__rosidl_generator_c
[1.827s] [ 23%] [34m[1mGenerating C type support for eProsima Fast-RTPS[0m
[1.830s] [ 28%] [34m[1mGenerating C introspection for ROS interfaces[0m
[1.831s] [ 28%] [34m[1mGenerating C type support dispatch for ROS interfaces[0m
[2.068s] [35m[1mConsolidate compiler generated dependencies of target fun4_interfaces__rosidl_typesupport_cpp[0m
[2.091s] [ 30%] [32mBuilding CXX object CMakeFiles/fun4_interfaces__rosidl_typesupport_cpp.dir/rosidl_typesupport_cpp/fun4_interfaces/srv/change_mode__type_support.cpp.o[0m
[2.091s] [ 33%] [32mBuilding CXX object CMakeFiles/fun4_interfaces__rosidl_typesupport_cpp.dir/rosidl_typesupport_cpp/fun4_interfaces/srv/run_auto__type_support.cpp.o[0m
[2.100s] [35m[1mConsolidate compiler generated dependencies of target fun4_interfaces__rosidl_typesupport_fastrtps_cpp[0m
[2.114s] [35m[1mConsolidate compiler generated dependencies of target fun4_interfaces__rosidl_typesupport_introspection_cpp[0m
[2.121s] [ 35%] [32mBuilding CXX object CMakeFiles/fun4_interfaces__rosidl_typesupport_fastrtps_cpp.dir/rosidl_typesupport_fastrtps_cpp/fun4_interfaces/srv/detail/dds_fastrtps/change_mode__type_support.cpp.o[0m
[2.128s] [ 38%] [32mBuilding CXX object CMakeFiles/fun4_interfaces__rosidl_typesupport_fastrtps_cpp.dir/rosidl_typesupport_fastrtps_cpp/fun4_interfaces/srv/detail/dds_fastrtps/run_auto__type_support.cpp.o[0m
[2.142s] [ 41%] [32mBuilding CXX object CMakeFiles/fun4_interfaces__rosidl_typesupport_introspection_cpp.dir/rosidl_typesupport_introspection_cpp/fun4_interfaces/srv/detail/change_mode__type_support.cpp.o[0m
[2.324s] [35m[1mConsolidate compiler generated dependencies of target fun4_interfaces__rosidl_typesupport_c[0m
[2.343s] [ 43%] [32mBuilding CXX object CMakeFiles/fun4_interfaces__rosidl_typesupport_c.dir/rosidl_typesupport_c/fun4_interfaces/srv/change_mode__type_support.cpp.o[0m
[2.351s] [35m[1mConsolidate compiler generated dependencies of target fun4_interfaces__rosidl_typesupport_fastrtps_c[0m
[2.372s] [ 46%] [32mBuilding CXX object CMakeFiles/fun4_interfaces__rosidl_typesupport_fastrtps_c.dir/rosidl_typesupport_fastrtps_c/fun4_interfaces/srv/detail/change_mode__type_support_c.cpp.o[0m
[2.398s] [ 48%] [32mBuilding CXX object CMakeFiles/fun4_interfaces__rosidl_typesupport_c.dir/rosidl_typesupport_c/fun4_interfaces/srv/run_auto__type_support.cpp.o[0m
[2.413s] [35m[1mConsolidate compiler generated dependencies of target fun4_interfaces__rosidl_typesupport_introspection_c[0m
[2.432s] [ 51%] [32mBuilding C object CMakeFiles/fun4_interfaces__rosidl_typesupport_introspection_c.dir/rosidl_typesupport_introspection_c/fun4_interfaces/srv/detail/change_mode__type_support.c.o[0m
[2.446s] [ 53%] [32m[1mLinking CXX shared library libfun4_interfaces__rosidl_typesupport_c.so[0m
[2.498s] [ 56%] [32mBuilding C object CMakeFiles/fun4_interfaces__rosidl_typesupport_introspection_c.dir/rosidl_typesupport_introspection_c/fun4_interfaces/srv/detail/run_auto__type_support.c.o[0m
[2.519s] [ 56%] Built target fun4_interfaces__rosidl_typesupport_c
[2.524s] [ 58%] [32mBuilding CXX object CMakeFiles/fun4_interfaces__rosidl_typesupport_fastrtps_c.dir/rosidl_typesupport_fastrtps_c/fun4_interfaces/srv/detail/run_auto__type_support_c.cpp.o[0m
[2.531s] [ 61%] [32m[1mLinking CXX shared library libfun4_interfaces__rosidl_typesupport_cpp.so[0m
[2.535s] [ 64%] [32mBuilding CXX object CMakeFiles/fun4_interfaces__rosidl_typesupport_introspection_cpp.dir/rosidl_typesupport_introspection_cpp/fun4_interfaces/srv/detail/run_auto__type_support.cpp.o[0m
[2.558s] [ 66%] [32m[1mLinking C shared library libfun4_interfaces__rosidl_typesupport_introspection_c.so[0m
[2.595s] [ 66%] Built target fun4_interfaces__rosidl_typesupport_cpp
[2.609s] [ 66%] Built target fun4_interfaces__rosidl_typesupport_introspection_c
[2.781s] [ 69%] [32m[1mLinking CXX shared library libfun4_interfaces__rosidl_typesupport_fastrtps_cpp.so[0m
[2.874s] [ 69%] Built target fun4_interfaces__rosidl_typesupport_fastrtps_cpp
[2.948s] [ 71%] [32m[1mLinking CXX shared library libfun4_interfaces__rosidl_typesupport_fastrtps_c.so[0m
[3.019s] [ 74%] [32m[1mLinking CXX shared library libfun4_interfaces__rosidl_typesupport_introspection_cpp.so[0m
[3.030s] [ 74%] Built target fun4_interfaces__rosidl_typesupport_fastrtps_c
[3.097s] [ 74%] Built target fun4_interfaces__rosidl_typesupport_introspection_cpp
[3.120s] [ 74%] Built target fun4_interfaces
[3.142s] [ 76%] [34m[1mGenerating Python code for ROS interfaces[0m
[3.626s] [ 76%] Built target fun4_interfaces__py
[3.637s] [35m[1mConsolidate compiler generated dependencies of target fun4_interfaces__rosidl_generator_py[0m
[3.649s] [ 82%] [32mBuilding C object CMakeFiles/fun4_interfaces__rosidl_generator_py.dir/rosidl_generator_py/fun4_interfaces/srv/_change_mode_s.c.o[0m
[3.649s] [ 82%] [32mBuilding C object CMakeFiles/fun4_interfaces__rosidl_generator_py.dir/rosidl_generator_py/fun4_interfaces/srv/_run_auto_s.c.o[0m
[3.755s] [ 84%] [32m[1mLinking C shared library rosidl_generator_py/fun4_interfaces/libfun4_interfaces__rosidl_generator_py.so[0m
[3.794s] [ 84%] Built target fun4_interfaces__rosidl_generator_py
[3.805s] [35m[1mConsolidate compiler generated dependencies of target fun4_interfaces__rosidl_typesupport_introspection_c__pyext[0m
[3.805s] [35m[1mConsolidate compiler generated dependencies of target fun4_interfaces__rosidl_typesupport_fastrtps_c__pyext[0m
[3.805s] [35m[1mConsolidate compiler generated dependencies of target fun4_interfaces__rosidl_typesupport_c__pyext[0m
[3.817s] [ 92%] [32mBuilding C object CMakeFiles/fun4_interfaces__rosidl_typesupport_fastrtps_c__pyext.dir/rosidl_generator_py/fun4_interfaces/_fun4_interfaces_s.ep.rosidl_typesupport_fastrtps_c.c.o[0m
[3.817s] [ 92%] [32mBuilding C object CMakeFiles/fun4_interfaces__rosidl_typesupport_c__pyext.dir/rosidl_generator_py/fun4_interfaces/_fun4_interfaces_s.ep.rosidl_typesupport_c.c.o[0m
[3.817s] [ 92%] [32mBuilding C object CMakeFiles/fun4_interfaces__rosidl_typesupport_introspection_c__pyext.dir/rosidl_generator_py/fun4_interfaces/_fun4_interfaces_s.ep.rosidl_typesupport_introspection_c.c.o[0m
[3.918s] [100%] [32m[1mLinking C shared library rosidl_generator_py/fun4_interfaces/fun4_interfaces_s__rosidl_typesupport_introspection_c.cpython-310-x86_64-linux-gnu.so[0m
[3.918s] [100%] [32m[1mLinking C shared library rosidl_generator_py/fun4_interfaces/fun4_interfaces_s__rosidl_typesupport_fastrtps_c.cpython-310-x86_64-linux-gnu.so[0m
[3.918s] [100%] [32m[1mLinking C shared library rosidl_generator_py/fun4_interfaces/fun4_interfaces_s__rosidl_typesupport_c.cpython-310-x86_64-linux-gnu.so[0m
[3.958s] [100%] Built target fun4_interfaces__rosidl_typesupport_c__pyext
[3.958s] [100%] Built target fun4_interfaces__rosidl_typesupport_fastrtps_c__pyext
[3.958s] [100%] Built target fun4_interfaces__rosidl_typesupport_introspection_c__pyext
[3.969s] Invoked command in '/home/gun/FUN4/build/fun4_interfaces' returned '0': CMAKE_PREFIX_PATH=${CMAKE_PREFIX_PATH}:/home/gun/ros2_ws/install/turtlesim_catch_them_all:/home/gun/ros2_ws/install/my_py_pkg:/home/gun/ros2_ws/install/actions_py:/opt/ros/humble /usr/bin/cmake --build /home/gun/FUN4/build/fun4_interfaces -- -j8 -l8
[4.041s] Invoking command in '/home/gun/FUN4/build/fun4_interfaces': CMAKE_PREFIX_PATH=${CMAKE_PREFIX_PATH}:/home/gun/ros2_ws/install/turtlesim_catch_them_all:/home/gun/ros2_ws/install/my_py_pkg:/home/gun/ros2_ws/install/actions_py:/opt/ros/humble /usr/bin/cmake --install /home/gun/FUN4/build/fun4_interfaces
[4.048s] -- Install configuration: ""
[4.048s] -- Up-to-date: /home/gun/FUN4/install/fun4_interfaces/share/ament_index/resource_index/rosidl_interfaces/fun4_interfaces
[4.048s] -- Up-to-date: /home/gun/FUN4/install/fun4_interfaces/include/fun4_interfaces/fun4_interfaces
[4.048s] -- Up-to-date: /home/gun/FUN4/install/fun4_interfaces/include/fun4_interfaces/fun4_interfaces/srv
[4.048s] -- Up-to-date: /home/gun/FUN4/install/fun4_interfaces/include/fun4_interfaces/fun4_interfaces/srv/detail
[4.049s] -- Installing: /home/gun/FUN4/install/fun4_interfaces/include/fun4_interfaces/fun4_interfaces/srv/detail/run_auto__functions.c
[4.049s] -- Installing: /home/gun/FUN4/install/fun4_interfaces/include/fun4_interfaces/fun4_interfaces/srv/detail/change_mode__struct.h
[4.049s] -- Installing: /home/gun/FUN4/install/fun4_interfaces/include/fun4_interfaces/fun4_interfaces/srv/detail/change_mode__functions.h
[4.049s] -- Installing: /home/gun/FUN4/install/fun4_interfaces/include/fun4_interfaces/fun4_interfaces/srv/detail/change_mode__type_support.h
[4.049s] -- Installing: /home/gun/FUN4/install/fun4_interfaces/include/fun4_interfaces/fun4_interfaces/srv/detail/change_mode__functions.c
[4.049s] -- Installing: /home/gun/FUN4/install/fun4_interfaces/include/fun4_interfaces/fun4_interfaces/srv/detail/run_auto__functions.h
[4.049s] -- Installing: /home/gun/FUN4/install/fun4_interfaces/include/fun4_interfaces/fun4_interfaces/srv/detail/run_auto__struct.h
[4.049s] -- Installing: /home/gun/FUN4/install/fun4_interfaces/include/fun4_interfaces/fun4_interfaces/srv/detail/run_auto__type_support.h
[4.049s] -- Installing: /home/gun/FUN4/install/fun4_interfaces/include/fun4_interfaces/fun4_interfaces/srv/run_auto.h
[4.049s] -- Installing: /home/gun/FUN4/install/fun4_interfaces/include/fun4_interfaces/fun4_interfaces/srv/change_mode.h
[4.049s] -- Up-to-date: /home/gun/FUN4/install/fun4_interfaces/include/fun4_interfaces/fun4_interfaces/msg
[4.050s] -- Up-to-date: /home/gun/FUN4/install/fun4_interfaces/include/fun4_interfaces/fun4_interfaces/msg/rosidl_generator_c__visibility_control.h
[4.050s] -- Up-to-date: /home/gun/FUN4/install/fun4_interfaces/share/fun4_interfaces/environment/library_path.sh
[4.050s] -- Installing: /home/gun/FUN4/install/fun4_interfaces/share/fun4_interfaces/environment/library_path.dsv
[4.050s] -- Installing: /home/gun/FUN4/install/fun4_interfaces/lib/libfun4_interfaces__rosidl_generator_c.so
[4.050s] -- Set runtime path of "/home/gun/FUN4/install/fun4_interfaces/lib/libfun4_interfaces__rosidl_generator_c.so" to ""
[4.050s] -- Up-to-date: /home/gun/FUN4/install/fun4_interfaces/include/fun4_interfaces/fun4_interfaces
[4.050s] -- Up-to-date: /home/gun/FUN4/install/fun4_interfaces/include/fun4_interfaces/fun4_interfaces/srv
[4.050s] -- Up-to-date: /home/gun/FUN4/install/fun4_interfaces/include/fun4_interfaces/fun4_interfaces/srv/detail
[4.050s] -- Installing: /home/gun/FUN4/install/fun4_interfaces/include/fun4_interfaces/fun4_interfaces/srv/detail/run_auto__rosidl_typesupport_fastrtps_c.h
[4.050s] -- Installing: /home/gun/FUN4/install/fun4_interfaces/include/fun4_interfaces/fun4_interfaces/srv/detail/change_mode__rosidl_typesupport_fastrtps_c.h
[4.050s] -- Up-to-date: /home/gun/FUN4/install/fun4_interfaces/include/fun4_interfaces/fun4_interfaces/msg
[4.051s] -- Up-to-date: /home/gun/FUN4/install/fun4_interfaces/include/fun4_interfaces/fun4_interfaces/msg/rosidl_typesupport_fastrtps_c__visibility_control.h
[4.051s] -- Installing: /home/gun/FUN4/install/fun4_interfaces/lib/libfun4_interfaces__rosidl_typesupport_fastrtps_c.so
[4.051s] -- Set runtime path of "/home/gun/FUN4/install/fun4_interfaces/lib/libfun4_interfaces__rosidl_typesupport_fastrtps_c.so" to ""
[4.051s] -- Up-to-date: /home/gun/FUN4/install/fun4_interfaces/include/fun4_interfaces/fun4_interfaces
[4.051s] -- Up-to-date: /home/gun/FUN4/install/fun4_interfaces/include/fun4_interfaces/fun4_interfaces/srv
[4.051s] -- Installing: /home/gun/FUN4/install/fun4_interfaces/include/fun4_interfaces/fun4_interfaces/srv/run_auto.hpp
[4.051s] -- Up-to-date: /home/gun/FUN4/install/fun4_interfaces/include/fun4_interfaces/fun4_interfaces/srv/detail
[4.051s] -- Installing: /home/gun/FUN4/install/fun4_interfaces/include/fun4_interfaces/fun4_interfaces/srv/detail/run_auto__builder.hpp
[4.052s] -- Installing: /home/gun/FUN4/install/fun4_interfaces/include/fun4_interfaces/fun4_interfaces/srv/detail/change_mode__traits.hpp
[4.052s] -- Installing: /home/gun/FUN4/install/fun4_interfaces/include/fun4_interfaces/fun4_interfaces/srv/detail/run_auto__traits.hpp
[4.052s] -- Installing: /home/gun/FUN4/install/fun4_interfaces/include/fun4_interfaces/fun4_interfaces/srv/detail/run_auto__struct.hpp
[4.052s] -- Installing: /home/gun/FUN4/install/fun4_interfaces/include/fun4_interfaces/fun4_interfaces/srv/detail/change_mode__struct.hpp
[4.052s] -- Installing: /home/gun/FUN4/install/fun4_interfaces/include/fun4_interfaces/fun4_interfaces/srv/detail/change_mode__builder.hpp
[4.052s] -- Installing: /home/gun/FUN4/install/fun4_interfaces/include/fun4_interfaces/fun4_interfaces/srv/change_mode.hpp
[4.052s] -- Up-to-date: /home/gun/FUN4/install/fun4_interfaces/include/fun4_interfaces/fun4_interfaces
[4.052s] -- Up-to-date: /home/gun/FUN4/install/fun4_interfaces/include/fun4_interfaces/fun4_interfaces/srv
[4.052s] -- Up-to-date: /home/gun/FUN4/install/fun4_interfaces/include/fun4_interfaces/fun4_interfaces/srv/detail
[4.053s] -- Installing: /home/gun/FUN4/install/fun4_interfaces/include/fun4_interfaces/fun4_interfaces/srv/detail/change_mode__rosidl_typesupport_fastrtps_cpp.hpp
[4.053s] -- Up-to-date: /home/gun/FUN4/install/fun4_interfaces/include/fun4_interfaces/fun4_interfaces/srv/detail/dds_fastrtps
[4.053s] -- Installing: /home/gun/FUN4/install/fun4_interfaces/include/fun4_interfaces/fun4_interfaces/srv/detail/run_auto__rosidl_typesupport_fastrtps_cpp.hpp
[4.053s] -- Up-to-date: /home/gun/FUN4/install/fun4_interfaces/include/fun4_interfaces/fun4_interfaces/msg
[4.053s] -- Up-to-date: /home/gun/FUN4/install/fun4_interfaces/include/fun4_interfaces/fun4_interfaces/msg/rosidl_typesupport_fastrtps_cpp__visibility_control.h
[4.053s] -- Installing: /home/gun/FUN4/install/fun4_interfaces/lib/libfun4_interfaces__rosidl_typesupport_fastrtps_cpp.so
[4.053s] -- Set runtime path of "/home/gun/FUN4/install/fun4_interfaces/lib/libfun4_interfaces__rosidl_typesupport_fastrtps_cpp.so" to ""
[4.053s] -- Up-to-date: /home/gun/FUN4/install/fun4_interfaces/include/fun4_interfaces/fun4_interfaces
[4.053s] -- Up-to-date: /home/gun/FUN4/install/fun4_interfaces/include/fun4_interfaces/fun4_interfaces/srv
[4.054s] -- Up-to-date: /home/gun/FUN4/install/fun4_interfaces/include/fun4_interfaces/fun4_interfaces/srv/detail
[4.054s] -- Installing: /home/gun/FUN4/install/fun4_interfaces/include/fun4_interfaces/fun4_interfaces/srv/detail/run_auto__type_support.c
[4.054s] -- Installing: /home/gun/FUN4/install/fun4_interfaces/include/fun4_interfaces/fun4_interfaces/srv/detail/run_auto__rosidl_typesupport_introspection_c.h
[4.054s] -- Installing: /home/gun/FUN4/install/fun4_interfaces/include/fun4_interfaces/fun4_interfaces/srv/detail/change_mode__type_support.c
[4.054s] -- Installing: /home/gun/FUN4/install/fun4_interfaces/include/fun4_interfaces/fun4_interfaces/srv/detail/change_mode__rosidl_typesupport_introspection_c.h
[4.054s] -- Up-to-date: /home/gun/FUN4/install/fun4_interfaces/include/fun4_interfaces/fun4_interfaces/msg
[4.054s] -- Up-to-date: /home/gun/FUN4/install/fun4_interfaces/include/fun4_interfaces/fun4_interfaces/msg/rosidl_typesupport_introspection_c__visibility_control.h
[4.054s] -- Installing: /home/gun/FUN4/install/fun4_interfaces/lib/libfun4_interfaces__rosidl_typesupport_introspection_c.so
[4.055s] -- Set runtime path of "/home/gun/FUN4/install/fun4_interfaces/lib/libfun4_interfaces__rosidl_typesupport_introspection_c.so" to ""
[4.055s] -- Installing: /home/gun/FUN4/install/fun4_interfaces/lib/libfun4_interfaces__rosidl_typesupport_c.so
[4.055s] -- Set runtime path of "/home/gun/FUN4/install/fun4_interfaces/lib/libfun4_interfaces__rosidl_typesupport_c.so" to ""
[4.055s] -- Up-to-date: /home/gun/FUN4/install/fun4_interfaces/include/fun4_interfaces/fun4_interfaces
[4.055s] -- Up-to-date: /home/gun/FUN4/install/fun4_interfaces/include/fun4_interfaces/fun4_interfaces/srv
[4.055s] -- Up-to-date: /home/gun/FUN4/install/fun4_interfaces/include/fun4_interfaces/fun4_interfaces/srv/detail
[4.055s] -- Installing: /home/gun/FUN4/install/fun4_interfaces/include/fun4_interfaces/fun4_interfaces/srv/detail/change_mode__rosidl_typesupport_introspection_cpp.hpp
[4.055s] -- Installing: /home/gun/FUN4/install/fun4_interfaces/include/fun4_interfaces/fun4_interfaces/srv/detail/run_auto__rosidl_typesupport_introspection_cpp.hpp
[4.056s] -- Installing: /home/gun/FUN4/install/fun4_interfaces/include/fun4_interfaces/fun4_interfaces/srv/detail/change_mode__type_support.cpp
[4.056s] -- Installing: /home/gun/FUN4/install/fun4_interfaces/include/fun4_interfaces/fun4_interfaces/srv/detail/run_auto__type_support.cpp
[4.056s] -- Installing: /home/gun/FUN4/install/fun4_interfaces/lib/libfun4_interfaces__rosidl_typesupport_introspection_cpp.so
[4.056s] -- Set runtime path of "/home/gun/FUN4/install/fun4_interfaces/lib/libfun4_interfaces__rosidl_typesupport_introspection_cpp.so" to ""
[4.056s] -- Installing: /home/gun/FUN4/install/fun4_interfaces/lib/libfun4_interfaces__rosidl_typesupport_cpp.so
[4.057s] -- Set runtime path of "/home/gun/FUN4/install/fun4_interfaces/lib/libfun4_interfaces__rosidl_typesupport_cpp.so" to ""
[4.057s] -- Up-to-date: /home/gun/FUN4/install/fun4_interfaces/share/fun4_interfaces/environment/pythonpath.sh
[4.057s] -- Installing: /home/gun/FUN4/install/fun4_interfaces/share/fun4_interfaces/environment/pythonpath.dsv
[4.057s] -- Up-to-date: /home/gun/FUN4/install/fun4_interfaces/local/lib/python3.10/dist-packages/fun4_interfaces-0.0.0-py3.10.egg-info
[4.057s] -- Installing: /home/gun/FUN4/install/fun4_interfaces/local/lib/python3.10/dist-packages/fun4_interfaces-0.0.0-py3.10.egg-info/top_level.txt
[4.057s] -- Installing: /home/gun/FUN4/install/fun4_interfaces/local/lib/python3.10/dist-packages/fun4_interfaces-0.0.0-py3.10.egg-info/PKG-INFO
[4.058s] -- Installing: /home/gun/FUN4/install/fun4_interfaces/local/lib/python3.10/dist-packages/fun4_interfaces-0.0.0-py3.10.egg-info/SOURCES.txt
[4.058s] -- Installing: /home/gun/FUN4/install/fun4_interfaces/local/lib/python3.10/dist-packages/fun4_interfaces-0.0.0-py3.10.egg-info/dependency_links.txt
[4.058s] -- Up-to-date: /home/gun/FUN4/install/fun4_interfaces/local/lib/python3.10/dist-packages/fun4_interfaces
[4.058s] -- Installing: /home/gun/FUN4/install/fun4_interfaces/local/lib/python3.10/dist-packages/fun4_interfaces/_fun4_interfaces_s.ep.rosidl_typesupport_introspection_c.c
[4.058s] -- Installing: /home/gun/FUN4/install/fun4_interfaces/local/lib/python3.10/dist-packages/fun4_interfaces/libfun4_interfaces__rosidl_generator_py.so
[4.058s] -- Installing: /home/gun/FUN4/install/fun4_interfaces/local/lib/python3.10/dist-packages/fun4_interfaces/__init__.py
[4.058s] -- Installing: /home/gun/FUN4/install/fun4_interfaces/local/lib/python3.10/dist-packages/fun4_interfaces/fun4_interfaces_s__rosidl_typesupport_fastrtps_c.cpython-310-x86_64-linux-gnu.so
[4.059s] -- Up-to-date: /home/gun/FUN4/install/fun4_interfaces/local/lib/python3.10/dist-packages/fun4_interfaces/srv
[4.059s] -- Installing: /home/gun/FUN4/install/fun4_interfaces/local/lib/python3.10/dist-packages/fun4_interfaces/srv/_run_auto.py
[4.059s] -- Installing: /home/gun/FUN4/install/fun4_interfaces/local/lib/python3.10/dist-packages/fun4_interfaces/srv/__init__.py
[4.059s] -- Installing: /home/gun/FUN4/install/fun4_interfaces/local/lib/python3.10/dist-packages/fun4_interfaces/srv/_run_auto_s.c
[4.059s] -- Installing: /home/gun/FUN4/install/fun4_interfaces/local/lib/python3.10/dist-packages/fun4_interfaces/srv/_change_mode.py
[4.059s] -- Installing: /home/gun/FUN4/install/fun4_interfaces/local/lib/python3.10/dist-packages/fun4_interfaces/srv/_change_mode_s.c
[4.059s] -- Installing: /home/gun/FUN4/install/fun4_interfaces/local/lib/python3.10/dist-packages/fun4_interfaces/fun4_interfaces_s__rosidl_typesupport_c.cpython-310-x86_64-linux-gnu.so
[4.060s] -- Installing: /home/gun/FUN4/install/fun4_interfaces/local/lib/python3.10/dist-packages/fun4_interfaces/_fun4_interfaces_s.ep.rosidl_typesupport_c.c
[4.060s] -- Installing: /home/gun/FUN4/install/fun4_interfaces/local/lib/python3.10/dist-packages/fun4_interfaces/_fun4_interfaces_s.ep.rosidl_typesupport_fastrtps_c.c
[4.060s] -- Installing: /home/gun/FUN4/install/fun4_interfaces/local/lib/python3.10/dist-packages/fun4_interfaces/fun4_interfaces_s__rosidl_typesupport_introspection_c.cpython-310-x86_64-linux-gnu.so
[4.100s] Listing '/home/gun/FUN4/install/fun4_interfaces/local/lib/python3.10/dist-packages/fun4_interfaces'...
[4.100s] Compiling '/home/gun/FUN4/install/fun4_interfaces/local/lib/python3.10/dist-packages/fun4_interfaces/__init__.py'...
[4.100s] Listing '/home/gun/FUN4/install/fun4_interfaces/local/lib/python3.10/dist-packages/fun4_interfaces/srv'...
[4.101s] Compiling '/home/gun/FUN4/install/fun4_interfaces/local/lib/python3.10/dist-packages/fun4_interfaces/srv/__init__.py'...
[4.101s] Compiling '/home/gun/FUN4/install/fun4_interfaces/local/lib/python3.10/dist-packages/fun4_interfaces/srv/_change_mode.py'...
[4.101s] Compiling '/home/gun/FUN4/install/fun4_interfaces/local/lib/python3.10/dist-packages/fun4_interfaces/srv/_run_auto.py'...
[4.105s] -- Installing: /home/gun/FUN4/install/fun4_interfaces/local/lib/python3.10/dist-packages/fun4_interfaces/fun4_interfaces_s__rosidl_typesupport_fastrtps_c.cpython-310-x86_64-linux-gnu.so
[4.105s] -- Set runtime path of "/home/gun/FUN4/install/fun4_interfaces/local/lib/python3.10/dist-packages/fun4_interfaces/fun4_interfaces_s__rosidl_typesupport_fastrtps_c.cpython-310-x86_64-linux-gnu.so" to ""
[4.105s] -- Installing: /home/gun/FUN4/install/fun4_interfaces/local/lib/python3.10/dist-packages/fun4_interfaces/fun4_interfaces_s__rosidl_typesupport_introspection_c.cpython-310-x86_64-linux-gnu.so
[4.106s] -- Set runtime path of "/home/gun/FUN4/install/fun4_interfaces/local/lib/python3.10/dist-packages/fun4_interfaces/fun4_interfaces_s__rosidl_typesupport_introspection_c.cpython-310-x86_64-linux-gnu.so" to ""
[4.106s] -- Installing: /home/gun/FUN4/install/fun4_interfaces/local/lib/python3.10/dist-packages/fun4_interfaces/fun4_interfaces_s__rosidl_typesupport_c.cpython-310-x86_64-linux-gnu.so
[4.106s] -- Set runtime path of "/home/gun/FUN4/install/fun4_interfaces/local/lib/python3.10/dist-packages/fun4_interfaces/fun4_interfaces_s__rosidl_typesupport_c.cpython-310-x86_64-linux-gnu.so" to ""
[4.106s] -- Installing: /home/gun/FUN4/install/fun4_interfaces/lib/libfun4_interfaces__rosidl_generator_py.so
[4.107s] -- Set runtime path of "/home/gun/FUN4/install/fun4_interfaces/lib/libfun4_interfaces__rosidl_generator_py.so" to ""
[4.107s] -- Up-to-date: /home/gun/FUN4/install/fun4_interfaces/share/fun4_interfaces/srv/ChangeMode.idl
[4.107s] -- Installing: /home/gun/FUN4/install/fun4_interfaces/share/fun4_interfaces/srv/RunAuto.idl
[4.107s] -- Up-to-date: /home/gun/FUN4/install/fun4_interfaces/share/fun4_interfaces/srv/ChangeMode.srv
[4.107s] -- Up-to-date: /home/gun/FUN4/install/fun4_interfaces/share/fun4_interfaces/srv/ChangeMode_Request.msg
[4.107s] -- Up-to-date: /home/gun/FUN4/install/fun4_interfaces/share/fun4_interfaces/srv/ChangeMode_Response.msg
[4.108s] -- Installing: /home/gun/FUN4/install/fun4_interfaces/share/fun4_interfaces/srv/RunAuto.srv
[4.108s] -- Installing: /home/gun/FUN4/install/fun4_interfaces/share/fun4_interfaces/srv/RunAuto_Request.msg
[4.108s] -- Installing: /home/gun/FUN4/install/fun4_interfaces/share/fun4_interfaces/srv/RunAuto_Response.msg
[4.108s] -- Up-to-date: /home/gun/FUN4/install/fun4_interfaces/share/ament_index/resource_index/package_run_dependencies/fun4_interfaces
[4.108s] -- Up-to-date: /home/gun/FUN4/install/fun4_interfaces/share/ament_index/resource_index/parent_prefix_path/fun4_interfaces
[4.108s] -- Up-to-date: /home/gun/FUN4/install/fun4_interfaces/share/fun4_interfaces/environment/ament_prefix_path.sh
[4.108s] -- Installing: /home/gun/FUN4/install/fun4_interfaces/share/fun4_interfaces/environment/ament_prefix_path.dsv
[4.108s] -- Up-to-date: /home/gun/FUN4/install/fun4_interfaces/share/fun4_interfaces/environment/path.sh
[4.108s] -- Installing: /home/gun/FUN4/install/fun4_interfaces/share/fun4_interfaces/environment/path.dsv
[4.109s] -- Up-to-date: /home/gun/FUN4/install/fun4_interfaces/share/fun4_interfaces/local_setup.bash
[4.109s] -- Up-to-date: /home/gun/FUN4/install/fun4_interfaces/share/fun4_interfaces/local_setup.sh
[4.109s] -- Up-to-date: /home/gun/FUN4/install/fun4_interfaces/share/fun4_interfaces/local_setup.zsh
[4.109s] -- Installing: /home/gun/FUN4/install/fun4_interfaces/share/fun4_interfaces/local_setup.dsv
[4.109s] -- Installing: /home/gun/FUN4/install/fun4_interfaces/share/fun4_interfaces/package.dsv
[4.109s] -- Up-to-date: /home/gun/FUN4/install/fun4_interfaces/share/ament_index/resource_index/packages/fun4_interfaces
[4.109s] -- Up-to-date: /home/gun/FUN4/install/fun4_interfaces/share/fun4_interfaces/cmake/export_fun4_interfaces__rosidl_generator_cExport.cmake
[4.109s] -- Up-to-date: /home/gun/FUN4/install/fun4_interfaces/share/fun4_interfaces/cmake/export_fun4_interfaces__rosidl_generator_cExport-noconfig.cmake
[4.109s] -- Up-to-date: /home/gun/FUN4/install/fun4_interfaces/share/fun4_interfaces/cmake/export_fun4_interfaces__rosidl_typesupport_fastrtps_cExport.cmake
[4.109s] -- Up-to-date: /home/gun/FUN4/install/fun4_interfaces/share/fun4_interfaces/cmake/export_fun4_interfaces__rosidl_typesupport_fastrtps_cExport-noconfig.cmake
[4.110s] -- Up-to-date: /home/gun/FUN4/install/fun4_interfaces/share/fun4_interfaces/cmake/export_fun4_interfaces__rosidl_generator_cppExport.cmake
[4.110s] -- Up-to-date: /home/gun/FUN4/install/fun4_interfaces/share/fun4_interfaces/cmake/export_fun4_interfaces__rosidl_typesupport_fastrtps_cppExport.cmake
[4.110s] -- Up-to-date: /home/gun/FUN4/install/fun4_interfaces/share/fun4_interfaces/cmake/export_fun4_interfaces__rosidl_typesupport_fastrtps_cppExport-noconfig.cmake
[4.110s] -- Up-to-date: /home/gun/FUN4/install/fun4_interfaces/share/fun4_interfaces/cmake/fun4_interfaces__rosidl_typesupport_introspection_cExport.cmake
[4.110s] -- Up-to-date: /home/gun/FUN4/install/fun4_interfaces/share/fun4_interfaces/cmake/fun4_interfaces__rosidl_typesupport_introspection_cExport-noconfig.cmake
[4.110s] -- Up-to-date: /home/gun/FUN4/install/fun4_interfaces/share/fun4_interfaces/cmake/fun4_interfaces__rosidl_typesupport_cExport.cmake
[4.110s] -- Up-to-date: /home/gun/FUN4/install/fun4_interfaces/share/fun4_interfaces/cmake/fun4_interfaces__rosidl_typesupport_cExport-noconfig.cmake
[4.110s] -- Up-to-date: /home/gun/FUN4/install/fun4_interfaces/share/fun4_interfaces/cmake/fun4_interfaces__rosidl_typesupport_introspection_cppExport.cmake
[4.111s] -- Up-to-date: /home/gun/FUN4/install/fun4_interfaces/share/fun4_interfaces/cmake/fun4_interfaces__rosidl_typesupport_introspection_cppExport-noconfig.cmake
[4.111s] -- Up-to-date: /home/gun/FUN4/install/fun4_interfaces/share/fun4_interfaces/cmake/fun4_interfaces__rosidl_typesupport_cppExport.cmake
[4.111s] -- Up-to-date: /home/gun/FUN4/install/fun4_interfaces/share/fun4_interfaces/cmake/fun4_interfaces__rosidl_typesupport_cppExport-noconfig.cmake
[4.111s] -- Up-to-date: /home/gun/FUN4/install/fun4_interfaces/share/fun4_interfaces/cmake/export_fun4_interfaces__rosidl_generator_pyExport.cmake
[4.111s] -- Up-to-date: /home/gun/FUN4/install/fun4_interfaces/share/fun4_interfaces/cmake/export_fun4_interfaces__rosidl_generator_pyExport-noconfig.cmake
[4.111s] -- Up-to-date: /home/gun/FUN4/install/fun4_interfaces/share/fun4_interfaces/cmake/rosidl_cmake-extras.cmake
[4.111s] -- Up-to-date: /home/gun/FUN4/install/fun4_interfaces/share/fun4_interfaces/cmake/ament_cmake_export_dependencies-extras.cmake
[4.111s] -- Up-to-date: /home/gun/FUN4/install/fun4_interfaces/share/fun4_interfaces/cmake/ament_cmake_export_include_directories-extras.cmake
[4.111s] -- Up-to-date: /home/gun/FUN4/install/fun4_interfaces/share/fun4_interfaces/cmake/ament_cmake_export_libraries-extras.cmake
[4.111s] -- Up-to-date: /home/gun/FUN4/install/fun4_interfaces/share/fun4_interfaces/cmake/ament_cmake_export_targets-extras.cmake
[4.112s] -- Up-to-date: /home/gun/FUN4/install/fun4_interfaces/share/fun4_interfaces/cmake/rosidl_cmake_export_typesupport_targets-extras.cmake
[4.112s] -- Up-to-date: /home/gun/FUN4/install/fun4_interfaces/share/fun4_interfaces/cmake/rosidl_cmake_export_typesupport_libraries-extras.cmake
[4.112s] -- Up-to-date: /home/gun/FUN4/install/fun4_interfaces/share/fun4_interfaces/cmake/fun4_interfacesConfig.cmake
[4.112s] -- Up-to-date: /home/gun/FUN4/install/fun4_interfaces/share/fun4_interfaces/cmake/fun4_interfacesConfig-version.cmake
[4.112s] -- Up-to-date: /home/gun/FUN4/install/fun4_interfaces/share/fun4_interfaces/package.xml
[4.114s] Invoked command in '/home/gun/FUN4/build/fun4_interfaces' returned '0': CMAKE_PREFIX_PATH=${CMAKE_PREFIX_PATH}:/home/gun/ros2_ws/install/turtlesim_catch_them_all:/home/gun/ros2_ws/install/my_py_pkg:/home/gun/ros2_ws/install/actions_py:/opt/ros/humble /usr/bin/cmake --install /home/gun/FUN4/build/fun4_interfaces
