[0.155s] DEBUG:colcon:Command line arguments: ['/usr/bin/colcon', 'build']
[0.155s] DEBUG:colcon:Parsed command line arguments: Namespace(log_base=None, log_level=None, verb_name='build', build_base='build', install_base='install', merge_install=False, symlink_install=False, test_result_base=None, continue_on_error=False, executor='parallel', parallel_workers=8, event_handlers=None, ignore_user_meta=False, metas=['./colcon.meta'], base_paths=['.'], packages_ignore=None, packages_ignore_regex=None, paths=None, packages_up_to=None, packages_up_to_regex=None, packages_above=None, packages_above_and_dependencies=None, packages_above_depth=None, packages_select_by_dep=None, packages_skip_by_dep=None, packages_skip_up_to=None, packages_select_build_failed=False, packages_skip_build_finished=False, packages_select_test_failures=False, packages_skip_test_passed=False, packages_select=None, packages_skip=None, packages_select_regex=None, packages_skip_regex=None, packages_start=None, packages_end=None, allow_overriding=[], cmake_args=None, cmake_target=None, cmake_target_skip_unavailable=False, cmake_clean_cache=False, cmake_clean_first=False, cmake_force_configure=False, ament_cmake_args=None, catkin_cmake_args=None, catkin_skip_building_tests=False, mixin_files=None, mixin=None, verb_parser=<colcon_mixin.mixin.mixin_argument.MixinArgumentDecorator object at 0x77654b165de0>, verb_extension=<colcon_core.verb.build.BuildVerb object at 0x77654b165180>, main=<bound method BuildVerb.main of <colcon_core.verb.build.BuildVerb object at 0x77654b165180>>, mixin_verb=('build',))
[0.225s] Level 1:colcon.colcon_core.package_discovery:discover_packages(colcon_meta) check parameters
[0.225s] Level 1:colcon.colcon_core.package_discovery:discover_packages(recursive) check parameters
[0.226s] Level 1:colcon.colcon_core.package_discovery:discover_packages(ignore) check parameters
[0.226s] Level 1:colcon.colcon_core.package_discovery:discover_packages(path) check parameters
[0.226s] Level 1:colcon.colcon_core.package_discovery:discover_packages(colcon_meta) discover
[0.226s] Level 1:colcon.colcon_core.package_discovery:discover_packages(recursive) discover
[0.226s] INFO:colcon.colcon_core.package_discovery:Crawling recursively for packages in '/home/gun/FUN4'
[0.226s] Level 1:colcon.colcon_core.package_identification:_identify(.) by extensions ['ignore', 'ignore_ament_install']
[0.226s] Level 1:colcon.colcon_core.package_identification:_identify(.) by extension 'ignore'
[0.226s] Level 1:colcon.colcon_core.package_identification:_identify(.) by extension 'ignore_ament_install'
[0.226s] Level 1:colcon.colcon_core.package_identification:_identify(.) by extensions ['colcon_pkg']
[0.226s] Level 1:colcon.colcon_core.package_identification:_identify(.) by extension 'colcon_pkg'
[0.226s] Level 1:colcon.colcon_core.package_identification:_identify(.) by extensions ['colcon_meta']
[0.227s] Level 1:colcon.colcon_core.package_identification:_identify(.) by extension 'colcon_meta'
[0.227s] Level 1:colcon.colcon_core.package_identification:_identify(.) by extensions ['ros']
[0.227s] Level 1:colcon.colcon_core.package_identification:_identify(.) by extension 'ros'
[0.256s] Level 1:colcon.colcon_core.package_identification:_identify(.) by extensions ['cmake', 'python']
[0.256s] Level 1:colcon.colcon_core.package_identification:_identify(.) by extension 'cmake'
[0.256s] Level 1:colcon.colcon_core.package_identification:_identify(.) by extension 'python'
[0.256s] Level 1:colcon.colcon_core.package_identification:_identify(.) by extensions ['python_setup_py']
[0.256s] Level 1:colcon.colcon_core.package_identification:_identify(.) by extension 'python_setup_py'
[0.256s] Level 1:colcon.colcon_core.package_identification:_identify(build) by extensions ['ignore', 'ignore_ament_install']
[0.256s] Level 1:colcon.colcon_core.package_identification:_identify(build) by extension 'ignore'
[0.256s] Level 1:colcon.colcon_core.package_identification:_identify(build) ignored
[0.257s] Level 1:colcon.colcon_core.package_identification:_identify(install) by extensions ['ignore', 'ignore_ament_install']
[0.257s] Level 1:colcon.colcon_core.package_identification:_identify(install) by extension 'ignore'
[0.257s] Level 1:colcon.colcon_core.package_identification:_identify(install) ignored
[0.257s] Level 1:colcon.colcon_core.package_identification:_identify(log) by extensions ['ignore', 'ignore_ament_install']
[0.257s] Level 1:colcon.colcon_core.package_identification:_identify(log) by extension 'ignore'
[0.257s] Level 1:colcon.colcon_core.package_identification:_identify(log) ignored
[0.257s] Level 1:colcon.colcon_core.package_identification:_identify(src) by extensions ['ignore', 'ignore_ament_install']
[0.258s] Level 1:colcon.colcon_core.package_identification:_identify(src) by extension 'ignore'
[0.258s] Level 1:colcon.colcon_core.package_identification:_identify(src) by extension 'ignore_ament_install'
[0.258s] Level 1:colcon.colcon_core.package_identification:_identify(src) by extensions ['colcon_pkg']
[0.258s] Level 1:colcon.colcon_core.package_identification:_identify(src) by extension 'colcon_pkg'
[0.258s] Level 1:colcon.colcon_core.package_identification:_identify(src) by extensions ['colcon_meta']
[0.258s] Level 1:colcon.colcon_core.package_identification:_identify(src) by extension 'colcon_meta'
[0.258s] Level 1:colcon.colcon_core.package_identification:_identify(src) by extensions ['ros']
[0.258s] Level 1:colcon.colcon_core.package_identification:_identify(src) by extension 'ros'
[0.258s] Level 1:colcon.colcon_core.package_identification:_identify(src) by extensions ['cmake', 'python']
[0.258s] Level 1:colcon.colcon_core.package_identification:_identify(src) by extension 'cmake'
[0.258s] Level 1:colcon.colcon_core.package_identification:_identify(src) by extension 'python'
[0.258s] Level 1:colcon.colcon_core.package_identification:_identify(src) by extensions ['python_setup_py']
[0.258s] Level 1:colcon.colcon_core.package_identification:_identify(src) by extension 'python_setup_py'
[0.259s] Level 1:colcon.colcon_core.package_identification:_identify(src/fun4_description) by extensions ['ignore', 'ignore_ament_install']
[0.259s] Level 1:colcon.colcon_core.package_identification:_identify(src/fun4_description) by extension 'ignore'
[0.259s] Level 1:colcon.colcon_core.package_identification:_identify(src/fun4_description) by extension 'ignore_ament_install'
[0.259s] Level 1:colcon.colcon_core.package_identification:_identify(src/fun4_description) by extensions ['colcon_pkg']
[0.259s] Level 1:colcon.colcon_core.package_identification:_identify(src/fun4_description) by extension 'colcon_pkg'
[0.259s] Level 1:colcon.colcon_core.package_identification:_identify(src/fun4_description) by extensions ['colcon_meta']
[0.259s] Level 1:colcon.colcon_core.package_identification:_identify(src/fun4_description) by extension 'colcon_meta'
[0.259s] Level 1:colcon.colcon_core.package_identification:_identify(src/fun4_description) by extensions ['ros']
[0.259s] Level 1:colcon.colcon_core.package_identification:_identify(src/fun4_description) by extension 'ros'
[0.264s] DEBUG:colcon.colcon_core.package_identification:Package 'src/fun4_description' with type 'ros.ament_cmake' and name 'fun4_description'
[0.264s] Level 1:colcon.colcon_core.package_identification:_identify(src/fun4_interfaces) by extensions ['ignore', 'ignore_ament_install']
[0.264s] Level 1:colcon.colcon_core.package_identification:_identify(src/fun4_interfaces) by extension 'ignore'
[0.264s] Level 1:colcon.colcon_core.package_identification:_identify(src/fun4_interfaces) by extension 'ignore_ament_install'
[0.265s] Level 1:colcon.colcon_core.package_identification:_identify(src/fun4_interfaces) by extensions ['colcon_pkg']
[0.265s] Level 1:colcon.colcon_core.package_identification:_identify(src/fun4_interfaces) by extension 'colcon_pkg'
[0.265s] Level 1:colcon.colcon_core.package_identification:_identify(src/fun4_interfaces) by extensions ['colcon_meta']
[0.265s] Level 1:colcon.colcon_core.package_identification:_identify(src/fun4_interfaces) by extension 'colcon_meta'
[0.265s] Level 1:colcon.colcon_core.package_identification:_identify(src/fun4_interfaces) by extensions ['ros']
[0.265s] Level 1:colcon.colcon_core.package_identification:_identify(src/fun4_interfaces) by extension 'ros'
[0.266s] DEBUG:colcon.colcon_core.package_identification:Package 'src/fun4_interfaces' with type 'ros.ament_cmake' and name 'fun4_interfaces'
[0.266s] Level 1:colcon.colcon_core.package_discovery:discover_packages(recursive) using defaults
[0.266s] Level 1:colcon.colcon_core.package_discovery:discover_packages(ignore) discover
[0.266s] Level 1:colcon.colcon_core.package_discovery:discover_packages(ignore) using defaults
[0.266s] Level 1:colcon.colcon_core.package_discovery:discover_packages(path) discover
[0.266s] Level 1:colcon.colcon_core.package_discovery:discover_packages(path) using defaults
[0.305s] Level 1:colcon.colcon_core.package_discovery:discover_packages(prefix_path) check parameters
[0.305s] Level 1:colcon.colcon_core.package_discovery:discover_packages(prefix_path) discover
[0.309s] DEBUG:colcon.colcon_installed_package_information.package_discovery:Found 15 installed packages in /home/gun/ros2_ws/install
[0.309s] DEBUG:colcon.colcon_installed_package_information.package_discovery:Found 1 installed packages in /home/gun/MyRos2_ws/install
[0.310s] DEBUG:colcon.colcon_installed_package_information.package_discovery:Found 3 installed packages in /home/gun/turtlebot3_ws/install
[0.310s] DEBUG:colcon.colcon_installed_package_information.package_discovery:Found 2 installed packages in /home/gun/RoboticsDev2024/install
[0.311s] DEBUG:colcon.colcon_installed_package_information.package_discovery:Found 4 installed packages in /home/gun/exam1/install
[0.312s] DEBUG:colcon.colcon_installed_package_information.package_discovery:Found 2 installed packages in /home/gun/FUN4/install
[0.315s] DEBUG:colcon.colcon_installed_package_information.package_discovery:Found 411 installed packages in /opt/ros/humble
[0.319s] Level 1:colcon.colcon_core.package_discovery:discover_packages(prefix_path) using defaults
[0.382s] Level 5:colcon.colcon_core.verb:set package 'fun4_description' build argument 'cmake_args' from command line to 'None'
[0.382s] Level 5:colcon.colcon_core.verb:set package 'fun4_description' build argument 'cmake_target' from command line to 'None'
[0.382s] Level 5:colcon.colcon_core.verb:set package 'fun4_description' build argument 'cmake_target_skip_unavailable' from command line to 'False'
[0.382s] Level 5:colcon.colcon_core.verb:set package 'fun4_description' build argument 'cmake_clean_cache' from command line to 'False'
[0.382s] Level 5:colcon.colcon_core.verb:set package 'fun4_description' build argument 'cmake_clean_first' from command line to 'False'
[0.382s] Level 5:colcon.colcon_core.verb:set package 'fun4_description' build argument 'cmake_force_configure' from command line to 'False'
[0.382s] Level 5:colcon.colcon_core.verb:set package 'fun4_description' build argument 'ament_cmake_args' from command line to 'None'
[0.382s] Level 5:colcon.colcon_core.verb:set package 'fun4_description' build argument 'catkin_cmake_args' from command line to 'None'
[0.382s] Level 5:colcon.colcon_core.verb:set package 'fun4_description' build argument 'catkin_skip_building_tests' from command line to 'False'
[0.382s] DEBUG:colcon.colcon_core.verb:Building package 'fun4_description' with the following arguments: {'ament_cmake_args': None, 'build_base': '/home/gun/FUN4/build/fun4_description', 'catkin_cmake_args': None, 'catkin_skip_building_tests': False, 'cmake_args': None, 'cmake_clean_cache': False, 'cmake_clean_first': False, 'cmake_force_configure': False, 'cmake_target': None, 'cmake_target_skip_unavailable': False, 'install_base': '/home/gun/FUN4/install/fun4_description', 'merge_install': False, 'path': '/home/gun/FUN4/src/fun4_description', 'symlink_install': False, 'test_result_base': None}
[0.382s] Level 5:colcon.colcon_core.verb:set package 'fun4_interfaces' build argument 'cmake_args' from command line to 'None'
[0.382s] Level 5:colcon.colcon_core.verb:set package 'fun4_interfaces' build argument 'cmake_target' from command line to 'None'
[0.382s] Level 5:colcon.colcon_core.verb:set package 'fun4_interfaces' build argument 'cmake_target_skip_unavailable' from command line to 'False'
[0.382s] Level 5:colcon.colcon_core.verb:set package 'fun4_interfaces' build argument 'cmake_clean_cache' from command line to 'False'
[0.382s] Level 5:colcon.colcon_core.verb:set package 'fun4_interfaces' build argument 'cmake_clean_first' from command line to 'False'
[0.382s] Level 5:colcon.colcon_core.verb:set package 'fun4_interfaces' build argument 'cmake_force_configure' from command line to 'False'
[0.382s] Level 5:colcon.colcon_core.verb:set package 'fun4_interfaces' build argument 'ament_cmake_args' from command line to 'None'
[0.382s] Level 5:colcon.colcon_core.verb:set package 'fun4_interfaces' build argument 'catkin_cmake_args' from command line to 'None'
[0.383s] Level 5:colcon.colcon_core.verb:set package 'fun4_interfaces' build argument 'catkin_skip_building_tests' from command line to 'False'
[0.383s] DEBUG:colcon.colcon_core.verb:Building package 'fun4_interfaces' with the following arguments: {'ament_cmake_args': None, 'build_base': '/home/gun/FUN4/build/fun4_interfaces', 'catkin_cmake_args': None, 'catkin_skip_building_tests': False, 'cmake_args': None, 'cmake_clean_cache': False, 'cmake_clean_first': False, 'cmake_force_configure': False, 'cmake_target': None, 'cmake_target_skip_unavailable': False, 'install_base': '/home/gun/FUN4/install/fun4_interfaces', 'merge_install': False, 'path': '/home/gun/FUN4/src/fun4_interfaces', 'symlink_install': False, 'test_result_base': None}
[0.383s] INFO:colcon.colcon_core.executor:Executing jobs using 'parallel' executor
[0.384s] DEBUG:colcon.colcon_parallel_executor.executor.parallel:run_until_complete
[0.384s] INFO:colcon.colcon_ros.task.ament_cmake.build:Building ROS package in '/home/gun/FUN4/src/fun4_description' with build type 'ament_cmake'
[0.384s] INFO:colcon.colcon_cmake.task.cmake.build:Building CMake package in '/home/gun/FUN4/src/fun4_description'
[0.387s] INFO:colcon.colcon_core.plugin_system:Skipping extension 'colcon_core.shell.bat': Not used on non-Windows systems
[0.388s] INFO:colcon.colcon_core.shell:Skip shell extension 'powershell' for command environment: Not usable outside of PowerShell
[0.388s] DEBUG:colcon.colcon_core.shell:Skip shell extension 'dsv' for command environment
[0.395s] INFO:colcon.colcon_ros.task.ament_cmake.build:Building ROS package in '/home/gun/FUN4/src/fun4_interfaces' with build type 'ament_cmake'
[0.395s] INFO:colcon.colcon_cmake.task.cmake.build:Building CMake package in '/home/gun/FUN4/src/fun4_interfaces'
[0.395s] INFO:colcon.colcon_core.shell:Skip shell extension 'powershell' for command environment: Not usable outside of PowerShell
[0.395s] DEBUG:colcon.colcon_core.shell:Skip shell extension 'dsv' for command environment
[0.407s] DEBUG:colcon.colcon_core.event_handler.log_command:Invoking command in '/home/gun/FUN4/build/fun4_description': CMAKE_PREFIX_PATH=${CMAKE_PREFIX_PATH}:/home/gun/ros2_ws/install/turtlesim_catch_them_all:/home/gun/ros2_ws/install/my_py_pkg:/home/gun/ros2_ws/install/actions_py:/opt/ros/humble /usr/bin/cmake --build /home/gun/FUN4/build/fun4_description -- -j8 -l8
[0.414s] DEBUG:colcon.colcon_core.event_handler.log_command:Invoking command in '/home/gun/FUN4/build/fun4_interfaces': CMAKE_PREFIX_PATH=${CMAKE_PREFIX_PATH}:/home/gun/ros2_ws/install/turtlesim_catch_them_all:/home/gun/ros2_ws/install/my_py_pkg:/home/gun/ros2_ws/install/actions_py:/opt/ros/humble /usr/bin/cmake --build /home/gun/FUN4/build/fun4_interfaces -- -j8 -l8
[0.961s] DEBUG:colcon.colcon_core.event_handler.log_command:Invoked command in '/home/gun/FUN4/build/fun4_description' returned '0': CMAKE_PREFIX_PATH=${CMAKE_PREFIX_PATH}:/home/gun/ros2_ws/install/turtlesim_catch_them_all:/home/gun/ros2_ws/install/my_py_pkg:/home/gun/ros2_ws/install/actions_py:/opt/ros/humble /usr/bin/cmake --build /home/gun/FUN4/build/fun4_description -- -j8 -l8
[0.975s] DEBUG:colcon.colcon_core.event_handler.log_command:Invoked command in '/home/gun/FUN4/build/fun4_interfaces' returned '0': CMAKE_PREFIX_PATH=${CMAKE_PREFIX_PATH}:/home/gun/ros2_ws/install/turtlesim_catch_them_all:/home/gun/ros2_ws/install/my_py_pkg:/home/gun/ros2_ws/install/actions_py:/opt/ros/humble /usr/bin/cmake --build /home/gun/FUN4/build/fun4_interfaces -- -j8 -l8
[1.000s] DEBUG:colcon.colcon_core.event_handler.log_command:Invoking command in '/home/gun/FUN4/build/fun4_description': CMAKE_PREFIX_PATH=${CMAKE_PREFIX_PATH}:/home/gun/ros2_ws/install/turtlesim_catch_them_all:/home/gun/ros2_ws/install/my_py_pkg:/home/gun/ros2_ws/install/actions_py:/opt/ros/humble /usr/bin/cmake --install /home/gun/FUN4/build/fun4_description
[1.043s] DEBUG:colcon.colcon_core.event_handler.log_command:Invoking command in '/home/gun/FUN4/build/fun4_interfaces': CMAKE_PREFIX_PATH=${CMAKE_PREFIX_PATH}:/home/gun/ros2_ws/install/turtlesim_catch_them_all:/home/gun/ros2_ws/install/my_py_pkg:/home/gun/ros2_ws/install/actions_py:/opt/ros/humble /usr/bin/cmake --install /home/gun/FUN4/build/fun4_interfaces
[1.072s] Level 1:colcon.colcon_core.environment:create_environment_scripts_only(fun4_description)
[1.073s] DEBUG:colcon.colcon_core.event_handler.log_command:Invoked command in '/home/gun/FUN4/build/fun4_description' returned '0': CMAKE_PREFIX_PATH=${CMAKE_PREFIX_PATH}:/home/gun/ros2_ws/install/turtlesim_catch_them_all:/home/gun/ros2_ws/install/my_py_pkg:/home/gun/ros2_ws/install/actions_py:/opt/ros/humble /usr/bin/cmake --install /home/gun/FUN4/build/fun4_description
[1.076s] Level 1:colcon.colcon_core.environment:checking '/home/gun/FUN4/install/fun4_description' for CMake module files
[1.076s] Level 1:colcon.colcon_core.environment:checking '/home/gun/FUN4/install/fun4_description' for CMake config files
[1.077s] Level 1:colcon.colcon_core.shell:create_environment_hook('fun4_description', 'cmake_prefix_path')
[1.077s] INFO:colcon.colcon_core.shell:Creating environment hook '/home/gun/FUN4/install/fun4_description/share/fun4_description/hook/cmake_prefix_path.ps1'
[1.078s] INFO:colcon.colcon_core.shell:Creating environment descriptor '/home/gun/FUN4/install/fun4_description/share/fun4_description/hook/cmake_prefix_path.dsv'
[1.078s] INFO:colcon.colcon_core.shell:Creating environment hook '/home/gun/FUN4/install/fun4_description/share/fun4_description/hook/cmake_prefix_path.sh'
[1.079s] Level 1:colcon.colcon_core.environment:checking '/home/gun/FUN4/install/fun4_description/lib'
[1.079s] Level 1:colcon.colcon_core.environment:checking '/home/gun/FUN4/install/fun4_description/bin'
[1.079s] Level 1:colcon.colcon_core.environment:checking '/home/gun/FUN4/install/fun4_description/lib/pkgconfig/fun4_description.pc'
[1.079s] Level 1:colcon.colcon_core.environment:checking '/home/gun/FUN4/install/fun4_description/lib/python3.10/site-packages'
[1.080s] Level 1:colcon.colcon_core.environment:checking '/home/gun/FUN4/install/fun4_description/bin'
[1.080s] INFO:colcon.colcon_core.shell:Creating package script '/home/gun/FUN4/install/fun4_description/share/fun4_description/package.ps1'
[1.081s] INFO:colcon.colcon_core.shell:Creating package descriptor '/home/gun/FUN4/install/fun4_description/share/fun4_description/package.dsv'
[1.095s] INFO:colcon.colcon_core.shell:Creating package script '/home/gun/FUN4/install/fun4_description/share/fun4_description/package.sh'
[1.097s] INFO:colcon.colcon_core.shell:Creating package script '/home/gun/FUN4/install/fun4_description/share/fun4_description/package.bash'
[1.098s] INFO:colcon.colcon_core.shell:Creating package script '/home/gun/FUN4/install/fun4_description/share/fun4_description/package.zsh'
[1.099s] Level 1:colcon.colcon_core.environment:create_file_with_runtime_dependencies(/home/gun/FUN4/install/fun4_description/share/colcon-core/packages/fun4_description)
[1.122s] Level 1:colcon.colcon_core.environment:create_environment_scripts_only(fun4_interfaces)
[1.123s] DEBUG:colcon.colcon_core.event_handler.log_command:Invoked command in '/home/gun/FUN4/build/fun4_interfaces' returned '0': CMAKE_PREFIX_PATH=${CMAKE_PREFIX_PATH}:/home/gun/ros2_ws/install/turtlesim_catch_them_all:/home/gun/ros2_ws/install/my_py_pkg:/home/gun/ros2_ws/install/actions_py:/opt/ros/humble /usr/bin/cmake --install /home/gun/FUN4/build/fun4_interfaces
[1.123s] Level 1:colcon.colcon_core.environment:checking '/home/gun/FUN4/install/fun4_interfaces' for CMake module files
[1.124s] Level 1:colcon.colcon_core.environment:checking '/home/gun/FUN4/install/fun4_interfaces' for CMake config files
[1.124s] Level 1:colcon.colcon_core.shell:create_environment_hook('fun4_interfaces', 'cmake_prefix_path')
[1.125s] INFO:colcon.colcon_core.shell:Creating environment hook '/home/gun/FUN4/install/fun4_interfaces/share/fun4_interfaces/hook/cmake_prefix_path.ps1'
[1.125s] INFO:colcon.colcon_core.shell:Creating environment descriptor '/home/gun/FUN4/install/fun4_interfaces/share/fun4_interfaces/hook/cmake_prefix_path.dsv'
[1.126s] INFO:colcon.colcon_core.shell:Creating environment hook '/home/gun/FUN4/install/fun4_interfaces/share/fun4_interfaces/hook/cmake_prefix_path.sh'
[1.126s] Level 1:colcon.colcon_core.environment:checking '/home/gun/FUN4/install/fun4_interfaces/lib'
[1.126s] Level 1:colcon.colcon_core.shell:create_environment_hook('fun4_interfaces', 'ld_library_path_lib')
[1.126s] INFO:colcon.colcon_core.shell:Creating environment hook '/home/gun/FUN4/install/fun4_interfaces/share/fun4_interfaces/hook/ld_library_path_lib.ps1'
[1.127s] INFO:colcon.colcon_core.shell:Creating environment descriptor '/home/gun/FUN4/install/fun4_interfaces/share/fun4_interfaces/hook/ld_library_path_lib.dsv'
[1.127s] INFO:colcon.colcon_core.shell:Creating environment hook '/home/gun/FUN4/install/fun4_interfaces/share/fun4_interfaces/hook/ld_library_path_lib.sh'
[1.128s] Level 1:colcon.colcon_core.environment:checking '/home/gun/FUN4/install/fun4_interfaces/bin'
[1.128s] Level 1:colcon.colcon_core.environment:checking '/home/gun/FUN4/install/fun4_interfaces/lib/pkgconfig/fun4_interfaces.pc'
[1.128s] Level 1:colcon.colcon_core.environment:checking '/home/gun/FUN4/install/fun4_interfaces/lib/python3.10/site-packages'
[1.128s] Level 1:colcon.colcon_core.environment:checking '/home/gun/FUN4/install/fun4_interfaces/bin'
[1.129s] INFO:colcon.colcon_core.shell:Creating package script '/home/gun/FUN4/install/fun4_interfaces/share/fun4_interfaces/package.ps1'
[1.129s] INFO:colcon.colcon_core.shell:Creating package descriptor '/home/gun/FUN4/install/fun4_interfaces/share/fun4_interfaces/package.dsv'
[1.130s] INFO:colcon.colcon_core.shell:Creating package script '/home/gun/FUN4/install/fun4_interfaces/share/fun4_interfaces/package.sh'
[1.130s] INFO:colcon.colcon_core.shell:Creating package script '/home/gun/FUN4/install/fun4_interfaces/share/fun4_interfaces/package.bash'
[1.130s] INFO:colcon.colcon_core.shell:Creating package script '/home/gun/FUN4/install/fun4_interfaces/share/fun4_interfaces/package.zsh'
[1.131s] Level 1:colcon.colcon_core.environment:create_file_with_runtime_dependencies(/home/gun/FUN4/install/fun4_interfaces/share/colcon-core/packages/fun4_interfaces)
[1.134s] Level 1:colcon.colcon_core.environment:create_environment_scripts_only(fun4_description)
[1.134s] Level 1:colcon.colcon_core.environment:checking '/home/gun/FUN4/install/fun4_description' for CMake module files
[1.135s] Level 1:colcon.colcon_core.environment:checking '/home/gun/FUN4/install/fun4_description' for CMake config files
[1.135s] Level 1:colcon.colcon_core.shell:create_environment_hook('fun4_description', 'cmake_prefix_path')
[1.135s] INFO:colcon.colcon_core.shell:Creating environment hook '/home/gun/FUN4/install/fun4_description/share/fun4_description/hook/cmake_prefix_path.ps1'
[1.136s] INFO:colcon.colcon_core.shell:Creating environment descriptor '/home/gun/FUN4/install/fun4_description/share/fun4_description/hook/cmake_prefix_path.dsv'
[1.136s] INFO:colcon.colcon_core.shell:Creating environment hook '/home/gun/FUN4/install/fun4_description/share/fun4_description/hook/cmake_prefix_path.sh'
[1.137s] Level 1:colcon.colcon_core.environment:checking '/home/gun/FUN4/install/fun4_description/lib'
[1.137s] Level 1:colcon.colcon_core.environment:checking '/home/gun/FUN4/install/fun4_description/bin'
[1.137s] Level 1:colcon.colcon_core.environment:checking '/home/gun/FUN4/install/fun4_description/lib/pkgconfig/fun4_description.pc'
[1.137s] Level 1:colcon.colcon_core.environment:checking '/home/gun/FUN4/install/fun4_description/lib/python3.10/site-packages'
[1.138s] Level 1:colcon.colcon_core.environment:checking '/home/gun/FUN4/install/fun4_description/bin'
[1.139s] INFO:colcon.colcon_core.shell:Creating package script '/home/gun/FUN4/install/fun4_description/share/fun4_description/package.ps1'
[1.140s] INFO:colcon.colcon_core.shell:Creating package descriptor '/home/gun/FUN4/install/fun4_description/share/fun4_description/package.dsv'
[1.140s] INFO:colcon.colcon_core.shell:Creating package script '/home/gun/FUN4/install/fun4_description/share/fun4_description/package.sh'
[1.141s] INFO:colcon.colcon_core.shell:Creating package script '/home/gun/FUN4/install/fun4_description/share/fun4_description/package.bash'
[1.141s] INFO:colcon.colcon_core.shell:Creating package script '/home/gun/FUN4/install/fun4_description/share/fun4_description/package.zsh'
[1.141s] Level 1:colcon.colcon_core.environment:create_file_with_runtime_dependencies(/home/gun/FUN4/install/fun4_description/share/colcon-core/packages/fun4_description)
[1.199s] Level 1:colcon.colcon_core.environment:create_environment_scripts_only(fun4_interfaces)
[1.200s] Level 1:colcon.colcon_core.environment:checking '/home/gun/FUN4/install/fun4_interfaces' for CMake module files
[1.201s] Level 1:colcon.colcon_core.environment:checking '/home/gun/FUN4/install/fun4_interfaces' for CMake config files
[1.202s] Level 1:colcon.colcon_core.shell:create_environment_hook('fun4_interfaces', 'cmake_prefix_path')
[1.202s] INFO:colcon.colcon_core.shell:Creating environment hook '/home/gun/FUN4/install/fun4_interfaces/share/fun4_interfaces/hook/cmake_prefix_path.ps1'
[1.203s] INFO:colcon.colcon_core.shell:Creating environment descriptor '/home/gun/FUN4/install/fun4_interfaces/share/fun4_interfaces/hook/cmake_prefix_path.dsv'
[1.203s] INFO:colcon.colcon_core.shell:Creating environment hook '/home/gun/FUN4/install/fun4_interfaces/share/fun4_interfaces/hook/cmake_prefix_path.sh'
[1.204s] Level 1:colcon.colcon_core.environment:checking '/home/gun/FUN4/install/fun4_interfaces/lib'
[1.204s] Level 1:colcon.colcon_core.shell:create_environment_hook('fun4_interfaces', 'ld_library_path_lib')
[1.205s] INFO:colcon.colcon_core.shell:Creating environment hook '/home/gun/FUN4/install/fun4_interfaces/share/fun4_interfaces/hook/ld_library_path_lib.ps1'
[1.205s] INFO:colcon.colcon_core.shell:Creating environment descriptor '/home/gun/FUN4/install/fun4_interfaces/share/fun4_interfaces/hook/ld_library_path_lib.dsv'
[1.206s] INFO:colcon.colcon_core.shell:Creating environment hook '/home/gun/FUN4/install/fun4_interfaces/share/fun4_interfaces/hook/ld_library_path_lib.sh'
[1.206s] Level 1:colcon.colcon_core.environment:checking '/home/gun/FUN4/install/fun4_interfaces/bin'
[1.207s] Level 1:colcon.colcon_core.environment:checking '/home/gun/FUN4/install/fun4_interfaces/lib/pkgconfig/fun4_interfaces.pc'
[1.207s] Level 1:colcon.colcon_core.environment:checking '/home/gun/FUN4/install/fun4_interfaces/lib/python3.10/site-packages'
[1.207s] Level 1:colcon.colcon_core.environment:checking '/home/gun/FUN4/install/fun4_interfaces/bin'
[1.208s] INFO:colcon.colcon_core.shell:Creating package script '/home/gun/FUN4/install/fun4_interfaces/share/fun4_interfaces/package.ps1'
[1.209s] INFO:colcon.colcon_core.shell:Creating package descriptor '/home/gun/FUN4/install/fun4_interfaces/share/fun4_interfaces/package.dsv'
[1.210s] INFO:colcon.colcon_core.shell:Creating package script '/home/gun/FUN4/install/fun4_interfaces/share/fun4_interfaces/package.sh'
[1.211s] INFO:colcon.colcon_core.shell:Creating package script '/home/gun/FUN4/install/fun4_interfaces/share/fun4_interfaces/package.bash'
[1.212s] INFO:colcon.colcon_core.shell:Creating package script '/home/gun/FUN4/install/fun4_interfaces/share/fun4_interfaces/package.zsh'
[1.212s] Level 1:colcon.colcon_core.environment:create_file_with_runtime_dependencies(/home/gun/FUN4/install/fun4_interfaces/share/colcon-core/packages/fun4_interfaces)
[1.213s] DEBUG:colcon.colcon_parallel_executor.executor.parallel:closing loop
[1.213s] DEBUG:colcon.colcon_parallel_executor.executor.parallel:loop closed
[1.213s] DEBUG:colcon.colcon_parallel_executor.executor.parallel:run_until_complete finished with '0'
[1.213s] DEBUG:colcon.colcon_core.event_reactor:joining thread
[1.219s] INFO:colcon.colcon_core.plugin_system:Skipping extension 'colcon_notification.desktop_notification.terminal_notifier': Not used on non-Darwin systems
[1.219s] INFO:colcon.colcon_core.plugin_system:Skipping extension 'colcon_notification.desktop_notification.win32': Not used on non-Windows systems
[1.219s] INFO:colcon.colcon_notification.desktop_notification:Sending desktop notification using 'notify2'
[1.233s] DEBUG:colcon.colcon_core.event_reactor:joined thread
[1.233s] INFO:colcon.colcon_core.shell:Creating prefix script '/home/gun/FUN4/install/local_setup.ps1'
[1.235s] INFO:colcon.colcon_core.shell:Creating prefix util module '/home/gun/FUN4/install/_local_setup_util_ps1.py'
[1.237s] INFO:colcon.colcon_core.shell:Creating prefix chain script '/home/gun/FUN4/install/setup.ps1'
[1.241s] INFO:colcon.colcon_core.shell:Creating prefix script '/home/gun/FUN4/install/local_setup.sh'
[1.242s] INFO:colcon.colcon_core.shell:Creating prefix util module '/home/gun/FUN4/install/_local_setup_util_sh.py'
[1.243s] INFO:colcon.colcon_core.shell:Creating prefix chain script '/home/gun/FUN4/install/setup.sh'
[1.246s] INFO:colcon.colcon_core.shell:Creating prefix script '/home/gun/FUN4/install/local_setup.bash'
[1.247s] INFO:colcon.colcon_core.shell:Creating prefix chain script '/home/gun/FUN4/install/setup.bash'
[1.250s] INFO:colcon.colcon_core.shell:Creating prefix script '/home/gun/FUN4/install/local_setup.zsh'
[1.251s] INFO:colcon.colcon_core.shell:Creating prefix chain script '/home/gun/FUN4/install/setup.zsh'
