[100%] Built target cpp_node_test
[100%] Built target ament_cmake_python_copy_fun4_description
running egg_info
writing fun4_description.egg-info/PKG-INFO
writing dependency_links to fun4_description.egg-info/dependency_links.txt
writing top-level names to fun4_description.egg-info/top_level.txt
reading manifest file 'fun4_description.egg-info/SOURCES.txt'
writing manifest file 'fun4_description.egg-info/SOURCES.txt'
[100%] Built target ament_cmake_python_build_fun4_description_egg
-- Install configuration: ""
-- Up-to-date: /home/gun/FUN4/install/fun4_description/share/fun4_description/environment/pythonpath.sh
-- Up-to-date: /home/gun/FUN4/install/fun4_description/share/fun4_description/environment/pythonpath.dsv
-- Up-to-date: /home/gun/FUN4/install/fun4_description/local/lib/python3.10/dist-packages/fun4_description-0.0.0-py3.10.egg-info
-- Installing: /home/gun/FUN4/install/fun4_description/local/lib/python3.10/dist-packages/fun4_description-0.0.0-py3.10.egg-info/top_level.txt
-- Installing: /home/gun/FUN4/install/fun4_description/local/lib/python3.10/dist-packages/fun4_description-0.0.0-py3.10.egg-info/PKG-INFO
-- Installing: /home/gun/FUN4/install/fun4_description/local/lib/python3.10/dist-packages/fun4_description-0.0.0-py3.10.egg-info/SOURCES.txt
-- Installing: /home/gun/FUN4/install/fun4_description/local/lib/python3.10/dist-packages/fun4_description-0.0.0-py3.10.egg-info/dependency_links.txt
-- Up-to-date: /home/gun/FUN4/install/fun4_description/local/lib/python3.10/dist-packages/fun4_description
-- Up-to-date: /home/gun/FUN4/install/fun4_description/local/lib/python3.10/dist-packages/fun4_description/__init__.py
-- Up-to-date: /home/gun/FUN4/install/fun4_description/local/lib/python3.10/dist-packages/fun4_description/dummy_module.py
Listing '/home/gun/FUN4/install/fun4_description/local/lib/python3.10/dist-packages/fun4_description'...
-- Up-to-date: /home/gun/FUN4/install/fun4_description/lib/fun4_description/dummy_script.py
-- Up-to-date: /home/gun/FUN4/install/fun4_description/lib/fun4_description/joint_state_publisher.py
-- Up-to-date: /home/gun/FUN4/install/fun4_description/lib/fun4_description/random_target.py
-- Up-to-date: /home/gun/FUN4/install/fun4_description/lib/fun4_description/end_effector_pose.py
-- Up-to-date: /home/gun/FUN4/install/fun4_description/lib/fun4_description/inverse_pose_kinematics.py
-- Up-to-date: /home/gun/FUN4/install/fun4_description/lib/fun4_description/teleoperation.py
-- Up-to-date: /home/gun/FUN4/install/fun4_description/lib/fun4_description/auto.py
-- Up-to-date: /home/gun/FUN4/install/fun4_description/lib/fun4_description/main_executor.py
-- Up-to-date: /home/gun/FUN4/install/fun4_description/lib/fun4_description/cpp_node_test
-- Up-to-date: /home/gun/FUN4/install/fun4_description/share/fun4_description/config
-- Up-to-date: /home/gun/FUN4/install/fun4_description/share/fun4_description/config/display.rviz
-- Up-to-date: /home/gun/FUN4/install/fun4_description/share/fun4_description/launch
-- Up-to-date: /home/gun/FUN4/install/fun4_description/share/fun4_description/launch/fun.launch.py
-- Up-to-date: /home/gun/FUN4/install/fun4_description/share/fun4_description/launch/simple_display.launch.py
-- Up-to-date: /home/gun/FUN4/install/fun4_description/share/fun4_description/meshes
-- Up-to-date: /home/gun/FUN4/install/fun4_description/share/fun4_description/meshes/link_1.stl
-- Up-to-date: /home/gun/FUN4/install/fun4_description/share/fun4_description/meshes/link_3.stl
-- Up-to-date: /home/gun/FUN4/install/fun4_description/share/fun4_description/meshes/link_0.stl
-- Up-to-date: /home/gun/FUN4/install/fun4_description/share/fun4_description/meshes/end_effector.stl
-- Up-to-date: /home/gun/FUN4/install/fun4_description/share/fun4_description/meshes/link_2.stl
-- Up-to-date: /home/gun/FUN4/install/fun4_description/share/fun4_description/robot
-- Up-to-date: /home/gun/FUN4/install/fun4_description/share/fun4_description/robot/visual
-- Up-to-date: /home/gun/FUN4/install/fun4_description/share/fun4_description/robot/visual/my-robot.xacro
-- Up-to-date: /home/gun/FUN4/install/fun4_description/share/fun4_description/robot/visual/01-myfirst.urdf
-- Up-to-date: /home/gun/FUN4/install/fun4_description/share/ament_index/resource_index/package_run_dependencies/fun4_description
-- Up-to-date: /home/gun/FUN4/install/fun4_description/share/ament_index/resource_index/parent_prefix_path/fun4_description
-- Up-to-date: /home/gun/FUN4/install/fun4_description/share/fun4_description/environment/ament_prefix_path.sh
-- Up-to-date: /home/gun/FUN4/install/fun4_description/share/fun4_description/environment/ament_prefix_path.dsv
-- Up-to-date: /home/gun/FUN4/install/fun4_description/share/fun4_description/environment/path.sh
-- Up-to-date: /home/gun/FUN4/install/fun4_description/share/fun4_description/environment/path.dsv
-- Up-to-date: /home/gun/FUN4/install/fun4_description/share/fun4_description/local_setup.bash
-- Up-to-date: /home/gun/FUN4/install/fun4_description/share/fun4_description/local_setup.sh
-- Up-to-date: /home/gun/FUN4/install/fun4_description/share/fun4_description/local_setup.zsh
-- Up-to-date: /home/gun/FUN4/install/fun4_description/share/fun4_description/local_setup.dsv
-- Installing: /home/gun/FUN4/install/fun4_description/share/fun4_description/package.dsv
-- Up-to-date: /home/gun/FUN4/install/fun4_description/share/ament_index/resource_index/packages/fun4_description
-- Up-to-date: /home/gun/FUN4/install/fun4_description/share/fun4_description/cmake/fun4_descriptionConfig.cmake
-- Up-to-date: /home/gun/FUN4/install/fun4_description/share/fun4_description/cmake/fun4_descriptionConfig-version.cmake
-- Up-to-date: /home/gun/FUN4/install/fun4_description/share/fun4_description/package.xml
