[0.017s] Invoking command in '/home/gun/FUN4/build/fun4_description': CMAKE_PREFIX_PATH=${CMAKE_PREFIX_PATH}:/home/gun/ros2_ws/install/turtlesim_catch_them_all:/home/gun/ros2_ws/install/my_py_pkg:/home/gun/ros2_ws/install/actions_py:/opt/ros/humble /usr/bin/cmake --build /home/gun/FUN4/build/fun4_description -- -j8 -l8
[0.043s] -- Found ament_cmake: 1.3.10 (/opt/ros/humble/share/ament_cmake/cmake)
[0.203s] -- Found rclcpp: 16.0.10 (/opt/ros/humble/share/rclcpp/cmake)
[0.236s] -- Found rosidl_generator_c: 3.1.5 (/opt/ros/humble/share/rosidl_generator_c/cmake)
[0.238s] -- Found rosidl_adapter: 3.1.5 (/opt/ros/humble/share/rosidl_adapter/cmake)
[0.244s] -- Found rosidl_generator_cpp: 3.1.5 (/opt/ros/humble/share/rosidl_generator_cpp/cmake)
[0.254s] -- Using all available rosidl_typesupport_c: rosidl_typesupport_fastrtps_c;rosidl_typesupport_introspection_c
[0.267s] -- Using all available rosidl_typesupport_cpp: rosidl_typesupport_fastrtps_cpp;rosidl_typesupport_introspection_cpp
[0.299s] -- Found rmw_implementation_cmake: 6.1.2 (/opt/ros/humble/share/rmw_implementation_cmake/cmake)
[0.300s] -- Found rmw_cyclonedds_cpp: 1.3.4 (/opt/ros/humble/share/rmw_cyclonedds_cpp/cmake)
[0.317s] -- Using RMW implementation 'rmw_cyclonedds_cpp' as default
[0.363s] -- Found rclpy: 3.3.14 (/opt/ros/humble/share/rclpy/cmake)
[0.506s] -- Configuring done
[0.514s] -- Generating done
[0.516s] -- Build files have been written to: /home/gun/FUN4/build/fun4_description
[0.539s] [35m[1mConsolidate compiler generated dependencies of target cpp_node_test[0m
[0.551s] [100%] Built target cpp_node_test
[0.557s] [100%] Built target ament_cmake_python_copy_fun4_description
[0.802s] running egg_info
[0.821s] writing fun4_description.egg-info/PKG-INFO
[0.821s] writing dependency_links to fun4_description.egg-info/dependency_links.txt
[0.822s] writing top-level names to fun4_description.egg-info/top_level.txt
[0.879s] reading manifest file 'fun4_description.egg-info/SOURCES.txt'
[0.880s] writing manifest file 'fun4_description.egg-info/SOURCES.txt'
[0.910s] [100%] Built target ament_cmake_python_build_fun4_description_egg
[0.920s] Invoked command in '/home/gun/FUN4/build/fun4_description' returned '0': CMAKE_PREFIX_PATH=${CMAKE_PREFIX_PATH}:/home/gun/ros2_ws/install/turtlesim_catch_them_all:/home/gun/ros2_ws/install/my_py_pkg:/home/gun/ros2_ws/install/actions_py:/opt/ros/humble /usr/bin/cmake --build /home/gun/FUN4/build/fun4_description -- -j8 -l8
[0.946s] Invoking command in '/home/gun/FUN4/build/fun4_description': CMAKE_PREFIX_PATH=${CMAKE_PREFIX_PATH}:/home/gun/ros2_ws/install/turtlesim_catch_them_all:/home/gun/ros2_ws/install/my_py_pkg:/home/gun/ros2_ws/install/actions_py:/opt/ros/humble /usr/bin/cmake --install /home/gun/FUN4/build/fun4_description
[0.954s] -- Install configuration: ""
[0.955s] -- Up-to-date: /home/gun/FUN4/install/fun4_description/share/fun4_description/environment/pythonpath.sh
[0.955s] -- Installing: /home/gun/FUN4/install/fun4_description/share/fun4_description/environment/pythonpath.dsv
[0.955s] -- Up-to-date: /home/gun/FUN4/install/fun4_description/local/lib/python3.10/dist-packages/fun4_description-0.0.0-py3.10.egg-info
[0.955s] -- Installing: /home/gun/FUN4/install/fun4_description/local/lib/python3.10/dist-packages/fun4_description-0.0.0-py3.10.egg-info/top_level.txt
[0.955s] -- Installing: /home/gun/FUN4/install/fun4_description/local/lib/python3.10/dist-packages/fun4_description-0.0.0-py3.10.egg-info/PKG-INFO
[0.955s] -- Installing: /home/gun/FUN4/install/fun4_description/local/lib/python3.10/dist-packages/fun4_description-0.0.0-py3.10.egg-info/SOURCES.txt
[0.955s] -- Installing: /home/gun/FUN4/install/fun4_description/local/lib/python3.10/dist-packages/fun4_description-0.0.0-py3.10.egg-info/dependency_links.txt
[0.955s] -- Up-to-date: /home/gun/FUN4/install/fun4_description/local/lib/python3.10/dist-packages/fun4_description
[0.956s] -- Up-to-date: /home/gun/FUN4/install/fun4_description/local/lib/python3.10/dist-packages/fun4_description/__init__.py
[0.956s] -- Up-to-date: /home/gun/FUN4/install/fun4_description/local/lib/python3.10/dist-packages/fun4_description/dummy_module.py
[0.993s] Listing '/home/gun/FUN4/install/fun4_description/local/lib/python3.10/dist-packages/fun4_description'...
[0.997s] -- Up-to-date: /home/gun/FUN4/install/fun4_description/lib/fun4_description/dummy_script.py
[0.997s] -- Up-to-date: /home/gun/FUN4/install/fun4_description/lib/fun4_description/joint_state_publisher.py
[0.997s] -- Installing: /home/gun/FUN4/install/fun4_description/lib/fun4_description/random_target.py
[0.997s] -- Up-to-date: /home/gun/FUN4/install/fun4_description/lib/fun4_description/end_effector_pose.py
[0.997s] -- Up-to-date: /home/gun/FUN4/install/fun4_description/lib/fun4_description/inverse_pose_kinematics.py
[0.997s] -- Up-to-date: /home/gun/FUN4/install/fun4_description/lib/fun4_description/teleoperation.py
[0.997s] -- Up-to-date: /home/gun/FUN4/install/fun4_description/lib/fun4_description/auto.py
[0.997s] -- Up-to-date: /home/gun/FUN4/install/fun4_description/lib/fun4_description/main_executor.py
[0.998s] -- Installing: /home/gun/FUN4/install/fun4_description/lib/fun4_description/client_server.py
[0.998s] -- Up-to-date: /home/gun/FUN4/install/fun4_description/lib/fun4_description/cpp_node_test
[0.998s] -- Up-to-date: /home/gun/FUN4/install/fun4_description/share/fun4_description/config
[0.998s] -- Up-to-date: /home/gun/FUN4/install/fun4_description/share/fun4_description/config/display.rviz
[0.998s] -- Up-to-date: /home/gun/FUN4/install/fun4_description/share/fun4_description/launch
[0.998s] -- Installing: /home/gun/FUN4/install/fun4_description/share/fun4_description/launch/fun.launch.py
[0.998s] -- Up-to-date: /home/gun/FUN4/install/fun4_description/share/fun4_description/launch/simple_display.launch.py
[0.998s] -- Up-to-date: /home/gun/FUN4/install/fun4_description/share/fun4_description/meshes
[0.998s] -- Up-to-date: /home/gun/FUN4/install/fun4_description/share/fun4_description/meshes/link_1.stl
[0.998s] -- Up-to-date: /home/gun/FUN4/install/fun4_description/share/fun4_description/meshes/link_3.stl
[0.998s] -- Up-to-date: /home/gun/FUN4/install/fun4_description/share/fun4_description/meshes/link_0.stl
[0.998s] -- Up-to-date: /home/gun/FUN4/install/fun4_description/share/fun4_description/meshes/end_effector.stl
[0.998s] -- Up-to-date: /home/gun/FUN4/install/fun4_description/share/fun4_description/meshes/link_2.stl
[0.998s] -- Up-to-date: /home/gun/FUN4/install/fun4_description/share/fun4_description/robot
[0.999s] -- Up-to-date: /home/gun/FUN4/install/fun4_description/share/fun4_description/robot/visual
[0.999s] -- Up-to-date: /home/gun/FUN4/install/fun4_description/share/fun4_description/robot/visual/my-robot.xacro
[0.999s] -- Up-to-date: /home/gun/FUN4/install/fun4_description/share/fun4_description/robot/visual/01-myfirst.urdf
[0.999s] -- Up-to-date: /home/gun/FUN4/install/fun4_description/share/ament_index/resource_index/package_run_dependencies/fun4_description
[0.999s] -- Up-to-date: /home/gun/FUN4/install/fun4_description/share/ament_index/resource_index/parent_prefix_path/fun4_description
[0.999s] -- Up-to-date: /home/gun/FUN4/install/fun4_description/share/fun4_description/environment/ament_prefix_path.sh
[0.999s] -- Installing: /home/gun/FUN4/install/fun4_description/share/fun4_description/environment/ament_prefix_path.dsv
[0.999s] -- Up-to-date: /home/gun/FUN4/install/fun4_description/share/fun4_description/environment/path.sh
[0.999s] -- Installing: /home/gun/FUN4/install/fun4_description/share/fun4_description/environment/path.dsv
[0.999s] -- Up-to-date: /home/gun/FUN4/install/fun4_description/share/fun4_description/local_setup.bash
[0.999s] -- Up-to-date: /home/gun/FUN4/install/fun4_description/share/fun4_description/local_setup.sh
[0.999s] -- Up-to-date: /home/gun/FUN4/install/fun4_description/share/fun4_description/local_setup.zsh
[0.999s] -- Installing: /home/gun/FUN4/install/fun4_description/share/fun4_description/local_setup.dsv
[0.999s] -- Installing: /home/gun/FUN4/install/fun4_description/share/fun4_description/package.dsv
[0.999s] -- Up-to-date: /home/gun/FUN4/install/fun4_description/share/ament_index/resource_index/packages/fun4_description
[0.999s] -- Up-to-date: /home/gun/FUN4/install/fun4_description/share/fun4_description/cmake/fun4_descriptionConfig.cmake
[0.999s] -- Up-to-date: /home/gun/FUN4/install/fun4_description/share/fun4_description/cmake/fun4_descriptionConfig-version.cmake
[0.999s] -- Up-to-date: /home/gun/FUN4/install/fun4_description/share/fun4_description/package.xml
[1.000s] Invoked command in '/home/gun/FUN4/build/fun4_description' returned '0': CMAKE_PREFIX_PATH=${CMAKE_PREFIX_PATH}:/home/gun/ros2_ws/install/turtlesim_catch_them_all:/home/gun/ros2_ws/install/my_py_pkg:/home/gun/ros2_ws/install/actions_py:/opt/ros/humble /usr/bin/cmake --install /home/gun/FUN4/build/fun4_description
