[0.015s] Invoking command in '/home/gun/FUN4/build/fun4_interfaces': CMAKE_PREFIX_PATH=${CMAKE_PREFIX_PATH}:/home/gun/ros2_ws/install/turtlesim_catch_them_all:/home/gun/ros2_ws/install/my_py_pkg:/home/gun/ros2_ws/install/actions_py:/opt/ros/humble /usr/bin/cmake --build /home/gun/FUN4/build/fun4_interfaces -- -j8 -l8
[0.039s] -- Found ament_cmake: 1.3.10 (/opt/ros/humble/share/ament_cmake/cmake)
[0.177s] -- Found geometry_msgs: 4.2.4 (/opt/ros/humble/share/geometry_msgs/cmake)
[0.202s] -- Found rosidl_generator_c: 3.1.5 (/opt/ros/humble/share/rosidl_generator_c/cmake)
[0.204s] -- Found rosidl_adapter: 3.1.5 (/opt/ros/humble/share/rosidl_adapter/cmake)
[0.210s] -- Found rosidl_generator_cpp: 3.1.5 (/opt/ros/humble/share/rosidl_generator_cpp/cmake)
[0.221s] -- Using all available rosidl_typesupport_c: rosidl_typesupport_fastrtps_c;rosidl_typesupport_introspection_c
[0.233s] -- Using all available rosidl_typesupport_cpp: rosidl_typesupport_fastrtps_cpp;rosidl_typesupport_introspection_cpp
[0.268s] -- Found rosidl_default_generators: 1.2.0 (/opt/ros/humble/share/rosidl_default_generators/cmake)
[0.581s] -- Found ament_cmake_ros: 0.10.0 (/opt/ros/humble/share/ament_cmake_ros/cmake)
[0.969s] -- Using all available rosidl_typesupport_c: rosidl_typesupport_fastrtps_c;rosidl_typesupport_introspection_c
[1.121s] -- Using all available rosidl_typesupport_cpp: rosidl_typesupport_fastrtps_cpp;rosidl_typesupport_introspection_cpp
[1.141s] -- Found python_cmake_module: 0.10.0 (/opt/ros/humble/share/python_cmake_module/cmake)
[1.160s] -- Using PYTHON_EXECUTABLE: /usr/bin/python3
[1.160s] -- Using PYTHON_INCLUDE_DIRS: /usr/include/python3.10
[1.160s] -- Using PYTHON_LIBRARIES: /usr/lib/x86_64-linux-gnu/libpython3.10.so
[1.203s] -- Found ament_lint_auto: 0.12.11 (/opt/ros/humble/share/ament_lint_auto/cmake)
[1.211s] -- Added test 'lint_cmake' to check CMake code style
[1.211s] -- Added test 'xmllint' to check XML markup files
[1.213s] -- Configuring done
[1.243s] -- Generating done
[1.246s] -- Build files have been written to: /home/gun/FUN4/build/fun4_interfaces
[1.271s] [  2%] [34m[1mGenerating C code for ROS interfaces[0m
[1.281s] [  5%] [34m[1mGenerating C++ code for ROS interfaces[0m
[1.290s] [  5%] Built target ament_cmake_python_copy_fun4_interfaces
[1.529s] running egg_info
[1.548s] writing fun4_interfaces.egg-info/PKG-INFO
[1.548s] writing dependency_links to fun4_interfaces.egg-info/dependency_links.txt
[1.548s] writing top-level names to fun4_interfaces.egg-info/top_level.txt
[1.601s] reading manifest file 'fun4_interfaces.egg-info/SOURCES.txt'
[1.601s] writing manifest file 'fun4_interfaces.egg-info/SOURCES.txt'
[1.650s] [  5%] Built target ament_cmake_python_build_fun4_interfaces_egg
[1.654s] [35m[1mConsolidate compiler generated dependencies of target fun4_interfaces__rosidl_generator_c[0m
[1.660s] [  5%] Built target fun4_interfaces__cpp
[1.666s] [  7%] [32mBuilding C object CMakeFiles/fun4_interfaces__rosidl_generator_c.dir/rosidl_generator_c/fun4_interfaces/srv/detail/change_mode__functions.c.o[0m
[1.666s] [ 10%] [32mBuilding C object CMakeFiles/fun4_interfaces__rosidl_generator_c.dir/rosidl_generator_c/fun4_interfaces/srv/detail/run_auto__functions.c.o[0m
[1.670s] [ 12%] [34m[1mGenerating C++ type support for eProsima Fast-RTPS[0m
[1.671s] [ 15%] [34m[1mGenerating C++ introspection for ROS interfaces[0m
[1.672s] [ 17%] [34m[1mGenerating C++ type support dispatch for ROS interfaces[0m
[1.749s] [ 20%] [32m[1mLinking C shared library libfun4_interfaces__rosidl_generator_c.so[0m
[1.786s] [ 20%] Built target fun4_interfaces__rosidl_generator_c
[1.798s] [ 23%] [34m[1mGenerating C type support for eProsima Fast-RTPS[0m
[1.802s] [ 28%] [34m[1mGenerating C introspection for ROS interfaces[0m
[1.802s] [ 28%] [34m[1mGenerating C type support dispatch for ROS interfaces[0m
[2.035s] [35m[1mConsolidate compiler generated dependencies of target fun4_interfaces__rosidl_typesupport_fastrtps_cpp[0m
[2.052s] [ 30%] [32mBuilding CXX object CMakeFiles/fun4_interfaces__rosidl_typesupport_fastrtps_cpp.dir/rosidl_typesupport_fastrtps_cpp/fun4_interfaces/srv/detail/dds_fastrtps/change_mode__type_support.cpp.o[0m
[2.052s] [ 33%] [32mBuilding CXX object CMakeFiles/fun4_interfaces__rosidl_typesupport_fastrtps_cpp.dir/rosidl_typesupport_fastrtps_cpp/fun4_interfaces/srv/detail/dds_fastrtps/run_auto__type_support.cpp.o[0m
[2.145s] [35m[1mConsolidate compiler generated dependencies of target fun4_interfaces__rosidl_typesupport_cpp[0m
[2.161s] [ 35%] [32mBuilding CXX object CMakeFiles/fun4_interfaces__rosidl_typesupport_cpp.dir/rosidl_typesupport_cpp/fun4_interfaces/srv/change_mode__type_support.cpp.o[0m
[2.165s] [ 38%] [32mBuilding CXX object CMakeFiles/fun4_interfaces__rosidl_typesupport_cpp.dir/rosidl_typesupport_cpp/fun4_interfaces/srv/run_auto__type_support.cpp.o[0m
[2.173s] [35m[1mConsolidate compiler generated dependencies of target fun4_interfaces__rosidl_typesupport_introspection_cpp[0m
[2.194s] [ 41%] [32mBuilding CXX object CMakeFiles/fun4_interfaces__rosidl_typesupport_introspection_cpp.dir/rosidl_typesupport_introspection_cpp/fun4_interfaces/srv/detail/change_mode__type_support.cpp.o[0m
[2.241s] [35m[1mConsolidate compiler generated dependencies of target fun4_interfaces__rosidl_typesupport_fastrtps_c[0m
[2.262s] [ 43%] [32mBuilding CXX object CMakeFiles/fun4_interfaces__rosidl_typesupport_fastrtps_c.dir/rosidl_typesupport_fastrtps_c/fun4_interfaces/srv/detail/change_mode__type_support_c.cpp.o[0m
[2.287s] [35m[1mConsolidate compiler generated dependencies of target fun4_interfaces__rosidl_typesupport_c[0m
[2.302s] [ 46%] [32mBuilding CXX object CMakeFiles/fun4_interfaces__rosidl_typesupport_c.dir/rosidl_typesupport_c/fun4_interfaces/srv/change_mode__type_support.cpp.o[0m
[2.372s] [ 48%] [32mBuilding CXX object CMakeFiles/fun4_interfaces__rosidl_typesupport_c.dir/rosidl_typesupport_c/fun4_interfaces/srv/run_auto__type_support.cpp.o[0m
[2.416s] [35m[1mConsolidate compiler generated dependencies of target fun4_interfaces__rosidl_typesupport_introspection_c[0m
[2.424s] [ 51%] [32m[1mLinking CXX shared library libfun4_interfaces__rosidl_typesupport_c.so[0m
[2.435s] [ 53%] [32mBuilding C object CMakeFiles/fun4_interfaces__rosidl_typesupport_introspection_c.dir/rosidl_typesupport_introspection_c/fun4_interfaces/srv/detail/change_mode__type_support.c.o[0m
[2.497s] [ 53%] Built target fun4_interfaces__rosidl_typesupport_c
[2.504s] [ 56%] [32mBuilding C object CMakeFiles/fun4_interfaces__rosidl_typesupport_introspection_c.dir/rosidl_typesupport_introspection_c/fun4_interfaces/srv/detail/run_auto__type_support.c.o[0m
[2.513s] [ 58%] [32mBuilding CXX object CMakeFiles/fun4_interfaces__rosidl_typesupport_fastrtps_c.dir/rosidl_typesupport_fastrtps_c/fun4_interfaces/srv/detail/run_auto__type_support_c.cpp.o[0m
[2.560s] [ 61%] [32m[1mLinking C shared library libfun4_interfaces__rosidl_typesupport_introspection_c.so[0m
[2.602s] [ 64%] [32mBuilding CXX object CMakeFiles/fun4_interfaces__rosidl_typesupport_introspection_cpp.dir/rosidl_typesupport_introspection_cpp/fun4_interfaces/srv/detail/run_auto__type_support.cpp.o[0m
[2.610s] [ 64%] Built target fun4_interfaces__rosidl_typesupport_introspection_c
[2.627s] [ 66%] [32m[1mLinking CXX shared library libfun4_interfaces__rosidl_typesupport_cpp.so[0m
[2.696s] [ 66%] Built target fun4_interfaces__rosidl_typesupport_cpp
[2.765s] [ 69%] [32m[1mLinking CXX shared library libfun4_interfaces__rosidl_typesupport_fastrtps_cpp.so[0m
[2.858s] [ 69%] Built target fun4_interfaces__rosidl_typesupport_fastrtps_cpp
[2.943s] [ 71%] [32m[1mLinking CXX shared library libfun4_interfaces__rosidl_typesupport_fastrtps_c.so[0m
[3.015s] [ 74%] [32m[1mLinking CXX shared library libfun4_interfaces__rosidl_typesupport_introspection_cpp.so[0m
[3.025s] [ 74%] Built target fun4_interfaces__rosidl_typesupport_fastrtps_c
[3.091s] [ 74%] Built target fun4_interfaces__rosidl_typesupport_introspection_cpp
[3.111s] [ 74%] Built target fun4_interfaces
[3.132s] [ 76%] [34m[1mGenerating Python code for ROS interfaces[0m
[3.625s] [ 76%] Built target fun4_interfaces__py
[3.635s] [35m[1mConsolidate compiler generated dependencies of target fun4_interfaces__rosidl_generator_py[0m
[3.648s] [ 82%] [32mBuilding C object CMakeFiles/fun4_interfaces__rosidl_generator_py.dir/rosidl_generator_py/fun4_interfaces/srv/_change_mode_s.c.o[0m
[3.648s] [ 82%] [32mBuilding C object CMakeFiles/fun4_interfaces__rosidl_generator_py.dir/rosidl_generator_py/fun4_interfaces/srv/_run_auto_s.c.o[0m
[3.757s] [ 84%] [32m[1mLinking C shared library rosidl_generator_py/fun4_interfaces/libfun4_interfaces__rosidl_generator_py.so[0m
[3.796s] [ 84%] Built target fun4_interfaces__rosidl_generator_py
[3.806s] [35m[1mConsolidate compiler generated dependencies of target fun4_interfaces__rosidl_typesupport_c__pyext[0m
[3.806s] [35m[1mConsolidate compiler generated dependencies of target fun4_interfaces__rosidl_typesupport_fastrtps_c__pyext[0m
[3.806s] [35m[1mConsolidate compiler generated dependencies of target fun4_interfaces__rosidl_typesupport_introspection_c__pyext[0m
[3.818s] [ 92%] [32mBuilding C object CMakeFiles/fun4_interfaces__rosidl_typesupport_fastrtps_c__pyext.dir/rosidl_generator_py/fun4_interfaces/_fun4_interfaces_s.ep.rosidl_typesupport_fastrtps_c.c.o[0m
[3.819s] [ 92%] [32mBuilding C object CMakeFiles/fun4_interfaces__rosidl_typesupport_introspection_c__pyext.dir/rosidl_generator_py/fun4_interfaces/_fun4_interfaces_s.ep.rosidl_typesupport_introspection_c.c.o[0m
[3.819s] [ 92%] [32mBuilding C object CMakeFiles/fun4_interfaces__rosidl_typesupport_c__pyext.dir/rosidl_generator_py/fun4_interfaces/_fun4_interfaces_s.ep.rosidl_typesupport_c.c.o[0m
[3.920s] [100%] [32m[1mLinking C shared library rosidl_generator_py/fun4_interfaces/fun4_interfaces_s__rosidl_typesupport_fastrtps_c.cpython-310-x86_64-linux-gnu.so[0m
[3.920s] [100%] [32m[1mLinking C shared library rosidl_generator_py/fun4_interfaces/fun4_interfaces_s__rosidl_typesupport_c.cpython-310-x86_64-linux-gnu.so[0m
[3.920s] [100%] [32m[1mLinking C shared library rosidl_generator_py/fun4_interfaces/fun4_interfaces_s__rosidl_typesupport_introspection_c.cpython-310-x86_64-linux-gnu.so[0m
[3.960s] [100%] Built target fun4_interfaces__rosidl_typesupport_c__pyext
[3.960s] [100%] Built target fun4_interfaces__rosidl_typesupport_introspection_c__pyext
[3.960s] [100%] Built target fun4_interfaces__rosidl_typesupport_fastrtps_c__pyext
[3.971s] Invoked command in '/home/gun/FUN4/build/fun4_interfaces' returned '0': CMAKE_PREFIX_PATH=${CMAKE_PREFIX_PATH}:/home/gun/ros2_ws/install/turtlesim_catch_them_all:/home/gun/ros2_ws/install/my_py_pkg:/home/gun/ros2_ws/install/actions_py:/opt/ros/humble /usr/bin/cmake --build /home/gun/FUN4/build/fun4_interfaces -- -j8 -l8
[4.043s] Invoking command in '/home/gun/FUN4/build/fun4_interfaces': CMAKE_PREFIX_PATH=${CMAKE_PREFIX_PATH}:/home/gun/ros2_ws/install/turtlesim_catch_them_all:/home/gun/ros2_ws/install/my_py_pkg:/home/gun/ros2_ws/install/actions_py:/opt/ros/humble /usr/bin/cmake --install /home/gun/FUN4/build/fun4_interfaces
[4.051s] -- Install configuration: ""
[4.051s] -- Up-to-date: /home/gun/FUN4/install/fun4_interfaces/share/ament_index/resource_index/rosidl_interfaces/fun4_interfaces
[4.051s] -- Up-to-date: /home/gun/FUN4/install/fun4_interfaces/include/fun4_interfaces/fun4_interfaces
[4.051s] -- Up-to-date: /home/gun/FUN4/install/fun4_interfaces/include/fun4_interfaces/fun4_interfaces/srv
[4.051s] -- Up-to-date: /home/gun/FUN4/install/fun4_interfaces/include/fun4_interfaces/fun4_interfaces/srv/detail
[4.051s] -- Installing: /home/gun/FUN4/install/fun4_interfaces/include/fun4_interfaces/fun4_interfaces/srv/detail/run_auto__functions.c
[4.051s] -- Installing: /home/gun/FUN4/install/fun4_interfaces/include/fun4_interfaces/fun4_interfaces/srv/detail/change_mode__struct.h
[4.052s] -- Installing: /home/gun/FUN4/install/fun4_interfaces/include/fun4_interfaces/fun4_interfaces/srv/detail/change_mode__functions.h
[4.052s] -- Installing: /home/gun/FUN4/install/fun4_interfaces/include/fun4_interfaces/fun4_interfaces/srv/detail/change_mode__type_support.h
[4.052s] -- Installing: /home/gun/FUN4/install/fun4_interfaces/include/fun4_interfaces/fun4_interfaces/srv/detail/change_mode__functions.c
[4.052s] -- Installing: /home/gun/FUN4/install/fun4_interfaces/include/fun4_interfaces/fun4_interfaces/srv/detail/run_auto__functions.h
[4.052s] -- Installing: /home/gun/FUN4/install/fun4_interfaces/include/fun4_interfaces/fun4_interfaces/srv/detail/run_auto__struct.h
[4.052s] -- Installing: /home/gun/FUN4/install/fun4_interfaces/include/fun4_interfaces/fun4_interfaces/srv/detail/run_auto__type_support.h
[4.052s] -- Installing: /home/gun/FUN4/install/fun4_interfaces/include/fun4_interfaces/fun4_interfaces/srv/run_auto.h
[4.052s] -- Installing: /home/gun/FUN4/install/fun4_interfaces/include/fun4_interfaces/fun4_interfaces/srv/change_mode.h
[4.052s] -- Up-to-date: /home/gun/FUN4/install/fun4_interfaces/include/fun4_interfaces/fun4_interfaces/msg
[4.052s] -- Up-to-date: /home/gun/FUN4/install/fun4_interfaces/include/fun4_interfaces/fun4_interfaces/msg/rosidl_generator_c__visibility_control.h
[4.052s] -- Up-to-date: /home/gun/FUN4/install/fun4_interfaces/share/fun4_interfaces/environment/library_path.sh
[4.052s] -- Installing: /home/gun/FUN4/install/fun4_interfaces/share/fun4_interfaces/environment/library_path.dsv
[4.053s] -- Installing: /home/gun/FUN4/install/fun4_interfaces/lib/libfun4_interfaces__rosidl_generator_c.so
[4.053s] -- Set runtime path of "/home/gun/FUN4/install/fun4_interfaces/lib/libfun4_interfaces__rosidl_generator_c.so" to ""
[4.053s] -- Up-to-date: /home/gun/FUN4/install/fun4_interfaces/include/fun4_interfaces/fun4_interfaces
[4.053s] -- Up-to-date: /home/gun/FUN4/install/fun4_interfaces/include/fun4_interfaces/fun4_interfaces/srv
[4.053s] -- Up-to-date: /home/gun/FUN4/install/fun4_interfaces/include/fun4_interfaces/fun4_interfaces/srv/detail
[4.053s] -- Installing: /home/gun/FUN4/install/fun4_interfaces/include/fun4_interfaces/fun4_interfaces/srv/detail/run_auto__rosidl_typesupport_fastrtps_c.h
[4.053s] -- Installing: /home/gun/FUN4/install/fun4_interfaces/include/fun4_interfaces/fun4_interfaces/srv/detail/change_mode__rosidl_typesupport_fastrtps_c.h
[4.053s] -- Up-to-date: /home/gun/FUN4/install/fun4_interfaces/include/fun4_interfaces/fun4_interfaces/msg
[4.053s] -- Up-to-date: /home/gun/FUN4/install/fun4_interfaces/include/fun4_interfaces/fun4_interfaces/msg/rosidl_typesupport_fastrtps_c__visibility_control.h
[4.053s] -- Installing: /home/gun/FUN4/install/fun4_interfaces/lib/libfun4_interfaces__rosidl_typesupport_fastrtps_c.so
[4.053s] -- Set runtime path of "/home/gun/FUN4/install/fun4_interfaces/lib/libfun4_interfaces__rosidl_typesupport_fastrtps_c.so" to ""
[4.053s] -- Up-to-date: /home/gun/FUN4/install/fun4_interfaces/include/fun4_interfaces/fun4_interfaces
[4.054s] -- Up-to-date: /home/gun/FUN4/install/fun4_interfaces/include/fun4_interfaces/fun4_interfaces/srv
[4.054s] -- Installing: /home/gun/FUN4/install/fun4_interfaces/include/fun4_interfaces/fun4_interfaces/srv/run_auto.hpp
[4.054s] -- Up-to-date: /home/gun/FUN4/install/fun4_interfaces/include/fun4_interfaces/fun4_interfaces/srv/detail
[4.054s] -- Installing: /home/gun/FUN4/install/fun4_interfaces/include/fun4_interfaces/fun4_interfaces/srv/detail/run_auto__builder.hpp
[4.054s] -- Installing: /home/gun/FUN4/install/fun4_interfaces/include/fun4_interfaces/fun4_interfaces/srv/detail/change_mode__traits.hpp
[4.054s] -- Installing: /home/gun/FUN4/install/fun4_interfaces/include/fun4_interfaces/fun4_interfaces/srv/detail/run_auto__traits.hpp
[4.054s] -- Installing: /home/gun/FUN4/install/fun4_interfaces/include/fun4_interfaces/fun4_interfaces/srv/detail/run_auto__struct.hpp
[4.054s] -- Installing: /home/gun/FUN4/install/fun4_interfaces/include/fun4_interfaces/fun4_interfaces/srv/detail/change_mode__struct.hpp
[4.054s] -- Installing: /home/gun/FUN4/install/fun4_interfaces/include/fun4_interfaces/fun4_interfaces/srv/detail/change_mode__builder.hpp
[4.054s] -- Installing: /home/gun/FUN4/install/fun4_interfaces/include/fun4_interfaces/fun4_interfaces/srv/change_mode.hpp
[4.054s] -- Up-to-date: /home/gun/FUN4/install/fun4_interfaces/include/fun4_interfaces/fun4_interfaces
[4.054s] -- Up-to-date: /home/gun/FUN4/install/fun4_interfaces/include/fun4_interfaces/fun4_interfaces/srv
[4.054s] -- Up-to-date: /home/gun/FUN4/install/fun4_interfaces/include/fun4_interfaces/fun4_interfaces/srv/detail
[4.055s] -- Installing: /home/gun/FUN4/install/fun4_interfaces/include/fun4_interfaces/fun4_interfaces/srv/detail/change_mode__rosidl_typesupport_fastrtps_cpp.hpp
[4.055s] -- Up-to-date: /home/gun/FUN4/install/fun4_interfaces/include/fun4_interfaces/fun4_interfaces/srv/detail/dds_fastrtps
[4.055s] -- Installing: /home/gun/FUN4/install/fun4_interfaces/include/fun4_interfaces/fun4_interfaces/srv/detail/run_auto__rosidl_typesupport_fastrtps_cpp.hpp
[4.055s] -- Up-to-date: /home/gun/FUN4/install/fun4_interfaces/include/fun4_interfaces/fun4_interfaces/msg
[4.055s] -- Up-to-date: /home/gun/FUN4/install/fun4_interfaces/include/fun4_interfaces/fun4_interfaces/msg/rosidl_typesupport_fastrtps_cpp__visibility_control.h
[4.055s] -- Installing: /home/gun/FUN4/install/fun4_interfaces/lib/libfun4_interfaces__rosidl_typesupport_fastrtps_cpp.so
[4.055s] -- Set runtime path of "/home/gun/FUN4/install/fun4_interfaces/lib/libfun4_interfaces__rosidl_typesupport_fastrtps_cpp.so" to ""
[4.055s] -- Up-to-date: /home/gun/FUN4/install/fun4_interfaces/include/fun4_interfaces/fun4_interfaces
[4.055s] -- Up-to-date: /home/gun/FUN4/install/fun4_interfaces/include/fun4_interfaces/fun4_interfaces/srv
[4.055s] -- Up-to-date: /home/gun/FUN4/install/fun4_interfaces/include/fun4_interfaces/fun4_interfaces/srv/detail
[4.055s] -- Installing: /home/gun/FUN4/install/fun4_interfaces/include/fun4_interfaces/fun4_interfaces/srv/detail/run_auto__type_support.c
[4.055s] -- Installing: /home/gun/FUN4/install/fun4_interfaces/include/fun4_interfaces/fun4_interfaces/srv/detail/run_auto__rosidl_typesupport_introspection_c.h
[4.055s] -- Installing: /home/gun/FUN4/install/fun4_interfaces/include/fun4_interfaces/fun4_interfaces/srv/detail/change_mode__type_support.c
[4.055s] -- Installing: /home/gun/FUN4/install/fun4_interfaces/include/fun4_interfaces/fun4_interfaces/srv/detail/change_mode__rosidl_typesupport_introspection_c.h
[4.056s] -- Up-to-date: /home/gun/FUN4/install/fun4_interfaces/include/fun4_interfaces/fun4_interfaces/msg
[4.056s] -- Up-to-date: /home/gun/FUN4/install/fun4_interfaces/include/fun4_interfaces/fun4_interfaces/msg/rosidl_typesupport_introspection_c__visibility_control.h
[4.056s] -- Installing: /home/gun/FUN4/install/fun4_interfaces/lib/libfun4_interfaces__rosidl_typesupport_introspection_c.so
[4.056s] -- Set runtime path of "/home/gun/FUN4/install/fun4_interfaces/lib/libfun4_interfaces__rosidl_typesupport_introspection_c.so" to ""
[4.056s] -- Installing: /home/gun/FUN4/install/fun4_interfaces/lib/libfun4_interfaces__rosidl_typesupport_c.so
[4.056s] -- Set runtime path of "/home/gun/FUN4/install/fun4_interfaces/lib/libfun4_interfaces__rosidl_typesupport_c.so" to ""
[4.056s] -- Up-to-date: /home/gun/FUN4/install/fun4_interfaces/include/fun4_interfaces/fun4_interfaces
[4.056s] -- Up-to-date: /home/gun/FUN4/install/fun4_interfaces/include/fun4_interfaces/fun4_interfaces/srv
[4.056s] -- Up-to-date: /home/gun/FUN4/install/fun4_interfaces/include/fun4_interfaces/fun4_interfaces/srv/detail
[4.057s] -- Installing: /home/gun/FUN4/install/fun4_interfaces/include/fun4_interfaces/fun4_interfaces/srv/detail/change_mode__rosidl_typesupport_introspection_cpp.hpp
[4.057s] -- Installing: /home/gun/FUN4/install/fun4_interfaces/include/fun4_interfaces/fun4_interfaces/srv/detail/run_auto__rosidl_typesupport_introspection_cpp.hpp
[4.057s] -- Installing: /home/gun/FUN4/install/fun4_interfaces/include/fun4_interfaces/fun4_interfaces/srv/detail/change_mode__type_support.cpp
[4.057s] -- Installing: /home/gun/FUN4/install/fun4_interfaces/include/fun4_interfaces/fun4_interfaces/srv/detail/run_auto__type_support.cpp
[4.057s] -- Installing: /home/gun/FUN4/install/fun4_interfaces/lib/libfun4_interfaces__rosidl_typesupport_introspection_cpp.so
[4.057s] -- Set runtime path of "/home/gun/FUN4/install/fun4_interfaces/lib/libfun4_interfaces__rosidl_typesupport_introspection_cpp.so" to ""
[4.057s] -- Installing: /home/gun/FUN4/install/fun4_interfaces/lib/libfun4_interfaces__rosidl_typesupport_cpp.so
[4.057s] -- Set runtime path of "/home/gun/FUN4/install/fun4_interfaces/lib/libfun4_interfaces__rosidl_typesupport_cpp.so" to ""
[4.057s] -- Up-to-date: /home/gun/FUN4/install/fun4_interfaces/share/fun4_interfaces/environment/pythonpath.sh
[4.058s] -- Installing: /home/gun/FUN4/install/fun4_interfaces/share/fun4_interfaces/environment/pythonpath.dsv
[4.058s] -- Up-to-date: /home/gun/FUN4/install/fun4_interfaces/local/lib/python3.10/dist-packages/fun4_interfaces-0.0.0-py3.10.egg-info
[4.058s] -- Installing: /home/gun/FUN4/install/fun4_interfaces/local/lib/python3.10/dist-packages/fun4_interfaces-0.0.0-py3.10.egg-info/top_level.txt
[4.058s] -- Installing: /home/gun/FUN4/install/fun4_interfaces/local/lib/python3.10/dist-packages/fun4_interfaces-0.0.0-py3.10.egg-info/PKG-INFO
[4.058s] -- Installing: /home/gun/FUN4/install/fun4_interfaces/local/lib/python3.10/dist-packages/fun4_interfaces-0.0.0-py3.10.egg-info/SOURCES.txt
[4.058s] -- Installing: /home/gun/FUN4/install/fun4_interfaces/local/lib/python3.10/dist-packages/fun4_interfaces-0.0.0-py3.10.egg-info/dependency_links.txt
[4.058s] -- Up-to-date: /home/gun/FUN4/install/fun4_interfaces/local/lib/python3.10/dist-packages/fun4_interfaces
[4.058s] -- Installing: /home/gun/FUN4/install/fun4_interfaces/local/lib/python3.10/dist-packages/fun4_interfaces/_fun4_interfaces_s.ep.rosidl_typesupport_introspection_c.c
[4.058s] -- Installing: /home/gun/FUN4/install/fun4_interfaces/local/lib/python3.10/dist-packages/fun4_interfaces/libfun4_interfaces__rosidl_generator_py.so
[4.058s] -- Installing: /home/gun/FUN4/install/fun4_interfaces/local/lib/python3.10/dist-packages/fun4_interfaces/__init__.py
[4.058s] -- Installing: /home/gun/FUN4/install/fun4_interfaces/local/lib/python3.10/dist-packages/fun4_interfaces/fun4_interfaces_s__rosidl_typesupport_fastrtps_c.cpython-310-x86_64-linux-gnu.so
[4.058s] -- Up-to-date: /home/gun/FUN4/install/fun4_interfaces/local/lib/python3.10/dist-packages/fun4_interfaces/srv
[4.059s] -- Installing: /home/gun/FUN4/install/fun4_interfaces/local/lib/python3.10/dist-packages/fun4_interfaces/srv/_run_auto.py
[4.059s] -- Installing: /home/gun/FUN4/install/fun4_interfaces/local/lib/python3.10/dist-packages/fun4_interfaces/srv/__init__.py
[4.059s] -- Installing: /home/gun/FUN4/install/fun4_interfaces/local/lib/python3.10/dist-packages/fun4_interfaces/srv/_run_auto_s.c
[4.059s] -- Installing: /home/gun/FUN4/install/fun4_interfaces/local/lib/python3.10/dist-packages/fun4_interfaces/srv/_change_mode.py
[4.059s] -- Installing: /home/gun/FUN4/install/fun4_interfaces/local/lib/python3.10/dist-packages/fun4_interfaces/srv/_change_mode_s.c
[4.059s] -- Installing: /home/gun/FUN4/install/fun4_interfaces/local/lib/python3.10/dist-packages/fun4_interfaces/fun4_interfaces_s__rosidl_typesupport_c.cpython-310-x86_64-linux-gnu.so
[4.059s] -- Installing: /home/gun/FUN4/install/fun4_interfaces/local/lib/python3.10/dist-packages/fun4_interfaces/_fun4_interfaces_s.ep.rosidl_typesupport_c.c
[4.059s] -- Installing: /home/gun/FUN4/install/fun4_interfaces/local/lib/python3.10/dist-packages/fun4_interfaces/_fun4_interfaces_s.ep.rosidl_typesupport_fastrtps_c.c
[4.059s] -- Installing: /home/gun/FUN4/install/fun4_interfaces/local/lib/python3.10/dist-packages/fun4_interfaces/fun4_interfaces_s__rosidl_typesupport_introspection_c.cpython-310-x86_64-linux-gnu.so
[4.102s] Listing '/home/gun/FUN4/install/fun4_interfaces/local/lib/python3.10/dist-packages/fun4_interfaces'...
[4.102s] Compiling '/home/gun/FUN4/install/fun4_interfaces/local/lib/python3.10/dist-packages/fun4_interfaces/__init__.py'...
[4.102s] Listing '/home/gun/FUN4/install/fun4_interfaces/local/lib/python3.10/dist-packages/fun4_interfaces/srv'...
[4.102s] Compiling '/home/gun/FUN4/install/fun4_interfaces/local/lib/python3.10/dist-packages/fun4_interfaces/srv/__init__.py'...
[4.102s] Compiling '/home/gun/FUN4/install/fun4_interfaces/local/lib/python3.10/dist-packages/fun4_interfaces/srv/_change_mode.py'...
[4.102s] Compiling '/home/gun/FUN4/install/fun4_interfaces/local/lib/python3.10/dist-packages/fun4_interfaces/srv/_run_auto.py'...
[4.106s] -- Installing: /home/gun/FUN4/install/fun4_interfaces/local/lib/python3.10/dist-packages/fun4_interfaces/fun4_interfaces_s__rosidl_typesupport_fastrtps_c.cpython-310-x86_64-linux-gnu.so
[4.107s] -- Set runtime path of "/home/gun/FUN4/install/fun4_interfaces/local/lib/python3.10/dist-packages/fun4_interfaces/fun4_interfaces_s__rosidl_typesupport_fastrtps_c.cpython-310-x86_64-linux-gnu.so" to ""
[4.107s] -- Installing: /home/gun/FUN4/install/fun4_interfaces/local/lib/python3.10/dist-packages/fun4_interfaces/fun4_interfaces_s__rosidl_typesupport_introspection_c.cpython-310-x86_64-linux-gnu.so
[4.107s] -- Set runtime path of "/home/gun/FUN4/install/fun4_interfaces/local/lib/python3.10/dist-packages/fun4_interfaces/fun4_interfaces_s__rosidl_typesupport_introspection_c.cpython-310-x86_64-linux-gnu.so" to ""
[4.107s] -- Installing: /home/gun/FUN4/install/fun4_interfaces/local/lib/python3.10/dist-packages/fun4_interfaces/fun4_interfaces_s__rosidl_typesupport_c.cpython-310-x86_64-linux-gnu.so
[4.107s] -- Set runtime path of "/home/gun/FUN4/install/fun4_interfaces/local/lib/python3.10/dist-packages/fun4_interfaces/fun4_interfaces_s__rosidl_typesupport_c.cpython-310-x86_64-linux-gnu.so" to ""
[4.107s] -- Installing: /home/gun/FUN4/install/fun4_interfaces/lib/libfun4_interfaces__rosidl_generator_py.so
[4.108s] -- Set runtime path of "/home/gun/FUN4/install/fun4_interfaces/lib/libfun4_interfaces__rosidl_generator_py.so" to ""
[4.108s] -- Installing: /home/gun/FUN4/install/fun4_interfaces/share/fun4_interfaces/srv/ChangeMode.idl
[4.108s] -- Up-to-date: /home/gun/FUN4/install/fun4_interfaces/share/fun4_interfaces/srv/RunAuto.idl
[4.108s] -- Installing: /home/gun/FUN4/install/fun4_interfaces/share/fun4_interfaces/srv/ChangeMode.srv
[4.108s] -- Up-to-date: /home/gun/FUN4/install/fun4_interfaces/share/fun4_interfaces/srv/ChangeMode_Request.msg
[4.108s] -- Installing: /home/gun/FUN4/install/fun4_interfaces/share/fun4_interfaces/srv/ChangeMode_Response.msg
[4.108s] -- Up-to-date: /home/gun/FUN4/install/fun4_interfaces/share/fun4_interfaces/srv/RunAuto.srv
[4.108s] -- Up-to-date: /home/gun/FUN4/install/fun4_interfaces/share/fun4_interfaces/srv/RunAuto_Request.msg
[4.108s] -- Up-to-date: /home/gun/FUN4/install/fun4_interfaces/share/fun4_interfaces/srv/RunAuto_Response.msg
[4.108s] -- Up-to-date: /home/gun/FUN4/install/fun4_interfaces/share/ament_index/resource_index/package_run_dependencies/fun4_interfaces
[4.108s] -- Up-to-date: /home/gun/FUN4/install/fun4_interfaces/share/ament_index/resource_index/parent_prefix_path/fun4_interfaces
[4.108s] -- Up-to-date: /home/gun/FUN4/install/fun4_interfaces/share/fun4_interfaces/environment/ament_prefix_path.sh
[4.109s] -- Installing: /home/gun/FUN4/install/fun4_interfaces/share/fun4_interfaces/environment/ament_prefix_path.dsv
[4.109s] -- Up-to-date: /home/gun/FUN4/install/fun4_interfaces/share/fun4_interfaces/environment/path.sh
[4.109s] -- Installing: /home/gun/FUN4/install/fun4_interfaces/share/fun4_interfaces/environment/path.dsv
[4.109s] -- Up-to-date: /home/gun/FUN4/install/fun4_interfaces/share/fun4_interfaces/local_setup.bash
[4.109s] -- Up-to-date: /home/gun/FUN4/install/fun4_interfaces/share/fun4_interfaces/local_setup.sh
[4.109s] -- Up-to-date: /home/gun/FUN4/install/fun4_interfaces/share/fun4_interfaces/local_setup.zsh
[4.109s] -- Installing: /home/gun/FUN4/install/fun4_interfaces/share/fun4_interfaces/local_setup.dsv
[4.109s] -- Installing: /home/gun/FUN4/install/fun4_interfaces/share/fun4_interfaces/package.dsv
[4.109s] -- Up-to-date: /home/gun/FUN4/install/fun4_interfaces/share/ament_index/resource_index/packages/fun4_interfaces
[4.109s] -- Up-to-date: /home/gun/FUN4/install/fun4_interfaces/share/fun4_interfaces/cmake/export_fun4_interfaces__rosidl_generator_cExport.cmake
[4.109s] -- Up-to-date: /home/gun/FUN4/install/fun4_interfaces/share/fun4_interfaces/cmake/export_fun4_interfaces__rosidl_generator_cExport-noconfig.cmake
[4.109s] -- Up-to-date: /home/gun/FUN4/install/fun4_interfaces/share/fun4_interfaces/cmake/export_fun4_interfaces__rosidl_typesupport_fastrtps_cExport.cmake
[4.109s] -- Up-to-date: /home/gun/FUN4/install/fun4_interfaces/share/fun4_interfaces/cmake/export_fun4_interfaces__rosidl_typesupport_fastrtps_cExport-noconfig.cmake
[4.109s] -- Up-to-date: /home/gun/FUN4/install/fun4_interfaces/share/fun4_interfaces/cmake/export_fun4_interfaces__rosidl_generator_cppExport.cmake
[4.110s] -- Up-to-date: /home/gun/FUN4/install/fun4_interfaces/share/fun4_interfaces/cmake/export_fun4_interfaces__rosidl_typesupport_fastrtps_cppExport.cmake
[4.110s] -- Up-to-date: /home/gun/FUN4/install/fun4_interfaces/share/fun4_interfaces/cmake/export_fun4_interfaces__rosidl_typesupport_fastrtps_cppExport-noconfig.cmake
[4.110s] -- Up-to-date: /home/gun/FUN4/install/fun4_interfaces/share/fun4_interfaces/cmake/fun4_interfaces__rosidl_typesupport_introspection_cExport.cmake
[4.110s] -- Up-to-date: /home/gun/FUN4/install/fun4_interfaces/share/fun4_interfaces/cmake/fun4_interfaces__rosidl_typesupport_introspection_cExport-noconfig.cmake
[4.110s] -- Up-to-date: /home/gun/FUN4/install/fun4_interfaces/share/fun4_interfaces/cmake/fun4_interfaces__rosidl_typesupport_cExport.cmake
[4.110s] -- Up-to-date: /home/gun/FUN4/install/fun4_interfaces/share/fun4_interfaces/cmake/fun4_interfaces__rosidl_typesupport_cExport-noconfig.cmake
[4.110s] -- Up-to-date: /home/gun/FUN4/install/fun4_interfaces/share/fun4_interfaces/cmake/fun4_interfaces__rosidl_typesupport_introspection_cppExport.cmake
[4.110s] -- Up-to-date: /home/gun/FUN4/install/fun4_interfaces/share/fun4_interfaces/cmake/fun4_interfaces__rosidl_typesupport_introspection_cppExport-noconfig.cmake
[4.110s] -- Up-to-date: /home/gun/FUN4/install/fun4_interfaces/share/fun4_interfaces/cmake/fun4_interfaces__rosidl_typesupport_cppExport.cmake
[4.110s] -- Up-to-date: /home/gun/FUN4/install/fun4_interfaces/share/fun4_interfaces/cmake/fun4_interfaces__rosidl_typesupport_cppExport-noconfig.cmake
[4.110s] -- Up-to-date: /home/gun/FUN4/install/fun4_interfaces/share/fun4_interfaces/cmake/export_fun4_interfaces__rosidl_generator_pyExport.cmake
[4.110s] -- Up-to-date: /home/gun/FUN4/install/fun4_interfaces/share/fun4_interfaces/cmake/export_fun4_interfaces__rosidl_generator_pyExport-noconfig.cmake
[4.110s] -- Up-to-date: /home/gun/FUN4/install/fun4_interfaces/share/fun4_interfaces/cmake/rosidl_cmake-extras.cmake
[4.110s] -- Up-to-date: /home/gun/FUN4/install/fun4_interfaces/share/fun4_interfaces/cmake/ament_cmake_export_dependencies-extras.cmake
[4.110s] -- Up-to-date: /home/gun/FUN4/install/fun4_interfaces/share/fun4_interfaces/cmake/ament_cmake_export_include_directories-extras.cmake
[4.110s] -- Up-to-date: /home/gun/FUN4/install/fun4_interfaces/share/fun4_interfaces/cmake/ament_cmake_export_libraries-extras.cmake
[4.111s] -- Up-to-date: /home/gun/FUN4/install/fun4_interfaces/share/fun4_interfaces/cmake/ament_cmake_export_targets-extras.cmake
[4.111s] -- Up-to-date: /home/gun/FUN4/install/fun4_interfaces/share/fun4_interfaces/cmake/rosidl_cmake_export_typesupport_targets-extras.cmake
[4.111s] -- Up-to-date: /home/gun/FUN4/install/fun4_interfaces/share/fun4_interfaces/cmake/rosidl_cmake_export_typesupport_libraries-extras.cmake
[4.111s] -- Up-to-date: /home/gun/FUN4/install/fun4_interfaces/share/fun4_interfaces/cmake/fun4_interfacesConfig.cmake
[4.111s] -- Up-to-date: /home/gun/FUN4/install/fun4_interfaces/share/fun4_interfaces/cmake/fun4_interfacesConfig-version.cmake
[4.111s] -- Up-to-date: /home/gun/FUN4/install/fun4_interfaces/share/fun4_interfaces/package.xml
[4.112s] Invoked command in '/home/gun/FUN4/build/fun4_interfaces' returned '0': CMAKE_PREFIX_PATH=${CMAKE_PREFIX_PATH}:/home/gun/ros2_ws/install/turtlesim_catch_them_all:/home/gun/ros2_ws/install/my_py_pkg:/home/gun/ros2_ws/install/actions_py:/opt/ros/humble /usr/bin/cmake --install /home/gun/FUN4/build/fun4_interfaces
